[2018-09-25 19:37:30] [ERROR] [xin.toheart.door.aspect.TimeCostAspect:40]-- error
[2018-09-25 19:37:30] [ERROR] [org.apache.catalina.core.ContainerBase.[Tomcat].[localhost].[/].[dispatcherServlet]:182]-- Servlet.service() for servlet [dispatcherServlet] in context with path [] threw exception [Request processing failed; nested exception is com.alibaba.fastjson.JSONException: syntax error, pos 1, json : <!DOCTYPE html>


<html lang="zh-cn">
<head>
    <!-- @fragment_top Start-->
<meta charset="UTF-8">
<meta http-equiv="content-type" content="text/html; charset=utf-8" />
<title>QQ帐号安全登录</title>
<meta name="keywords" content="QQ互联、QQ登录、安全登录、网站接入、腾讯开放平台">
<meta name="description" content="接入QQ互联，可实现与腾讯各项服务的无缝连接，安全帐号登录体系，用户动态同步腾讯各社交平台，调用腾讯公司各业务服务。">
<meta name="copyright" content="Tencent" >
<meta name="author" content="rtx://tencent/sng/yuanyan" >
<link rel="Shortcut Icon" href="https://imgcache.qq.com/qzone/openapi/favicon.ico?t=20130219" type="image/x-icon">
<link rel="icon" href="https://imgcache.qq.com/qzone/openapi/favicon.ico?t=20130219" type="image/x-icon">
<link href="https://imgcache.qq.com/open/connect/widget/pc/login/qlogin_v2.min.css?max_age=2592000&v=20140818" rel="stylesheet">
<script type="text/javascript">
    window.__start = +new Date();
    
    document.domain = 'qq.com'; // todo 这里为什么要跨域
    var _speedTiming = [+new Date];
    (function error(monitorId){
        var BID = 130;
        var errorTransport = null;
        var monitorTransport = null;
        window.onerror = function(errorMsg, url, lineNumber) {
            var bid = 'bid=' + BID;
            var mid = '';
            var msg = 'msg=' + encodeURIComponent([errorMsg, url, lineNumber, navigator.userAgent].join("|_|"));
            var src = 'https://badjs.qq.com/cgi-bin/js_report?'+ [bid,mid,msg].join("&");
            errorTransport = new Image;
            errorTransport.onerror = errorTransport.onload = function(){
                errorTransport = errorTransport.onerror = errorTransport.onload = null ;
            };
            // errorTransport.src = src;
            monitorTransport = new Image;
            monitorTransport.onerror = monitorTransport.onload = function(){
                monitorTransport = monitorTransport.onerror = monitorTransport.onload = null ;
            };
            // monitorTransport.src = "http://cgi.connect.qq.com/report/report_vm?monitors=" +"["+monitorId+"]";

          var img = document.createElement('img');
          var url = 'https://graph.qq.com/oauth2.0/report?';
          var data = {
            attr_id: 2775276,
            uls: 'Script Error: ' + errorMsg + ', line:' + lineNumber + ', url:' + location.href + ' referer:' + document.referrer,
            content_type: 0,
            client_id: Q.getParameter('client_id')
          }
          for(var key in data){
            if(url[url.length - 1] != '?')
              url += '&';
            url += key + '=' + encodeURIComponent(data[key]);
          }
          img.src = url;
        };
    })(302299);
</script>
<!-- @fragment_top End -->

</head>
<body style="overflow-x: hidden;">

<div class="page_accredit page_error">
    <!-- @header Start-->
<div class="lay_top">
    <div class="lay_top_inner">
        <h1 class="logo text_hide">QQ登录</h1>
        <div class="lat_top_other">
            <a href="http://connect.qq.com" target="_blank" title="什么是QQ登录"><i class="icon_help_white"></i>QQ登录</a>
            <span class="line">|</span>
            <a href="http://connect.qq.com/toc/auth_manager?from=auth" id="auth_manager_link" target="_blank" title="登录授权管理">授权管理</a>
            <span class="line">|</span>
            <a href="http://connect.qq.com/manage" target="_blank" title="申请接入">申请接入</a>
        </div>
    </div>
</div>
<!-- @header End -->


    <div class="lay_main lay_main_single">
        <div class="lay_login_warn">
            <div class="fn_login_warn">
                
                <!-- 以下对错误码为100008的情况单独处理 -->
                <p><span class="warn_txt">
                    
                    redirect uri is illegal(100010)
                    
                    </span></p>
                
                <p class="warn_tips"></p>
                
                <p class="warn_tips">
                    

		    <a id="notice" href="http://wiki.connect.qq.com/%E4%BA%92%E8%81%94%E5%8A%A0%E5%BC%BA%E7%BD%91%E7%AB%99%E5%BA%94%E7%94%A8%E5%9B%9E%E8%B0%83%E5%9C%B0%E5%9D%80%E6%A0%A1%E9%AA%8C%E9%80%9A%E7%9F%A5" target="_blank" style="color:red;">通知: QQ互联加强网站应用回调地址校验</a>
			<p></p>
                    <a id="feed_back_link_err" href="http://support.qq.com/write.shtml?fid=780" target="_blank">点此报错</a>
                    <span>&nbsp;&nbsp;&nbsp;&nbsp;</span>
                    <a id="feed_back_link_err" href="http://wiki.connect.qq.com/%E5%9B%9E%E8%B0%83%E5%9C%B0%E5%9D%80%E5%B8%B8%E8%A7%81%E9%97%AE%E9%A2%98%E5%8F%8A%E4%BF%AE%E6%94%B9%E6%96%B9%E6%B3%95" target="_blank">解决方案</a>
                    
                    <span>&nbsp;</span>
                    
                </p>

            </div>
        </div>
    </div>

    <!-- @footer Start-->
<div class="lay_footer">
    <div class="lay_footer_inner">
        <div class="lay_footer_r">
            <a href="http://zc.qq.com/chs/index.html" title="注册QQ号" target="_blank">注册QQ号</a>
            <a href="http://support.qq.com/write.shtml?fid=780" target="_blank" title="反馈意见" id="feed_back_link">反馈意见</a>
        </div>
    </div>
</div>
<!-- @footer End -->

</div>
<!--@fragment_bottom Start-->
<script src="https://imgcache.qq.com/c/=/open/connect/widget/pc/login/pt_adapt.js,qlogin_v2.js?v=20140527" charset="UTF-8"></script>
<script>
    document.write('<script src="https://tajs.qq.com/stats?sId=52725868" charset="UTF-8"><\/script>');
</script>
<!--@fragment_bottom End -->

<script>
    // PC错误页曝光量
    Q.monitor(302300);
    // support论坛逻辑
    var feed_back_link = document.getElementById("feed_back_link_err");
    var dmRe = /http:\/\/([^/]*)\/?/i;
    window.crtDomain = 'http://toheart.xin' || (Q.getParameter && Q.getParameter("redirect_uri"));
    var errcode = '100010';
    var dmHost = window.crtDomain.match(dmRe);
    if(feed_back_link) {
        feed_back_link.href += ("&SSTAG="+encodeURIComponent((dmHost&&dmHost[1])+".errorcode"+errcode));
    }

    var t = +new Date() - Q.getParameter('auth_time');

    // 授权失败
    Q.mta('LoginFailed', {Appid: Q.appid, Ext1: Q.getParameter('error')});

    // mm上报注册
    var uin = Q.getCookie('uin') || 0;
    if (uin && (/^o([0-9]+)$/).test(uin)) uin = parseFloat(RegExp.$1);

    Q.mm.init(1000128, uin, 'QC_WEB');
    Q.mm.report(Q.cgi, Q.getParameter('error'), t);
</script>
</body>
</html>
] with root cause
com.alibaba.fastjson.JSONException: syntax error, pos 1, json : <!DOCTYPE html>


<html lang="zh-cn">
<head>
    <!-- @fragment_top Start-->
<meta charset="UTF-8">
<meta http-equiv="content-type" content="text/html; charset=utf-8" />
<title>QQ帐号安全登录</title>
<meta name="keywords" content="QQ互联、QQ登录、安全登录、网站接入、腾讯开放平台">
<meta name="description" content="接入QQ互联，可实现与腾讯各项服务的无缝连接，安全帐号登录体系，用户动态同步腾讯各社交平台，调用腾讯公司各业务服务。">
<meta name="copyright" content="Tencent" >
<meta name="author" content="rtx://tencent/sng/yuanyan" >
<link rel="Shortcut Icon" href="https://imgcache.qq.com/qzone/openapi/favicon.ico?t=20130219" type="image/x-icon">
<link rel="icon" href="https://imgcache.qq.com/qzone/openapi/favicon.ico?t=20130219" type="image/x-icon">
<link href="https://imgcache.qq.com/open/connect/widget/pc/login/qlogin_v2.min.css?max_age=2592000&v=20140818" rel="stylesheet">
<script type="text/javascript">
    window.__start = +new Date();
    
    document.domain = 'qq.com'; // todo 这里为什么要跨域
    var _speedTiming = [+new Date];
    (function error(monitorId){
        var BID = 130;
        var errorTransport = null;
        var monitorTransport = null;
        window.onerror = function(errorMsg, url, lineNumber) {
            var bid = 'bid=' + BID;
            var mid = '';
            var msg = 'msg=' + encodeURIComponent([errorMsg, url, lineNumber, navigator.userAgent].join("|_|"));
            var src = 'https://badjs.qq.com/cgi-bin/js_report?'+ [bid,mid,msg].join("&");
            errorTransport = new Image;
            errorTransport.onerror = errorTransport.onload = function(){
                errorTransport = errorTransport.onerror = errorTransport.onload = null ;
            };
            // errorTransport.src = src;
            monitorTransport = new Image;
            monitorTransport.onerror = monitorTransport.onload = function(){
                monitorTransport = monitorTransport.onerror = monitorTransport.onload = null ;
            };
            // monitorTransport.src = "http://cgi.connect.qq.com/report/report_vm?monitors=" +"["+monitorId+"]";

          var img = document.createElement('img');
          var url = 'https://graph.qq.com/oauth2.0/report?';
          var data = {
            attr_id: 2775276,
            uls: 'Script Error: ' + errorMsg + ', line:' + lineNumber + ', url:' + location.href + ' referer:' + document.referrer,
            content_type: 0,
            client_id: Q.getParameter('client_id')
          }
          for(var key in data){
            if(url[url.length - 1] != '?')
              url += '&';
            url += key + '=' + encodeURIComponent(data[key]);
          }
          img.src = url;
        };
    })(302299);
</script>
<!-- @fragment_top End -->

</head>
<body style="overflow-x: hidden;">

<div class="page_accredit page_error">
    <!-- @header Start-->
<div class="lay_top">
    <div class="lay_top_inner">
        <h1 class="logo text_hide">QQ登录</h1>
        <div class="lat_top_other">
            <a href="http://connect.qq.com" target="_blank" title="什么是QQ登录"><i class="icon_help_white"></i>QQ登录</a>
            <span class="line">|</span>
            <a href="http://connect.qq.com/toc/auth_manager?from=auth" id="auth_manager_link" target="_blank" title="登录授权管理">授权管理</a>
            <span class="line">|</span>
            <a href="http://connect.qq.com/manage" target="_blank" title="申请接入">申请接入</a>
        </div>
    </div>
</div>
<!-- @header End -->


    <div class="lay_main lay_main_single">
        <div class="lay_login_warn">
            <div class="fn_login_warn">
                
                <!-- 以下对错误码为100008的情况单独处理 -->
                <p><span class="warn_txt">
                    
                    redirect uri is illegal(100010)
                    
                    </span></p>
                
                <p class="warn_tips"></p>
                
                <p class="warn_tips">
                    

		    <a id="notice" href="http://wiki.connect.qq.com/%E4%BA%92%E8%81%94%E5%8A%A0%E5%BC%BA%E7%BD%91%E7%AB%99%E5%BA%94%E7%94%A8%E5%9B%9E%E8%B0%83%E5%9C%B0%E5%9D%80%E6%A0%A1%E9%AA%8C%E9%80%9A%E7%9F%A5" target="_blank" style="color:red;">通知: QQ互联加强网站应用回调地址校验</a>
			<p></p>
                    <a id="feed_back_link_err" href="http://support.qq.com/write.shtml?fid=780" target="_blank">点此报错</a>
                    <span>&nbsp;&nbsp;&nbsp;&nbsp;</span>
                    <a id="feed_back_link_err" href="http://wiki.connect.qq.com/%E5%9B%9E%E8%B0%83%E5%9C%B0%E5%9D%80%E5%B8%B8%E8%A7%81%E9%97%AE%E9%A2%98%E5%8F%8A%E4%BF%AE%E6%94%B9%E6%96%B9%E6%B3%95" target="_blank">解决方案</a>
                    
                    <span>&nbsp;</span>
                    
                </p>

            </div>
        </div>
    </div>

    <!-- @footer Start-->
<div class="lay_footer">
    <div class="lay_footer_inner">
        <div class="lay_footer_r">
            <a href="http://zc.qq.com/chs/index.html" title="注册QQ号" target="_blank">注册QQ号</a>
            <a href="http://support.qq.com/write.shtml?fid=780" target="_blank" title="反馈意见" id="feed_back_link">反馈意见</a>
        </div>
    </div>
</div>
<!-- @footer End -->

</div>
<!--@fragment_bottom Start-->
<script src="https://imgcache.qq.com/c/=/open/connect/widget/pc/login/pt_adapt.js,qlogin_v2.js?v=20140527" charset="UTF-8"></script>
<script>
    document.write('<script src="https://tajs.qq.com/stats?sId=52725868" charset="UTF-8"><\/script>');
</script>
<!--@fragment_bottom End -->

<script>
    // PC错误页曝光量
    Q.monitor(302300);
    // support论坛逻辑
    var feed_back_link = document.getElementById("feed_back_link_err");
    var dmRe = /http:\/\/([^/]*)\/?/i;
    window.crtDomain = 'http://toheart.xin' || (Q.getParameter && Q.getParameter("redirect_uri"));
    var errcode = '100010';
    var dmHost = window.crtDomain.match(dmRe);
    if(feed_back_link) {
        feed_back_link.href += ("&SSTAG="+encodeURIComponent((dmHost&&dmHost[1])+".errorcode"+errcode));
    }

    var t = +new Date() - Q.getParameter('auth_time');

    // 授权失败
    Q.mta('LoginFailed', {Appid: Q.appid, Ext1: Q.getParameter('error')});

    // mm上报注册
    var uin = Q.getCookie('uin') || 0;
    if (uin && (/^o([0-9]+)$/).test(uin)) uin = parseFloat(RegExp.$1);

    Q.mm.init(1000128, uin, 'QC_WEB');
    Q.mm.report(Q.cgi, Q.getParameter('error'), t);
</script>
</body>
</html>

	at com.alibaba.fastjson.parser.DefaultJSONParser.parse(DefaultJSONParser.java:1415)
	at com.alibaba.fastjson.parser.DefaultJSONParser.parse(DefaultJSONParser.java:1301)
	at com.alibaba.fastjson.JSON.parse(JSON.java:152)
	at com.alibaba.fastjson.JSON.parse(JSON.java:162)
	at com.alibaba.fastjson.JSON.parse(JSON.java:131)
	at com.alibaba.fastjson.JSON.parseObject(JSON.java:223)
	at xin.toheart.door.controller.HomeController.login(HomeController.java:57)
	at xin.toheart.door.controller.HomeController$$FastClassBySpringCGLIB$$307c9b61.invoke(<generated>)
	at org.springframework.cglib.proxy.MethodProxy.invoke(MethodProxy.java:204)
	at org.springframework.aop.framework.CglibAopProxy$CglibMethodInvocation.invokeJoinpoint(CglibAopProxy.java:746)
	at org.springframework.aop.framework.ReflectiveMethodInvocation.proceed(ReflectiveMethodInvocation.java:163)
	at org.springframework.aop.aspectj.MethodInvocationProceedingJoinPoint.proceed(MethodInvocationProceedingJoinPoint.java:100)
	at xin.toheart.door.aspect.TimeCostAspect.around(TimeCostAspect.java:37)
	at sun.reflect.NativeMethodAccessorImpl.invoke0(Native Method)
	at sun.reflect.NativeMethodAccessorImpl.invoke(NativeMethodAccessorImpl.java:62)
	at sun.reflect.DelegatingMethodAccessorImpl.invoke(DelegatingMethodAccessorImpl.java:43)
	at java.lang.reflect.Method.invoke(Method.java:498)
	at org.springframework.aop.aspectj.AbstractAspectJAdvice.invokeAdviceMethodWithGivenArgs(AbstractAspectJAdvice.java:644)
	at org.springframework.aop.aspectj.AbstractAspectJAdvice.invokeAdviceMethod(AbstractAspectJAdvice.java:633)
	at org.springframework.aop.aspectj.AspectJAroundAdvice.invoke(AspectJAroundAdvice.java:70)
	at org.springframework.aop.framework.ReflectiveMethodInvocation.proceed(ReflectiveMethodInvocation.java:185)
	at org.springframework.aop.interceptor.ExposeInvocationInterceptor.invoke(ExposeInvocationInterceptor.java:92)
	at org.springframework.aop.framework.ReflectiveMethodInvocation.proceed(ReflectiveMethodInvocation.java:185)
	at org.springframework.aop.framework.CglibAopProxy$DynamicAdvisedInterceptor.intercept(CglibAopProxy.java:688)
	at xin.toheart.door.controller.HomeController$$EnhancerBySpringCGLIB$$8d4fb5ac.login(<generated>)
	at sun.reflect.NativeMethodAccessorImpl.invoke0(Native Method)
	at sun.reflect.NativeMethodAccessorImpl.invoke(NativeMethodAccessorImpl.java:62)
	at sun.reflect.DelegatingMethodAccessorImpl.invoke(DelegatingMethodAccessorImpl.java:43)
	at java.lang.reflect.Method.invoke(Method.java:498)
	at org.springframework.web.method.support.InvocableHandlerMethod.doInvoke(InvocableHandlerMethod.java:209)
	at org.springframework.web.method.support.InvocableHandlerMethod.invokeForRequest(InvocableHandlerMethod.java:136)
	at org.springframework.web.servlet.mvc.method.annotation.ServletInvocableHandlerMethod.invokeAndHandle(ServletInvocableHandlerMethod.java:102)
	at org.springframework.web.servlet.mvc.method.annotation.RequestMappingHandlerAdapter.invokeHandlerMethod(RequestMappingHandlerAdapter.java:877)
	at org.springframework.web.servlet.mvc.method.annotation.RequestMappingHandlerAdapter.handleInternal(RequestMappingHandlerAdapter.java:783)
	at org.springframework.web.servlet.mvc.method.AbstractHandlerMethodAdapter.handle(AbstractHandlerMethodAdapter.java:87)
	at org.springframework.web.servlet.DispatcherServlet.doDispatch(DispatcherServlet.java:991)
	at org.springframework.web.servlet.DispatcherServlet.doService(DispatcherServlet.java:925)
	at org.springframework.web.servlet.FrameworkServlet.processRequest(FrameworkServlet.java:974)
	at org.springframework.web.servlet.FrameworkServlet.doGet(FrameworkServlet.java:866)
	at javax.servlet.http.HttpServlet.service(HttpServlet.java:635)
	at org.springframework.web.servlet.FrameworkServlet.service(FrameworkServlet.java:851)
	at javax.servlet.http.HttpServlet.service(HttpServlet.java:742)
	at org.apache.catalina.core.ApplicationFilterChain.internalDoFilter(ApplicationFilterChain.java:231)
	at org.apache.catalina.core.ApplicationFilterChain.doFilter(ApplicationFilterChain.java:166)
	at org.apache.tomcat.websocket.server.WsFilter.doFilter(WsFilter.java:52)
	at org.apache.catalina.core.ApplicationFilterChain.internalDoFilter(ApplicationFilterChain.java:193)
	at org.apache.catalina.core.ApplicationFilterChain.doFilter(ApplicationFilterChain.java:166)
	at xin.toheart.door.filter.LoginAuthFilter.doFilter(LoginAuthFilter.java:37)
	at org.apache.catalina.core.ApplicationFilterChain.internalDoFilter(ApplicationFilterChain.java:193)
	at org.apache.catalina.core.ApplicationFilterChain.doFilter(ApplicationFilterChain.java:166)
	at org.springframework.web.filter.RequestContextFilter.doFilterInternal(RequestContextFilter.java:99)
	at org.springframework.web.filter.OncePerRequestFilter.doFilter(OncePerRequestFilter.java:107)
	at org.apache.catalina.core.ApplicationFilterChain.internalDoFilter(ApplicationFilterChain.java:193)
	at org.apache.catalina.core.ApplicationFilterChain.doFilter(ApplicationFilterChain.java:166)
	at org.springframework.web.filter.HttpPutFormContentFilter.doFilterInternal(HttpPutFormContentFilter.java:109)
	at org.springframework.web.filter.OncePerRequestFilter.doFilter(OncePerRequestFilter.java:107)
	at org.apache.catalina.core.ApplicationFilterChain.internalDoFilter(ApplicationFilterChain.java:193)
	at org.apache.catalina.core.ApplicationFilterChain.doFilter(ApplicationFilterChain.java:166)
	at org.springframework.web.filter.HiddenHttpMethodFilter.doFilterInternal(HiddenHttpMethodFilter.java:93)
	at org.springframework.web.filter.OncePerRequestFilter.doFilter(OncePerRequestFilter.java:107)
	at org.apache.catalina.core.ApplicationFilterChain.internalDoFilter(ApplicationFilterChain.java:193)
	at org.apache.catalina.core.ApplicationFilterChain.doFilter(ApplicationFilterChain.java:166)
	at org.springframework.web.filter.CharacterEncodingFilter.doFilterInternal(CharacterEncodingFilter.java:200)
	at org.springframework.web.filter.OncePerRequestFilter.doFilter(OncePerRequestFilter.java:107)
	at org.apache.catalina.core.ApplicationFilterChain.internalDoFilter(ApplicationFilterChain.java:193)
	at org.apache.catalina.core.ApplicationFilterChain.doFilter(ApplicationFilterChain.java:166)
	at org.apache.catalina.core.StandardWrapperValve.invoke(StandardWrapperValve.java:198)
	at org.apache.catalina.core.StandardContextValve.invoke(StandardContextValve.java:96)
	at org.apache.catalina.authenticator.AuthenticatorBase.invoke(AuthenticatorBase.java:496)
	at org.apache.catalina.core.StandardHostValve.invoke(StandardHostValve.java:140)
	at org.apache.catalina.valves.ErrorReportValve.invoke(ErrorReportValve.java:81)
	at org.apache.catalina.core.StandardEngineValve.invoke(StandardEngineValve.java:87)
	at org.apache.catalina.connector.CoyoteAdapter.service(CoyoteAdapter.java:342)
	at org.apache.coyote.http11.Http11Processor.service(Http11Processor.java:803)
	at org.apache.coyote.AbstractProcessorLight.process(AbstractProcessorLight.java:66)
	at org.apache.coyote.AbstractProtocol$ConnectionHandler.process(AbstractProtocol.java:790)
	at org.apache.tomcat.util.net.NioEndpoint$SocketProcessor.doRun(NioEndpoint.java:1468)
	at org.apache.tomcat.util.net.SocketProcessorBase.run(SocketProcessorBase.java:49)
	at java.util.concurrent.ThreadPoolExecutor.runWorker(ThreadPoolExecutor.java:1149)
	at java.util.concurrent.ThreadPoolExecutor$Worker.run(ThreadPoolExecutor.java:624)
	at org.apache.tomcat.util.threads.TaskThread$WrappingRunnable.run(TaskThread.java:61)
	at java.lang.Thread.run(Thread.java:748)
