[2018-09-03 14:59:25] [INFO ] [xin.toheart.door.DoorApplication:50]-- Starting DoorApplication on PC-2018HWL with PID 11464 (D:\toheartH\toheart\target\classes started by Administrator in D:\toheartH\toheart)
[2018-09-03 14:59:25] [INFO ] [xin.toheart.door.DoorApplication:659]-- No active profile set, falling back to default profiles: default
[2018-09-03 14:59:25] [INFO ] [org.springframework.boot.web.servlet.context.AnnotationConfigServletWebServerApplicationContext:590]-- Refreshing org.springframework.boot.web.servlet.context.AnnotationConfigServletWebServerApplicationContext@704deff2: startup date [Mon Sep 03 14:59:25 CST 2018]; root of context hierarchy
[2018-09-03 14:59:27] [INFO ] [org.springframework.boot.web.embedded.tomcat.TomcatWebServer:91]-- Tomcat initialized with port(s): 5201 (http)
[2018-09-03 14:59:27] [INFO ] [org.apache.coyote.http11.Http11NioProtocol:180]-- Initializing ProtocolHandler ["http-nio-5201"]
[2018-09-03 14:59:27] [INFO ] [org.apache.catalina.core.StandardService:180]-- Starting service [Tomcat]
[2018-09-03 14:59:27] [INFO ] [org.apache.catalina.core.StandardEngine:180]-- Starting Servlet Engine: Apache Tomcat/8.5.31
[2018-09-03 14:59:27] [INFO ] [org.apache.catalina.core.AprLifecycleListener:180]-- The APR based Apache Tomcat Native library which allows optimal performance in production environments was not found on the java.library.path: [D:\Program Files\Java\jdk1.8.0_161\bin;C:\Windows\Sun\Java\bin;C:\Windows\system32;C:\Windows;C:\ProgramData\Oracle\Java\javapath;C:\Windows\system32;C:\Windows;C:\Windows\System32\Wbem;C:\Windows\System32\WindowsPowerShell\v1.0\;C:\Program Files (x86)\NVIDIA Corporation\PhysX\Common;D:\Program Files\Java\jdk1.8.0_161\bin;D:\Program Files\Git\cmd;D:\work\apache-maven-3.5.3\bin;D:\Program Files\nodejs\;C:\Program Files (x86)\Windows Kits\8.1\Windows Performance Toolkit\;D:\Program Files\PuTTY\;C:\Users\Administrator\AppData\Local\Microsoft\WindowsApps;C:\Users\Administrator\AppData\Roaming\npm;.]
[2018-09-03 14:59:28] [INFO ] [org.apache.catalina.core.ContainerBase.[Tomcat].[localhost].[/]:180]-- Initializing Spring embedded WebApplicationContext
[2018-09-03 14:59:28] [INFO ] [org.springframework.web.context.ContextLoader:285]-- Root WebApplicationContext: initialization completed in 2312 ms
[2018-09-03 14:59:28] [INFO ] [org.springframework.boot.web.servlet.ServletRegistrationBean:186]-- Servlet dispatcherServlet mapped to [/]
[2018-09-03 14:59:28] [INFO ] [org.springframework.boot.web.servlet.FilterRegistrationBean:245]-- Mapping filter: 'characterEncodingFilter' to: [/*]
[2018-09-03 14:59:28] [INFO ] [org.springframework.boot.web.servlet.FilterRegistrationBean:245]-- Mapping filter: 'hiddenHttpMethodFilter' to: [/*]
[2018-09-03 14:59:28] [INFO ] [org.springframework.boot.web.servlet.FilterRegistrationBean:245]-- Mapping filter: 'httpPutFormContentFilter' to: [/*]
[2018-09-03 14:59:28] [INFO ] [org.springframework.boot.web.servlet.FilterRegistrationBean:245]-- Mapping filter: 'requestContextFilter' to: [/*]
[2018-09-03 14:59:28] [INFO ] [org.springframework.web.servlet.handler.SimpleUrlHandlerMapping:373]-- Mapped URL path [/**/favicon.ico] onto handler of type [class org.springframework.web.servlet.resource.ResourceHttpRequestHandler]
[2018-09-03 14:59:29] [INFO ] [org.springframework.web.servlet.mvc.method.annotation.RequestMappingHandlerAdapter:574]-- Looking for @ControllerAdvice: org.springframework.boot.web.servlet.context.AnnotationConfigServletWebServerApplicationContext@704deff2: startup date [Mon Sep 03 14:59:25 CST 2018]; root of context hierarchy
[2018-09-03 14:59:29] [INFO ] [org.springframework.web.servlet.mvc.method.annotation.RequestMappingHandlerMapping:547]-- Mapped "{[/common/increaseZan]}" onto public java.util.Map<java.lang.String, java.lang.Integer> xin.toheart.door.controller.CommonController.increaseZan(int,javax.servlet.http.HttpSession)
[2018-09-03 14:59:29] [INFO ] [org.springframework.web.servlet.mvc.method.annotation.RequestMappingHandlerMapping:547]-- Mapped "{[/confession],methods=[GET]}" onto public java.lang.String xin.toheart.door.controller.ConfessionController.home(org.springframework.ui.ModelMap)
[2018-09-03 14:59:29] [INFO ] [org.springframework.web.servlet.mvc.method.annotation.RequestMappingHandlerMapping:547]-- Mapped "{[/confession/addConfession]}" onto public java.lang.String xin.toheart.door.controller.ConfessionController.addConfession(xin.toheart.door.pojo.Confession)
[2018-09-03 14:59:29] [INFO ] [org.springframework.web.servlet.mvc.method.annotation.RequestMappingHandlerMapping:547]-- Mapped "{[/game/gameHome]}" onto public java.lang.String xin.toheart.door.controller.GameController.gameHome()
[2018-09-03 14:59:29] [INFO ] [org.springframework.web.servlet.mvc.method.annotation.RequestMappingHandlerMapping:547]-- Mapped "{[/game/2048]}" onto public java.lang.String xin.toheart.door.controller.GameController.game2048()
[2018-09-03 14:59:29] [INFO ] [org.springframework.web.servlet.mvc.method.annotation.RequestMappingHandlerMapping:547]-- Mapped "{[/],methods=[GET]}" onto public java.lang.String xin.toheart.door.controller.HomeController.home(org.springframework.ui.ModelMap)
[2018-09-03 14:59:29] [INFO ] [org.springframework.web.servlet.mvc.method.annotation.RequestMappingHandlerMapping:547]-- Mapped "{[/login]}" onto public java.lang.String xin.toheart.door.controller.HomeController.login()
[2018-09-03 14:59:29] [INFO ] [org.springframework.web.servlet.mvc.method.annotation.RequestMappingHandlerMapping:547]-- Mapped "{[/logout]}" onto public java.lang.String xin.toheart.door.controller.HomeController.logout(javax.servlet.http.HttpSession)
[2018-09-03 14:59:29] [INFO ] [org.springframework.web.servlet.mvc.method.annotation.RequestMappingHandlerMapping:547]-- Mapped "{[/QQLogin]}" onto public java.lang.String xin.toheart.door.controller.HomeController.QQLogin(java.lang.String,javax.servlet.http.HttpSession) throws java.text.ParseException
[2018-09-03 14:59:29] [INFO ] [org.springframework.web.servlet.mvc.method.annotation.RequestMappingHandlerMapping:547]-- Mapped "{[/pic/upload]}" onto public java.lang.String xin.toheart.door.controller.PicUplodController.upload(org.springframework.web.multipart.MultipartFile)
[2018-09-03 14:59:29] [INFO ] [org.springframework.web.servlet.mvc.method.annotation.RequestMappingHandlerMapping:547]-- Mapped "{[/story/storyList/{index}/{size}],methods=[GET]}" onto public xin.toheart.door.dto.ResponseDto xin.toheart.door.controller.StoryController.storyList(java.lang.String,java.lang.String)
[2018-09-03 14:59:29] [INFO ] [org.springframework.web.servlet.mvc.method.annotation.RequestMappingHandlerMapping:547]-- Mapped "{[/story],methods=[GET]}" onto public java.lang.String xin.toheart.door.controller.StoryController.getStory()
[2018-09-03 14:59:29] [INFO ] [org.springframework.web.servlet.mvc.method.annotation.RequestMappingHandlerMapping:547]-- Mapped "{[/story/showStory/{id}],methods=[GET]}" onto public java.lang.String xin.toheart.door.controller.StoryController.showStory(int,org.springframework.ui.ModelMap)
[2018-09-03 14:59:29] [INFO ] [org.springframework.web.servlet.mvc.method.annotation.RequestMappingHandlerMapping:547]-- Mapped "{[/story/storyHome/{index}/{size}],methods=[GET]}" onto public java.lang.String xin.toheart.door.controller.StoryController.storyHome(org.springframework.ui.ModelMap,java.lang.String,java.lang.String)
[2018-09-03 14:59:29] [INFO ] [org.springframework.web.servlet.mvc.method.annotation.RequestMappingHandlerMapping:547]-- Mapped "{[/story/saveStory]}" onto public java.lang.String xin.toheart.door.controller.StoryController.saveStory(xin.toheart.door.pojo.Story)
[2018-09-03 14:59:29] [INFO ] [org.springframework.web.servlet.mvc.method.annotation.RequestMappingHandlerMapping:547]-- Mapped "{[/error]}" onto public org.springframework.http.ResponseEntity<java.util.Map<java.lang.String, java.lang.Object>> org.springframework.boot.autoconfigure.web.servlet.error.BasicErrorController.error(javax.servlet.http.HttpServletRequest)
[2018-09-03 14:59:29] [INFO ] [org.springframework.web.servlet.mvc.method.annotation.RequestMappingHandlerMapping:547]-- Mapped "{[/error],produces=[text/html]}" onto public org.springframework.web.servlet.ModelAndView org.springframework.boot.autoconfigure.web.servlet.error.BasicErrorController.errorHtml(javax.servlet.http.HttpServletRequest,javax.servlet.http.HttpServletResponse)
[2018-09-03 14:59:29] [INFO ] [org.springframework.web.servlet.handler.SimpleUrlHandlerMapping:373]-- Mapped URL path [/webjars/**] onto handler of type [class org.springframework.web.servlet.resource.ResourceHttpRequestHandler]
[2018-09-03 14:59:29] [INFO ] [org.springframework.web.servlet.handler.SimpleUrlHandlerMapping:373]-- Mapped URL path [/**] onto handler of type [class org.springframework.web.servlet.resource.ResourceHttpRequestHandler]
[2018-09-03 14:59:29] [INFO ] [org.springframework.jmx.export.annotation.AnnotationMBeanExporter:433]-- Registering beans for JMX exposure on startup
[2018-09-03 14:59:29] [INFO ] [org.springframework.jmx.export.annotation.AnnotationMBeanExporter:895]-- Bean with name 'dataSource' has been autodetected for JMX exposure
[2018-09-03 14:59:29] [INFO ] [org.springframework.jmx.export.annotation.AnnotationMBeanExporter:668]-- Located MBean 'dataSource': registering with JMX server as MBean [com.zaxxer.hikari:name=dataSource,type=HikariDataSource]
[2018-09-03 14:59:30] [INFO ] [org.apache.coyote.http11.Http11NioProtocol:180]-- Starting ProtocolHandler ["http-nio-5201"]
[2018-09-03 14:59:30] [INFO ] [org.apache.tomcat.util.net.NioSelectorPool:180]-- Using a shared selector for servlet write/read
[2018-09-03 14:59:30] [INFO ] [org.springframework.boot.web.embedded.tomcat.TomcatWebServer:206]-- Tomcat started on port(s): 5201 (http) with context path ''
[2018-09-03 14:59:30] [INFO ] [xin.toheart.door.DoorApplication:59]-- Started DoorApplication in 5.227 seconds (JVM running for 6.08)
[2018-09-03 15:00:19] [INFO ] [org.apache.catalina.core.ContainerBase.[Tomcat].[localhost].[/]:180]-- Initializing Spring FrameworkServlet 'dispatcherServlet'
[2018-09-03 15:00:19] [INFO ] [org.springframework.web.servlet.DispatcherServlet:494]-- FrameworkServlet 'dispatcherServlet': initialization started
[2018-09-03 15:00:19] [INFO ] [org.springframework.web.servlet.DispatcherServlet:509]-- FrameworkServlet 'dispatcherServlet': initialization completed in 24 ms
[2018-09-03 15:00:19] [INFO ] [com.zaxxer.hikari.HikariDataSource:110]-- HikariPool-1 - Starting...
[2018-09-03 15:00:20] [INFO ] [com.zaxxer.hikari.HikariDataSource:123]-- HikariPool-1 - Start completed.
[2018-09-03 15:00:20] [INFO ] [xin.toheart.door.aspect.TimeCostAspect:60]-- [time cost] 778 ms [path is xin.toheart.door.controller.StoryController.storyHome]
[2018-09-03 15:00:46] [INFO ] [xin.toheart.door.aspect.TimeCostAspect:60]-- [time cost] 35 ms [path is xin.toheart.door.controller.StoryController.storyHome]
[2018-09-03 15:02:39] [INFO ] [xin.toheart.door.DoorApplication:50]-- Starting DoorApplication on PC-2018HWL with PID 6972 (D:\toheartH\toheart\target\classes started by Administrator in D:\toheartH\toheart)
[2018-09-03 15:02:39] [INFO ] [xin.toheart.door.DoorApplication:659]-- No active profile set, falling back to default profiles: default
[2018-09-03 15:02:39] [INFO ] [org.springframework.boot.web.servlet.context.AnnotationConfigServletWebServerApplicationContext:590]-- Refreshing org.springframework.boot.web.servlet.context.AnnotationConfigServletWebServerApplicationContext@10289886: startup date [Mon Sep 03 15:02:39 CST 2018]; root of context hierarchy
[2018-09-03 15:02:41] [INFO ] [org.springframework.boot.web.embedded.tomcat.TomcatWebServer:91]-- Tomcat initialized with port(s): 5201 (http)
[2018-09-03 15:02:41] [INFO ] [org.apache.coyote.http11.Http11NioProtocol:180]-- Initializing ProtocolHandler ["http-nio-5201"]
[2018-09-03 15:02:41] [INFO ] [org.apache.catalina.core.StandardService:180]-- Starting service [Tomcat]
[2018-09-03 15:02:41] [INFO ] [org.apache.catalina.core.StandardEngine:180]-- Starting Servlet Engine: Apache Tomcat/8.5.31
[2018-09-03 15:02:41] [INFO ] [org.apache.catalina.core.AprLifecycleListener:180]-- The APR based Apache Tomcat Native library which allows optimal performance in production environments was not found on the java.library.path: [D:\Program Files\Java\jdk1.8.0_161\bin;C:\Windows\Sun\Java\bin;C:\Windows\system32;C:\Windows;C:\ProgramData\Oracle\Java\javapath;C:\Windows\system32;C:\Windows;C:\Windows\System32\Wbem;C:\Windows\System32\WindowsPowerShell\v1.0\;C:\Program Files (x86)\NVIDIA Corporation\PhysX\Common;D:\Program Files\Java\jdk1.8.0_161\bin;D:\Program Files\Git\cmd;D:\work\apache-maven-3.5.3\bin;D:\Program Files\nodejs\;C:\Program Files (x86)\Windows Kits\8.1\Windows Performance Toolkit\;D:\Program Files\PuTTY\;C:\Users\Administrator\AppData\Local\Microsoft\WindowsApps;C:\Users\Administrator\AppData\Roaming\npm;.]
[2018-09-03 15:02:41] [INFO ] [org.apache.catalina.core.ContainerBase.[Tomcat].[localhost].[/]:180]-- Initializing Spring embedded WebApplicationContext
[2018-09-03 15:02:41] [INFO ] [org.springframework.web.context.ContextLoader:285]-- Root WebApplicationContext: initialization completed in 2234 ms
[2018-09-03 15:02:42] [INFO ] [org.springframework.boot.web.servlet.ServletRegistrationBean:186]-- Servlet dispatcherServlet mapped to [/]
[2018-09-03 15:02:42] [INFO ] [org.springframework.boot.web.servlet.FilterRegistrationBean:245]-- Mapping filter: 'characterEncodingFilter' to: [/*]
[2018-09-03 15:02:42] [INFO ] [org.springframework.boot.web.servlet.FilterRegistrationBean:245]-- Mapping filter: 'hiddenHttpMethodFilter' to: [/*]
[2018-09-03 15:02:42] [INFO ] [org.springframework.boot.web.servlet.FilterRegistrationBean:245]-- Mapping filter: 'httpPutFormContentFilter' to: [/*]
[2018-09-03 15:02:42] [INFO ] [org.springframework.boot.web.servlet.FilterRegistrationBean:245]-- Mapping filter: 'requestContextFilter' to: [/*]
[2018-09-03 15:02:43] [INFO ] [org.springframework.web.servlet.handler.SimpleUrlHandlerMapping:373]-- Mapped URL path [/**/favicon.ico] onto handler of type [class org.springframework.web.servlet.resource.ResourceHttpRequestHandler]
[2018-09-03 15:02:43] [INFO ] [org.springframework.web.servlet.mvc.method.annotation.RequestMappingHandlerAdapter:574]-- Looking for @ControllerAdvice: org.springframework.boot.web.servlet.context.AnnotationConfigServletWebServerApplicationContext@10289886: startup date [Mon Sep 03 15:02:39 CST 2018]; root of context hierarchy
[2018-09-03 15:02:43] [INFO ] [org.springframework.web.servlet.mvc.method.annotation.RequestMappingHandlerMapping:547]-- Mapped "{[/common/increaseZan]}" onto public java.util.Map<java.lang.String, java.lang.Integer> xin.toheart.door.controller.CommonController.increaseZan(int,javax.servlet.http.HttpSession)
[2018-09-03 15:02:43] [INFO ] [org.springframework.web.servlet.mvc.method.annotation.RequestMappingHandlerMapping:547]-- Mapped "{[/confession],methods=[GET]}" onto public java.lang.String xin.toheart.door.controller.ConfessionController.home(org.springframework.ui.ModelMap)
[2018-09-03 15:02:43] [INFO ] [org.springframework.web.servlet.mvc.method.annotation.RequestMappingHandlerMapping:547]-- Mapped "{[/confession/addConfession]}" onto public java.lang.String xin.toheart.door.controller.ConfessionController.addConfession(xin.toheart.door.pojo.Confession)
[2018-09-03 15:02:43] [INFO ] [org.springframework.web.servlet.mvc.method.annotation.RequestMappingHandlerMapping:547]-- Mapped "{[/game/2048]}" onto public java.lang.String xin.toheart.door.controller.GameController.game2048()
[2018-09-03 15:02:43] [INFO ] [org.springframework.web.servlet.mvc.method.annotation.RequestMappingHandlerMapping:547]-- Mapped "{[/game/gameHome]}" onto public java.lang.String xin.toheart.door.controller.GameController.gameHome()
[2018-09-03 15:02:43] [INFO ] [org.springframework.web.servlet.mvc.method.annotation.RequestMappingHandlerMapping:547]-- Mapped "{[/],methods=[GET]}" onto public java.lang.String xin.toheart.door.controller.HomeController.home(org.springframework.ui.ModelMap)
[2018-09-03 15:02:43] [INFO ] [org.springframework.web.servlet.mvc.method.annotation.RequestMappingHandlerMapping:547]-- Mapped "{[/logout]}" onto public java.lang.String xin.toheart.door.controller.HomeController.logout(javax.servlet.http.HttpSession)
[2018-09-03 15:02:43] [INFO ] [org.springframework.web.servlet.mvc.method.annotation.RequestMappingHandlerMapping:547]-- Mapped "{[/login]}" onto public java.lang.String xin.toheart.door.controller.HomeController.login()
[2018-09-03 15:02:43] [INFO ] [org.springframework.web.servlet.mvc.method.annotation.RequestMappingHandlerMapping:547]-- Mapped "{[/QQLogin]}" onto public java.lang.String xin.toheart.door.controller.HomeController.QQLogin(java.lang.String,javax.servlet.http.HttpSession) throws java.text.ParseException
[2018-09-03 15:02:43] [INFO ] [org.springframework.web.servlet.mvc.method.annotation.RequestMappingHandlerMapping:547]-- Mapped "{[/pic/upload]}" onto public java.lang.String xin.toheart.door.controller.PicUplodController.upload(org.springframework.web.multipart.MultipartFile)
[2018-09-03 15:02:43] [INFO ] [org.springframework.web.servlet.mvc.method.annotation.RequestMappingHandlerMapping:547]-- Mapped "{[/story/storyList/{index}/{size}],methods=[GET]}" onto public xin.toheart.door.dto.ResponseDto xin.toheart.door.controller.StoryController.storyList(java.lang.String,java.lang.String)
[2018-09-03 15:02:43] [INFO ] [org.springframework.web.servlet.mvc.method.annotation.RequestMappingHandlerMapping:547]-- Mapped "{[/error]}" onto public org.springframework.http.ResponseEntity<java.util.Map<java.lang.String, java.lang.Object>> org.springframework.boot.autoconfigure.web.servlet.error.BasicErrorController.error(javax.servlet.http.HttpServletRequest)
[2018-09-03 15:02:43] [INFO ] [org.springframework.web.servlet.mvc.method.annotation.RequestMappingHandlerMapping:547]-- Mapped "{[/error],produces=[text/html]}" onto public org.springframework.web.servlet.ModelAndView org.springframework.boot.autoconfigure.web.servlet.error.BasicErrorController.errorHtml(javax.servlet.http.HttpServletRequest,javax.servlet.http.HttpServletResponse)
[2018-09-03 15:02:43] [INFO ] [org.springframework.web.servlet.handler.SimpleUrlHandlerMapping:373]-- Mapped URL path [/webjars/**] onto handler of type [class org.springframework.web.servlet.resource.ResourceHttpRequestHandler]
[2018-09-03 15:02:43] [INFO ] [org.springframework.web.servlet.handler.SimpleUrlHandlerMapping:373]-- Mapped URL path [/**] onto handler of type [class org.springframework.web.servlet.resource.ResourceHttpRequestHandler]
[2018-09-03 15:02:44] [INFO ] [org.springframework.jmx.export.annotation.AnnotationMBeanExporter:433]-- Registering beans for JMX exposure on startup
[2018-09-03 15:02:44] [INFO ] [org.springframework.jmx.export.annotation.AnnotationMBeanExporter:895]-- Bean with name 'dataSource' has been autodetected for JMX exposure
[2018-09-03 15:02:44] [INFO ] [org.springframework.jmx.export.annotation.AnnotationMBeanExporter:668]-- Located MBean 'dataSource': registering with JMX server as MBean [com.zaxxer.hikari:name=dataSource,type=HikariDataSource]
[2018-09-03 15:02:44] [INFO ] [org.apache.coyote.http11.Http11NioProtocol:180]-- Starting ProtocolHandler ["http-nio-5201"]
[2018-09-03 15:02:44] [INFO ] [org.apache.tomcat.util.net.NioSelectorPool:180]-- Using a shared selector for servlet write/read
[2018-09-03 15:02:44] [INFO ] [org.springframework.boot.web.embedded.tomcat.TomcatWebServer:206]-- Tomcat started on port(s): 5201 (http) with context path ''
[2018-09-03 15:02:44] [INFO ] [xin.toheart.door.DoorApplication:59]-- Started DoorApplication in 5.27 seconds (JVM running for 5.84)
[2018-09-03 15:03:10] [INFO ] [org.apache.catalina.core.ContainerBase.[Tomcat].[localhost].[/]:180]-- Initializing Spring FrameworkServlet 'dispatcherServlet'
[2018-09-03 15:03:10] [INFO ] [org.springframework.web.servlet.DispatcherServlet:494]-- FrameworkServlet 'dispatcherServlet': initialization started
[2018-09-03 15:03:10] [INFO ] [org.springframework.web.servlet.DispatcherServlet:509]-- FrameworkServlet 'dispatcherServlet': initialization completed in 22 ms
[2018-09-03 15:03:15] [INFO ] [com.zaxxer.hikari.HikariDataSource:110]-- HikariPool-1 - Starting...
[2018-09-03 15:03:15] [INFO ] [com.zaxxer.hikari.HikariDataSource:123]-- HikariPool-1 - Start completed.
[2018-09-03 15:03:15] [INFO ] [xin.toheart.door.aspect.TimeCostAspect:60]-- [time cost] 5107 ms [path is xin.toheart.door.controller.StoryController.storyList]
[2018-09-03 15:05:43] [INFO ] [xin.toheart.door.DoorApplication:50]-- Starting DoorApplication on PC-2018HWL with PID 8628 (D:\toheartH\toheart\target\classes started by Administrator in D:\toheartH\toheart)
[2018-09-03 15:05:43] [INFO ] [xin.toheart.door.DoorApplication:659]-- No active profile set, falling back to default profiles: default
[2018-09-03 15:05:43] [INFO ] [org.springframework.boot.web.servlet.context.AnnotationConfigServletWebServerApplicationContext:590]-- Refreshing org.springframework.boot.web.servlet.context.AnnotationConfigServletWebServerApplicationContext@766653e6: startup date [Mon Sep 03 15:05:43 CST 2018]; root of context hierarchy
[2018-09-03 15:05:45] [INFO ] [org.springframework.boot.web.embedded.tomcat.TomcatWebServer:91]-- Tomcat initialized with port(s): 5201 (http)
[2018-09-03 15:05:45] [INFO ] [org.apache.coyote.http11.Http11NioProtocol:180]-- Initializing ProtocolHandler ["http-nio-5201"]
[2018-09-03 15:05:45] [INFO ] [org.apache.catalina.core.StandardService:180]-- Starting service [Tomcat]
[2018-09-03 15:05:45] [INFO ] [org.apache.catalina.core.StandardEngine:180]-- Starting Servlet Engine: Apache Tomcat/8.5.31
[2018-09-03 15:05:46] [INFO ] [org.apache.catalina.core.AprLifecycleListener:180]-- The APR based Apache Tomcat Native library which allows optimal performance in production environments was not found on the java.library.path: [D:\Program Files\Java\jdk1.8.0_161\bin;C:\Windows\Sun\Java\bin;C:\Windows\system32;C:\Windows;C:\ProgramData\Oracle\Java\javapath;C:\Windows\system32;C:\Windows;C:\Windows\System32\Wbem;C:\Windows\System32\WindowsPowerShell\v1.0\;C:\Program Files (x86)\NVIDIA Corporation\PhysX\Common;D:\Program Files\Java\jdk1.8.0_161\bin;D:\Program Files\Git\cmd;D:\work\apache-maven-3.5.3\bin;D:\Program Files\nodejs\;C:\Program Files (x86)\Windows Kits\8.1\Windows Performance Toolkit\;D:\Program Files\PuTTY\;C:\Users\Administrator\AppData\Local\Microsoft\WindowsApps;C:\Users\Administrator\AppData\Roaming\npm;.]
[2018-09-03 15:05:46] [INFO ] [org.apache.catalina.core.ContainerBase.[Tomcat].[localhost].[/]:180]-- Initializing Spring embedded WebApplicationContext
[2018-09-03 15:05:46] [INFO ] [org.springframework.web.context.ContextLoader:285]-- Root WebApplicationContext: initialization completed in 2271 ms
[2018-09-03 15:05:46] [INFO ] [org.springframework.boot.web.servlet.ServletRegistrationBean:186]-- Servlet dispatcherServlet mapped to [/]
[2018-09-03 15:05:46] [INFO ] [org.springframework.boot.web.servlet.FilterRegistrationBean:245]-- Mapping filter: 'characterEncodingFilter' to: [/*]
[2018-09-03 15:05:46] [INFO ] [org.springframework.boot.web.servlet.FilterRegistrationBean:245]-- Mapping filter: 'hiddenHttpMethodFilter' to: [/*]
[2018-09-03 15:05:46] [INFO ] [org.springframework.boot.web.servlet.FilterRegistrationBean:245]-- Mapping filter: 'httpPutFormContentFilter' to: [/*]
[2018-09-03 15:05:46] [INFO ] [org.springframework.boot.web.servlet.FilterRegistrationBean:245]-- Mapping filter: 'requestContextFilter' to: [/*]
[2018-09-03 15:05:47] [INFO ] [org.springframework.web.servlet.handler.SimpleUrlHandlerMapping:373]-- Mapped URL path [/**/favicon.ico] onto handler of type [class org.springframework.web.servlet.resource.ResourceHttpRequestHandler]
[2018-09-03 15:05:47] [INFO ] [org.springframework.web.servlet.mvc.method.annotation.RequestMappingHandlerAdapter:574]-- Looking for @ControllerAdvice: org.springframework.boot.web.servlet.context.AnnotationConfigServletWebServerApplicationContext@766653e6: startup date [Mon Sep 03 15:05:43 CST 2018]; root of context hierarchy
[2018-09-03 15:05:47] [INFO ] [org.springframework.web.servlet.mvc.method.annotation.RequestMappingHandlerMapping:547]-- Mapped "{[/common/increaseZan]}" onto public java.util.Map<java.lang.String, java.lang.Integer> xin.toheart.door.controller.CommonController.increaseZan(int,javax.servlet.http.HttpSession)
[2018-09-03 15:05:47] [INFO ] [org.springframework.web.servlet.mvc.method.annotation.RequestMappingHandlerMapping:547]-- Mapped "{[/confession],methods=[GET]}" onto public java.lang.String xin.toheart.door.controller.ConfessionController.home(org.springframework.ui.ModelMap)
[2018-09-03 15:05:47] [INFO ] [org.springframework.web.servlet.mvc.method.annotation.RequestMappingHandlerMapping:547]-- Mapped "{[/confession/addConfession]}" onto public java.lang.String xin.toheart.door.controller.ConfessionController.addConfession(xin.toheart.door.pojo.Confession)
[2018-09-03 15:05:47] [INFO ] [org.springframework.web.servlet.mvc.method.annotation.RequestMappingHandlerMapping:547]-- Mapped "{[/game/gameHome]}" onto public java.lang.String xin.toheart.door.controller.GameController.gameHome()
[2018-09-03 15:05:47] [INFO ] [org.springframework.web.servlet.mvc.method.annotation.RequestMappingHandlerMapping:547]-- Mapped "{[/game/2048]}" onto public java.lang.String xin.toheart.door.controller.GameController.game2048()
[2018-09-03 15:05:47] [INFO ] [org.springframework.web.servlet.mvc.method.annotation.RequestMappingHandlerMapping:547]-- Mapped "{[/],methods=[GET]}" onto public java.lang.String xin.toheart.door.controller.HomeController.home(org.springframework.ui.ModelMap)
[2018-09-03 15:05:47] [INFO ] [org.springframework.web.servlet.mvc.method.annotation.RequestMappingHandlerMapping:547]-- Mapped "{[/logout]}" onto public java.lang.String xin.toheart.door.controller.HomeController.logout(javax.servlet.http.HttpSession)
[2018-09-03 15:05:47] [INFO ] [org.springframework.web.servlet.mvc.method.annotation.RequestMappingHandlerMapping:547]-- Mapped "{[/login]}" onto public java.lang.String xin.toheart.door.controller.HomeController.login()
[2018-09-03 15:05:47] [INFO ] [org.springframework.web.servlet.mvc.method.annotation.RequestMappingHandlerMapping:547]-- Mapped "{[/QQLogin]}" onto public java.lang.String xin.toheart.door.controller.HomeController.QQLogin(java.lang.String,javax.servlet.http.HttpSession) throws java.text.ParseException
[2018-09-03 15:05:47] [INFO ] [org.springframework.web.servlet.mvc.method.annotation.RequestMappingHandlerMapping:547]-- Mapped "{[/pic/upload]}" onto public java.lang.String xin.toheart.door.controller.PicUplodController.upload(org.springframework.web.multipart.MultipartFile)
[2018-09-03 15:05:47] [INFO ] [org.springframework.web.servlet.mvc.method.annotation.RequestMappingHandlerMapping:547]-- Mapped "{[/story/storyList/{index}/{size}],methods=[GET]}" onto public xin.toheart.door.dto.ResponseDto xin.toheart.door.controller.StoryController.storyList(java.lang.String,java.lang.String)
[2018-09-03 15:05:47] [INFO ] [org.springframework.web.servlet.mvc.method.annotation.RequestMappingHandlerMapping:547]-- Mapped "{[/error]}" onto public org.springframework.http.ResponseEntity<java.util.Map<java.lang.String, java.lang.Object>> org.springframework.boot.autoconfigure.web.servlet.error.BasicErrorController.error(javax.servlet.http.HttpServletRequest)
[2018-09-03 15:05:47] [INFO ] [org.springframework.web.servlet.mvc.method.annotation.RequestMappingHandlerMapping:547]-- Mapped "{[/error],produces=[text/html]}" onto public org.springframework.web.servlet.ModelAndView org.springframework.boot.autoconfigure.web.servlet.error.BasicErrorController.errorHtml(javax.servlet.http.HttpServletRequest,javax.servlet.http.HttpServletResponse)
[2018-09-03 15:05:47] [INFO ] [org.springframework.web.servlet.handler.SimpleUrlHandlerMapping:373]-- Mapped URL path [/webjars/**] onto handler of type [class org.springframework.web.servlet.resource.ResourceHttpRequestHandler]
[2018-09-03 15:05:47] [INFO ] [org.springframework.web.servlet.handler.SimpleUrlHandlerMapping:373]-- Mapped URL path [/**] onto handler of type [class org.springframework.web.servlet.resource.ResourceHttpRequestHandler]
[2018-09-03 15:05:48] [INFO ] [org.springframework.jmx.export.annotation.AnnotationMBeanExporter:433]-- Registering beans for JMX exposure on startup
[2018-09-03 15:05:48] [INFO ] [org.springframework.jmx.export.annotation.AnnotationMBeanExporter:895]-- Bean with name 'dataSource' has been autodetected for JMX exposure
[2018-09-03 15:05:48] [INFO ] [org.springframework.jmx.export.annotation.AnnotationMBeanExporter:668]-- Located MBean 'dataSource': registering with JMX server as MBean [com.zaxxer.hikari:name=dataSource,type=HikariDataSource]
[2018-09-03 15:05:48] [INFO ] [org.apache.coyote.http11.Http11NioProtocol:180]-- Starting ProtocolHandler ["http-nio-5201"]
[2018-09-03 15:05:48] [INFO ] [org.apache.tomcat.util.net.NioSelectorPool:180]-- Using a shared selector for servlet write/read
[2018-09-03 15:05:48] [INFO ] [org.springframework.boot.web.embedded.tomcat.TomcatWebServer:206]-- Tomcat started on port(s): 5201 (http) with context path ''
[2018-09-03 15:05:48] [INFO ] [xin.toheart.door.DoorApplication:59]-- Started DoorApplication in 5.057 seconds (JVM running for 5.638)
[2018-09-03 15:05:55] [INFO ] [org.apache.catalina.core.ContainerBase.[Tomcat].[localhost].[/]:180]-- Initializing Spring FrameworkServlet 'dispatcherServlet'
[2018-09-03 15:05:55] [INFO ] [org.springframework.web.servlet.DispatcherServlet:494]-- FrameworkServlet 'dispatcherServlet': initialization started
[2018-09-03 15:05:55] [INFO ] [org.springframework.web.servlet.DispatcherServlet:509]-- FrameworkServlet 'dispatcherServlet': initialization completed in 22 ms
[2018-09-03 15:05:55] [INFO ] [com.zaxxer.hikari.HikariDataSource:110]-- HikariPool-1 - Starting...
[2018-09-03 15:05:55] [INFO ] [com.zaxxer.hikari.HikariDataSource:123]-- HikariPool-1 - Start completed.
[2018-09-03 15:05:55] [INFO ] [xin.toheart.door.aspect.TimeCostAspect:60]-- [time cost] 546 ms [path is xin.toheart.door.controller.StoryController.storyList]
[2018-09-03 15:07:23] [INFO ] [xin.toheart.door.DoorApplication:50]-- Starting DoorApplication on PC-2018HWL with PID 5760 (D:\toheartH\toheart\target\classes started by Administrator in D:\toheartH\toheart)
[2018-09-03 15:07:23] [INFO ] [xin.toheart.door.DoorApplication:659]-- No active profile set, falling back to default profiles: default
[2018-09-03 15:07:23] [INFO ] [org.springframework.boot.web.servlet.context.AnnotationConfigServletWebServerApplicationContext:590]-- Refreshing org.springframework.boot.web.servlet.context.AnnotationConfigServletWebServerApplicationContext@28b46423: startup date [Mon Sep 03 15:07:23 CST 2018]; root of context hierarchy
[2018-09-03 15:07:25] [INFO ] [org.springframework.boot.web.embedded.tomcat.TomcatWebServer:91]-- Tomcat initialized with port(s): 5201 (http)
[2018-09-03 15:07:25] [INFO ] [org.apache.coyote.http11.Http11NioProtocol:180]-- Initializing ProtocolHandler ["http-nio-5201"]
[2018-09-03 15:07:25] [INFO ] [org.apache.catalina.core.StandardService:180]-- Starting service [Tomcat]
[2018-09-03 15:07:25] [INFO ] [org.apache.catalina.core.StandardEngine:180]-- Starting Servlet Engine: Apache Tomcat/8.5.31
[2018-09-03 15:07:25] [INFO ] [org.apache.catalina.core.AprLifecycleListener:180]-- The APR based Apache Tomcat Native library which allows optimal performance in production environments was not found on the java.library.path: [D:\Program Files\Java\jdk1.8.0_161\bin;C:\Windows\Sun\Java\bin;C:\Windows\system32;C:\Windows;C:\ProgramData\Oracle\Java\javapath;C:\Windows\system32;C:\Windows;C:\Windows\System32\Wbem;C:\Windows\System32\WindowsPowerShell\v1.0\;C:\Program Files (x86)\NVIDIA Corporation\PhysX\Common;D:\Program Files\Java\jdk1.8.0_161\bin;D:\Program Files\Git\cmd;D:\work\apache-maven-3.5.3\bin;D:\Program Files\nodejs\;C:\Program Files (x86)\Windows Kits\8.1\Windows Performance Toolkit\;D:\Program Files\PuTTY\;C:\Users\Administrator\AppData\Local\Microsoft\WindowsApps;C:\Users\Administrator\AppData\Roaming\npm;.]
[2018-09-03 15:07:26] [INFO ] [org.apache.catalina.core.ContainerBase.[Tomcat].[localhost].[/]:180]-- Initializing Spring embedded WebApplicationContext
[2018-09-03 15:07:26] [INFO ] [org.springframework.web.context.ContextLoader:285]-- Root WebApplicationContext: initialization completed in 2256 ms
[2018-09-03 15:07:26] [INFO ] [org.springframework.boot.web.servlet.ServletRegistrationBean:186]-- Servlet dispatcherServlet mapped to [/]
[2018-09-03 15:07:26] [INFO ] [org.springframework.boot.web.servlet.FilterRegistrationBean:245]-- Mapping filter: 'characterEncodingFilter' to: [/*]
[2018-09-03 15:07:26] [INFO ] [org.springframework.boot.web.servlet.FilterRegistrationBean:245]-- Mapping filter: 'hiddenHttpMethodFilter' to: [/*]
[2018-09-03 15:07:26] [INFO ] [org.springframework.boot.web.servlet.FilterRegistrationBean:245]-- Mapping filter: 'httpPutFormContentFilter' to: [/*]
[2018-09-03 15:07:26] [INFO ] [org.springframework.boot.web.servlet.FilterRegistrationBean:245]-- Mapping filter: 'requestContextFilter' to: [/*]
[2018-09-03 15:07:26] [INFO ] [org.springframework.web.servlet.handler.SimpleUrlHandlerMapping:373]-- Mapped URL path [/**/favicon.ico] onto handler of type [class org.springframework.web.servlet.resource.ResourceHttpRequestHandler]
[2018-09-03 15:07:27] [INFO ] [org.springframework.web.servlet.mvc.method.annotation.RequestMappingHandlerAdapter:574]-- Looking for @ControllerAdvice: org.springframework.boot.web.servlet.context.AnnotationConfigServletWebServerApplicationContext@28b46423: startup date [Mon Sep 03 15:07:23 CST 2018]; root of context hierarchy
[2018-09-03 15:07:27] [INFO ] [org.springframework.web.servlet.mvc.method.annotation.RequestMappingHandlerMapping:547]-- Mapped "{[/common/increaseZan]}" onto public java.util.Map<java.lang.String, java.lang.Integer> xin.toheart.door.controller.CommonController.increaseZan(int,javax.servlet.http.HttpSession)
[2018-09-03 15:07:27] [INFO ] [org.springframework.web.servlet.mvc.method.annotation.RequestMappingHandlerMapping:547]-- Mapped "{[/confession/addConfession]}" onto public java.lang.String xin.toheart.door.controller.ConfessionController.addConfession(xin.toheart.door.pojo.Confession)
[2018-09-03 15:07:27] [INFO ] [org.springframework.web.servlet.mvc.method.annotation.RequestMappingHandlerMapping:547]-- Mapped "{[/confession],methods=[GET]}" onto public java.lang.String xin.toheart.door.controller.ConfessionController.home(org.springframework.ui.ModelMap)
[2018-09-03 15:07:27] [INFO ] [org.springframework.web.servlet.mvc.method.annotation.RequestMappingHandlerMapping:547]-- Mapped "{[/game/2048]}" onto public java.lang.String xin.toheart.door.controller.GameController.game2048()
[2018-09-03 15:07:27] [INFO ] [org.springframework.web.servlet.mvc.method.annotation.RequestMappingHandlerMapping:547]-- Mapped "{[/game/gameHome]}" onto public java.lang.String xin.toheart.door.controller.GameController.gameHome()
[2018-09-03 15:07:27] [INFO ] [org.springframework.web.servlet.mvc.method.annotation.RequestMappingHandlerMapping:547]-- Mapped "{[/logout]}" onto public java.lang.String xin.toheart.door.controller.HomeController.logout(javax.servlet.http.HttpSession)
[2018-09-03 15:07:27] [INFO ] [org.springframework.web.servlet.mvc.method.annotation.RequestMappingHandlerMapping:547]-- Mapped "{[/login]}" onto public java.lang.String xin.toheart.door.controller.HomeController.login()
[2018-09-03 15:07:27] [INFO ] [org.springframework.web.servlet.mvc.method.annotation.RequestMappingHandlerMapping:547]-- Mapped "{[/QQLogin]}" onto public java.lang.String xin.toheart.door.controller.HomeController.QQLogin(java.lang.String,javax.servlet.http.HttpSession) throws java.text.ParseException
[2018-09-03 15:07:27] [INFO ] [org.springframework.web.servlet.mvc.method.annotation.RequestMappingHandlerMapping:547]-- Mapped "{[/],methods=[GET]}" onto public java.lang.String xin.toheart.door.controller.HomeController.home(org.springframework.ui.ModelMap)
[2018-09-03 15:07:27] [INFO ] [org.springframework.web.servlet.mvc.method.annotation.RequestMappingHandlerMapping:547]-- Mapped "{[/pic/upload]}" onto public java.lang.String xin.toheart.door.controller.PicUplodController.upload(org.springframework.web.multipart.MultipartFile)
[2018-09-03 15:07:27] [INFO ] [org.springframework.web.servlet.mvc.method.annotation.RequestMappingHandlerMapping:547]-- Mapped "{[/story/storyList/{index}/{size}],methods=[GET]}" onto public xin.toheart.door.dto.ResponseDto xin.toheart.door.controller.StoryController.storyList(java.lang.String,java.lang.String)
[2018-09-03 15:07:27] [INFO ] [org.springframework.web.servlet.mvc.method.annotation.RequestMappingHandlerMapping:547]-- Mapped "{[/error]}" onto public org.springframework.http.ResponseEntity<java.util.Map<java.lang.String, java.lang.Object>> org.springframework.boot.autoconfigure.web.servlet.error.BasicErrorController.error(javax.servlet.http.HttpServletRequest)
[2018-09-03 15:07:27] [INFO ] [org.springframework.web.servlet.mvc.method.annotation.RequestMappingHandlerMapping:547]-- Mapped "{[/error],produces=[text/html]}" onto public org.springframework.web.servlet.ModelAndView org.springframework.boot.autoconfigure.web.servlet.error.BasicErrorController.errorHtml(javax.servlet.http.HttpServletRequest,javax.servlet.http.HttpServletResponse)
[2018-09-03 15:07:27] [INFO ] [org.springframework.web.servlet.handler.SimpleUrlHandlerMapping:373]-- Mapped URL path [/webjars/**] onto handler of type [class org.springframework.web.servlet.resource.ResourceHttpRequestHandler]
[2018-09-03 15:07:27] [INFO ] [org.springframework.web.servlet.handler.SimpleUrlHandlerMapping:373]-- Mapped URL path [/**] onto handler of type [class org.springframework.web.servlet.resource.ResourceHttpRequestHandler]
[2018-09-03 15:07:28] [INFO ] [org.springframework.jmx.export.annotation.AnnotationMBeanExporter:433]-- Registering beans for JMX exposure on startup
[2018-09-03 15:07:28] [INFO ] [org.springframework.jmx.export.annotation.AnnotationMBeanExporter:895]-- Bean with name 'dataSource' has been autodetected for JMX exposure
[2018-09-03 15:07:28] [INFO ] [org.springframework.jmx.export.annotation.AnnotationMBeanExporter:668]-- Located MBean 'dataSource': registering with JMX server as MBean [com.zaxxer.hikari:name=dataSource,type=HikariDataSource]
[2018-09-03 15:07:28] [INFO ] [org.apache.coyote.http11.Http11NioProtocol:180]-- Starting ProtocolHandler ["http-nio-5201"]
[2018-09-03 15:07:28] [INFO ] [org.apache.tomcat.util.net.NioSelectorPool:180]-- Using a shared selector for servlet write/read
[2018-09-03 15:07:28] [INFO ] [org.springframework.boot.web.embedded.tomcat.TomcatWebServer:206]-- Tomcat started on port(s): 5201 (http) with context path ''
[2018-09-03 15:07:28] [INFO ] [xin.toheart.door.DoorApplication:59]-- Started DoorApplication in 5.028 seconds (JVM running for 5.559)
[2018-09-03 15:07:46] [INFO ] [org.apache.catalina.core.ContainerBase.[Tomcat].[localhost].[/]:180]-- Initializing Spring FrameworkServlet 'dispatcherServlet'
[2018-09-03 15:07:46] [INFO ] [org.springframework.web.servlet.DispatcherServlet:494]-- FrameworkServlet 'dispatcherServlet': initialization started
[2018-09-03 15:07:46] [INFO ] [org.springframework.web.servlet.DispatcherServlet:509]-- FrameworkServlet 'dispatcherServlet': initialization completed in 23 ms
[2018-09-03 15:07:46] [INFO ] [com.zaxxer.hikari.HikariDataSource:110]-- HikariPool-1 - Starting...
[2018-09-03 15:07:46] [INFO ] [com.zaxxer.hikari.HikariDataSource:123]-- HikariPool-1 - Start completed.
[2018-09-03 15:07:47] [INFO ] [xin.toheart.door.aspect.TimeCostAspect:60]-- [time cost] 518 ms [path is xin.toheart.door.controller.StoryController.storyList]
[2018-09-03 15:11:26] [INFO ] [xin.toheart.door.DoorApplication:50]-- Starting DoorApplication on PC-2018HWL with PID 416 (D:\toheartH\toheart\target\classes started by Administrator in D:\toheartH\toheart)
[2018-09-03 15:11:26] [INFO ] [xin.toheart.door.DoorApplication:659]-- No active profile set, falling back to default profiles: default
[2018-09-03 15:11:26] [INFO ] [org.springframework.boot.web.servlet.context.AnnotationConfigServletWebServerApplicationContext:590]-- Refreshing org.springframework.boot.web.servlet.context.AnnotationConfigServletWebServerApplicationContext@4032d386: startup date [Mon Sep 03 15:11:26 CST 2018]; root of context hierarchy
[2018-09-03 15:11:29] [INFO ] [org.springframework.boot.web.embedded.tomcat.TomcatWebServer:91]-- Tomcat initialized with port(s): 5201 (http)
[2018-09-03 15:11:29] [INFO ] [org.apache.coyote.http11.Http11NioProtocol:180]-- Initializing ProtocolHandler ["http-nio-5201"]
[2018-09-03 15:11:29] [INFO ] [org.apache.catalina.core.StandardService:180]-- Starting service [Tomcat]
[2018-09-03 15:11:29] [INFO ] [org.apache.catalina.core.StandardEngine:180]-- Starting Servlet Engine: Apache Tomcat/8.5.31
[2018-09-03 15:11:29] [INFO ] [org.apache.catalina.core.AprLifecycleListener:180]-- The APR based Apache Tomcat Native library which allows optimal performance in production environments was not found on the java.library.path: [D:\Program Files\Java\jdk1.8.0_161\bin;C:\Windows\Sun\Java\bin;C:\Windows\system32;C:\Windows;C:\ProgramData\Oracle\Java\javapath;C:\Windows\system32;C:\Windows;C:\Windows\System32\Wbem;C:\Windows\System32\WindowsPowerShell\v1.0\;C:\Program Files (x86)\NVIDIA Corporation\PhysX\Common;D:\Program Files\Java\jdk1.8.0_161\bin;D:\Program Files\Git\cmd;D:\work\apache-maven-3.5.3\bin;D:\Program Files\nodejs\;C:\Program Files (x86)\Windows Kits\8.1\Windows Performance Toolkit\;D:\Program Files\PuTTY\;C:\Users\Administrator\AppData\Local\Microsoft\WindowsApps;C:\Users\Administrator\AppData\Roaming\npm;.]
[2018-09-03 15:11:29] [INFO ] [org.apache.catalina.core.ContainerBase.[Tomcat].[localhost].[/]:180]-- Initializing Spring embedded WebApplicationContext
[2018-09-03 15:11:29] [INFO ] [org.springframework.web.context.ContextLoader:285]-- Root WebApplicationContext: initialization completed in 2607 ms
[2018-09-03 15:11:29] [INFO ] [org.springframework.boot.web.servlet.ServletRegistrationBean:186]-- Servlet dispatcherServlet mapped to [/]
[2018-09-03 15:11:29] [INFO ] [org.springframework.boot.web.servlet.FilterRegistrationBean:245]-- Mapping filter: 'characterEncodingFilter' to: [/*]
[2018-09-03 15:11:29] [INFO ] [org.springframework.boot.web.servlet.FilterRegistrationBean:245]-- Mapping filter: 'hiddenHttpMethodFilter' to: [/*]
[2018-09-03 15:11:29] [INFO ] [org.springframework.boot.web.servlet.FilterRegistrationBean:245]-- Mapping filter: 'httpPutFormContentFilter' to: [/*]
[2018-09-03 15:11:29] [INFO ] [org.springframework.boot.web.servlet.FilterRegistrationBean:245]-- Mapping filter: 'requestContextFilter' to: [/*]
[2018-09-03 15:11:30] [INFO ] [org.springframework.web.servlet.handler.SimpleUrlHandlerMapping:373]-- Mapped URL path [/**/favicon.ico] onto handler of type [class org.springframework.web.servlet.resource.ResourceHttpRequestHandler]
[2018-09-03 15:11:30] [INFO ] [org.springframework.web.servlet.mvc.method.annotation.RequestMappingHandlerAdapter:574]-- Looking for @ControllerAdvice: org.springframework.boot.web.servlet.context.AnnotationConfigServletWebServerApplicationContext@4032d386: startup date [Mon Sep 03 15:11:26 CST 2018]; root of context hierarchy
[2018-09-03 15:11:30] [INFO ] [org.springframework.web.servlet.mvc.method.annotation.RequestMappingHandlerMapping:547]-- Mapped "{[/common/increaseZan]}" onto public java.util.Map<java.lang.String, java.lang.Integer> xin.toheart.door.controller.CommonController.increaseZan(int,javax.servlet.http.HttpSession)
[2018-09-03 15:11:30] [INFO ] [org.springframework.web.servlet.mvc.method.annotation.RequestMappingHandlerMapping:547]-- Mapped "{[/confession],methods=[GET]}" onto public java.lang.String xin.toheart.door.controller.ConfessionController.home(org.springframework.ui.ModelMap)
[2018-09-03 15:11:30] [INFO ] [org.springframework.web.servlet.mvc.method.annotation.RequestMappingHandlerMapping:547]-- Mapped "{[/confession/addConfession]}" onto public java.lang.String xin.toheart.door.controller.ConfessionController.addConfession(xin.toheart.door.pojo.Confession)
[2018-09-03 15:11:30] [INFO ] [org.springframework.web.servlet.mvc.method.annotation.RequestMappingHandlerMapping:547]-- Mapped "{[/game/2048]}" onto public java.lang.String xin.toheart.door.controller.GameController.game2048()
[2018-09-03 15:11:30] [INFO ] [org.springframework.web.servlet.mvc.method.annotation.RequestMappingHandlerMapping:547]-- Mapped "{[/game/gameHome]}" onto public java.lang.String xin.toheart.door.controller.GameController.gameHome()
[2018-09-03 15:11:30] [INFO ] [org.springframework.web.servlet.mvc.method.annotation.RequestMappingHandlerMapping:547]-- Mapped "{[/],methods=[GET]}" onto public java.lang.String xin.toheart.door.controller.HomeController.home(org.springframework.ui.ModelMap)
[2018-09-03 15:11:30] [INFO ] [org.springframework.web.servlet.mvc.method.annotation.RequestMappingHandlerMapping:547]-- Mapped "{[/login]}" onto public java.lang.String xin.toheart.door.controller.HomeController.login()
[2018-09-03 15:11:30] [INFO ] [org.springframework.web.servlet.mvc.method.annotation.RequestMappingHandlerMapping:547]-- Mapped "{[/logout]}" onto public java.lang.String xin.toheart.door.controller.HomeController.logout(javax.servlet.http.HttpSession)
[2018-09-03 15:11:30] [INFO ] [org.springframework.web.servlet.mvc.method.annotation.RequestMappingHandlerMapping:547]-- Mapped "{[/QQLogin]}" onto public java.lang.String xin.toheart.door.controller.HomeController.QQLogin(java.lang.String,javax.servlet.http.HttpSession) throws java.text.ParseException
[2018-09-03 15:11:30] [INFO ] [org.springframework.web.servlet.mvc.method.annotation.RequestMappingHandlerMapping:547]-- Mapped "{[/pic/upload]}" onto public java.lang.String xin.toheart.door.controller.PicUplodController.upload(org.springframework.web.multipart.MultipartFile)
[2018-09-03 15:11:30] [INFO ] [org.springframework.web.servlet.mvc.method.annotation.RequestMappingHandlerMapping:547]-- Mapped "{[/story/storyList/{index}/{size}],methods=[GET]}" onto public xin.toheart.door.dto.ResponseDto xin.toheart.door.controller.StoryController.storyList(java.lang.String,java.lang.String)
[2018-09-03 15:11:30] [INFO ] [org.springframework.web.servlet.mvc.method.annotation.RequestMappingHandlerMapping:547]-- Mapped "{[/error]}" onto public org.springframework.http.ResponseEntity<java.util.Map<java.lang.String, java.lang.Object>> org.springframework.boot.autoconfigure.web.servlet.error.BasicErrorController.error(javax.servlet.http.HttpServletRequest)
[2018-09-03 15:11:30] [INFO ] [org.springframework.web.servlet.mvc.method.annotation.RequestMappingHandlerMapping:547]-- Mapped "{[/error],produces=[text/html]}" onto public org.springframework.web.servlet.ModelAndView org.springframework.boot.autoconfigure.web.servlet.error.BasicErrorController.errorHtml(javax.servlet.http.HttpServletRequest,javax.servlet.http.HttpServletResponse)
[2018-09-03 15:11:30] [INFO ] [org.springframework.web.servlet.handler.SimpleUrlHandlerMapping:373]-- Mapped URL path [/webjars/**] onto handler of type [class org.springframework.web.servlet.resource.ResourceHttpRequestHandler]
[2018-09-03 15:11:30] [INFO ] [org.springframework.web.servlet.handler.SimpleUrlHandlerMapping:373]-- Mapped URL path [/**] onto handler of type [class org.springframework.web.servlet.resource.ResourceHttpRequestHandler]
[2018-09-03 15:11:31] [INFO ] [org.springframework.jmx.export.annotation.AnnotationMBeanExporter:433]-- Registering beans for JMX exposure on startup
[2018-09-03 15:11:31] [INFO ] [org.springframework.jmx.export.annotation.AnnotationMBeanExporter:895]-- Bean with name 'dataSource' has been autodetected for JMX exposure
[2018-09-03 15:11:31] [INFO ] [org.springframework.jmx.export.annotation.AnnotationMBeanExporter:668]-- Located MBean 'dataSource': registering with JMX server as MBean [com.zaxxer.hikari:name=dataSource,type=HikariDataSource]
[2018-09-03 15:11:31] [INFO ] [org.apache.coyote.http11.Http11NioProtocol:180]-- Starting ProtocolHandler ["http-nio-5201"]
[2018-09-03 15:11:31] [INFO ] [org.apache.tomcat.util.net.NioSelectorPool:180]-- Using a shared selector for servlet write/read
[2018-09-03 15:11:31] [INFO ] [org.springframework.boot.web.embedded.tomcat.TomcatWebServer:206]-- Tomcat started on port(s): 5201 (http) with context path ''
[2018-09-03 15:11:31] [INFO ] [xin.toheart.door.DoorApplication:59]-- Started DoorApplication in 5.206 seconds (JVM running for 5.732)
[2018-09-03 15:11:38] [INFO ] [org.apache.catalina.core.ContainerBase.[Tomcat].[localhost].[/]:180]-- Initializing Spring FrameworkServlet 'dispatcherServlet'
[2018-09-03 15:11:38] [INFO ] [org.springframework.web.servlet.DispatcherServlet:494]-- FrameworkServlet 'dispatcherServlet': initialization started
[2018-09-03 15:11:38] [INFO ] [org.springframework.web.servlet.DispatcherServlet:509]-- FrameworkServlet 'dispatcherServlet': initialization completed in 22 ms
[2018-09-03 15:11:38] [INFO ] [com.zaxxer.hikari.HikariDataSource:110]-- HikariPool-1 - Starting...
[2018-09-03 15:12:18] [INFO ] [xin.toheart.door.DoorApplication:50]-- Starting DoorApplication on PC-2018HWL with PID 7484 (D:\toheartH\toheart\target\classes started by Administrator in D:\toheartH\toheart)
[2018-09-03 15:12:18] [INFO ] [xin.toheart.door.DoorApplication:659]-- No active profile set, falling back to default profiles: default
[2018-09-03 15:12:18] [INFO ] [org.springframework.boot.web.servlet.context.AnnotationConfigServletWebServerApplicationContext:590]-- Refreshing org.springframework.boot.web.servlet.context.AnnotationConfigServletWebServerApplicationContext@22a637e7: startup date [Mon Sep 03 15:12:18 CST 2018]; root of context hierarchy
[2018-09-03 15:12:20] [INFO ] [org.springframework.boot.web.embedded.tomcat.TomcatWebServer:91]-- Tomcat initialized with port(s): 5201 (http)
[2018-09-03 15:12:20] [INFO ] [org.apache.coyote.http11.Http11NioProtocol:180]-- Initializing ProtocolHandler ["http-nio-5201"]
[2018-09-03 15:12:20] [INFO ] [org.apache.catalina.core.StandardService:180]-- Starting service [Tomcat]
[2018-09-03 15:12:20] [INFO ] [org.apache.catalina.core.StandardEngine:180]-- Starting Servlet Engine: Apache Tomcat/8.5.31
[2018-09-03 15:12:20] [INFO ] [org.apache.catalina.core.AprLifecycleListener:180]-- The APR based Apache Tomcat Native library which allows optimal performance in production environments was not found on the java.library.path: [D:\Program Files\Java\jdk1.8.0_161\bin;C:\Windows\Sun\Java\bin;C:\Windows\system32;C:\Windows;C:\ProgramData\Oracle\Java\javapath;C:\Windows\system32;C:\Windows;C:\Windows\System32\Wbem;C:\Windows\System32\WindowsPowerShell\v1.0\;C:\Program Files (x86)\NVIDIA Corporation\PhysX\Common;D:\Program Files\Java\jdk1.8.0_161\bin;D:\Program Files\Git\cmd;D:\work\apache-maven-3.5.3\bin;D:\Program Files\nodejs\;C:\Program Files (x86)\Windows Kits\8.1\Windows Performance Toolkit\;D:\Program Files\PuTTY\;C:\Users\Administrator\AppData\Local\Microsoft\WindowsApps;C:\Users\Administrator\AppData\Roaming\npm;.]
[2018-09-03 15:12:20] [INFO ] [org.apache.catalina.core.ContainerBase.[Tomcat].[localhost].[/]:180]-- Initializing Spring embedded WebApplicationContext
[2018-09-03 15:12:20] [INFO ] [org.springframework.web.context.ContextLoader:285]-- Root WebApplicationContext: initialization completed in 2087 ms
[2018-09-03 15:12:21] [INFO ] [org.springframework.boot.web.servlet.ServletRegistrationBean:186]-- Servlet dispatcherServlet mapped to [/]
[2018-09-03 15:12:21] [INFO ] [org.springframework.boot.web.servlet.FilterRegistrationBean:245]-- Mapping filter: 'characterEncodingFilter' to: [/*]
[2018-09-03 15:12:21] [INFO ] [org.springframework.boot.web.servlet.FilterRegistrationBean:245]-- Mapping filter: 'hiddenHttpMethodFilter' to: [/*]
[2018-09-03 15:12:21] [INFO ] [org.springframework.boot.web.servlet.FilterRegistrationBean:245]-- Mapping filter: 'httpPutFormContentFilter' to: [/*]
[2018-09-03 15:12:21] [INFO ] [org.springframework.boot.web.servlet.FilterRegistrationBean:245]-- Mapping filter: 'requestContextFilter' to: [/*]
[2018-09-03 15:12:21] [INFO ] [org.springframework.web.servlet.handler.SimpleUrlHandlerMapping:373]-- Mapped URL path [/**/favicon.ico] onto handler of type [class org.springframework.web.servlet.resource.ResourceHttpRequestHandler]
[2018-09-03 15:12:21] [INFO ] [org.springframework.web.servlet.mvc.method.annotation.RequestMappingHandlerAdapter:574]-- Looking for @ControllerAdvice: org.springframework.boot.web.servlet.context.AnnotationConfigServletWebServerApplicationContext@22a637e7: startup date [Mon Sep 03 15:12:18 CST 2018]; root of context hierarchy
[2018-09-03 15:12:21] [INFO ] [org.springframework.web.servlet.mvc.method.annotation.RequestMappingHandlerMapping:547]-- Mapped "{[/common/increaseZan]}" onto public java.util.Map<java.lang.String, java.lang.Integer> xin.toheart.door.controller.CommonController.increaseZan(int,javax.servlet.http.HttpSession)
[2018-09-03 15:12:21] [INFO ] [org.springframework.web.servlet.mvc.method.annotation.RequestMappingHandlerMapping:547]-- Mapped "{[/confession],methods=[GET]}" onto public java.lang.String xin.toheart.door.controller.ConfessionController.home(org.springframework.ui.ModelMap)
[2018-09-03 15:12:21] [INFO ] [org.springframework.web.servlet.mvc.method.annotation.RequestMappingHandlerMapping:547]-- Mapped "{[/confession/addConfession]}" onto public java.lang.String xin.toheart.door.controller.ConfessionController.addConfession(xin.toheart.door.pojo.Confession)
[2018-09-03 15:12:21] [INFO ] [org.springframework.web.servlet.mvc.method.annotation.RequestMappingHandlerMapping:547]-- Mapped "{[/game/2048]}" onto public java.lang.String xin.toheart.door.controller.GameController.game2048()
[2018-09-03 15:12:21] [INFO ] [org.springframework.web.servlet.mvc.method.annotation.RequestMappingHandlerMapping:547]-- Mapped "{[/game/gameHome]}" onto public java.lang.String xin.toheart.door.controller.GameController.gameHome()
[2018-09-03 15:12:21] [INFO ] [org.springframework.web.servlet.mvc.method.annotation.RequestMappingHandlerMapping:547]-- Mapped "{[/],methods=[GET]}" onto public java.lang.String xin.toheart.door.controller.HomeController.home(org.springframework.ui.ModelMap)
[2018-09-03 15:12:21] [INFO ] [org.springframework.web.servlet.mvc.method.annotation.RequestMappingHandlerMapping:547]-- Mapped "{[/logout]}" onto public java.lang.String xin.toheart.door.controller.HomeController.logout(javax.servlet.http.HttpSession)
[2018-09-03 15:12:21] [INFO ] [org.springframework.web.servlet.mvc.method.annotation.RequestMappingHandlerMapping:547]-- Mapped "{[/login]}" onto public java.lang.String xin.toheart.door.controller.HomeController.login()
[2018-09-03 15:12:21] [INFO ] [org.springframework.web.servlet.mvc.method.annotation.RequestMappingHandlerMapping:547]-- Mapped "{[/QQLogin]}" onto public java.lang.String xin.toheart.door.controller.HomeController.QQLogin(java.lang.String,javax.servlet.http.HttpSession) throws java.text.ParseException
[2018-09-03 15:12:21] [INFO ] [org.springframework.web.servlet.mvc.method.annotation.RequestMappingHandlerMapping:547]-- Mapped "{[/pic/upload]}" onto public java.lang.String xin.toheart.door.controller.PicUplodController.upload(org.springframework.web.multipart.MultipartFile)
[2018-09-03 15:12:21] [INFO ] [org.springframework.web.servlet.mvc.method.annotation.RequestMappingHandlerMapping:547]-- Mapped "{[/story/storyList/{index}/{size}],methods=[GET]}" onto public xin.toheart.door.dto.ResponseDto xin.toheart.door.controller.StoryController.storyList(java.lang.String,java.lang.String)
[2018-09-03 15:12:21] [INFO ] [org.springframework.web.servlet.mvc.method.annotation.RequestMappingHandlerMapping:547]-- Mapped "{[/error]}" onto public org.springframework.http.ResponseEntity<java.util.Map<java.lang.String, java.lang.Object>> org.springframework.boot.autoconfigure.web.servlet.error.BasicErrorController.error(javax.servlet.http.HttpServletRequest)
[2018-09-03 15:12:22] [INFO ] [org.springframework.web.servlet.mvc.method.annotation.RequestMappingHandlerMapping:547]-- Mapped "{[/error],produces=[text/html]}" onto public org.springframework.web.servlet.ModelAndView org.springframework.boot.autoconfigure.web.servlet.error.BasicErrorController.errorHtml(javax.servlet.http.HttpServletRequest,javax.servlet.http.HttpServletResponse)
[2018-09-03 15:12:22] [INFO ] [org.springframework.web.servlet.handler.SimpleUrlHandlerMapping:373]-- Mapped URL path [/webjars/**] onto handler of type [class org.springframework.web.servlet.resource.ResourceHttpRequestHandler]
[2018-09-03 15:12:22] [INFO ] [org.springframework.web.servlet.handler.SimpleUrlHandlerMapping:373]-- Mapped URL path [/**] onto handler of type [class org.springframework.web.servlet.resource.ResourceHttpRequestHandler]
[2018-09-03 15:12:22] [INFO ] [org.springframework.jmx.export.annotation.AnnotationMBeanExporter:433]-- Registering beans for JMX exposure on startup
[2018-09-03 15:12:22] [INFO ] [org.springframework.jmx.export.annotation.AnnotationMBeanExporter:895]-- Bean with name 'dataSource' has been autodetected for JMX exposure
[2018-09-03 15:12:22] [INFO ] [org.springframework.jmx.export.annotation.AnnotationMBeanExporter:668]-- Located MBean 'dataSource': registering with JMX server as MBean [com.zaxxer.hikari:name=dataSource,type=HikariDataSource]
[2018-09-03 15:12:22] [INFO ] [org.apache.coyote.http11.Http11NioProtocol:180]-- Starting ProtocolHandler ["http-nio-5201"]
[2018-09-03 15:12:22] [INFO ] [org.apache.tomcat.util.net.NioSelectorPool:180]-- Using a shared selector for servlet write/read
[2018-09-03 15:12:22] [INFO ] [org.springframework.boot.web.embedded.tomcat.TomcatWebServer:206]-- Tomcat started on port(s): 5201 (http) with context path ''
[2018-09-03 15:12:22] [INFO ] [xin.toheart.door.DoorApplication:59]-- Started DoorApplication in 4.372 seconds (JVM running for 4.809)
[2018-09-03 15:13:00] [INFO ] [org.apache.catalina.core.ContainerBase.[Tomcat].[localhost].[/]:180]-- Initializing Spring FrameworkServlet 'dispatcherServlet'
[2018-09-03 15:13:00] [INFO ] [org.springframework.web.servlet.DispatcherServlet:494]-- FrameworkServlet 'dispatcherServlet': initialization started
[2018-09-03 15:13:00] [INFO ] [org.springframework.web.servlet.DispatcherServlet:509]-- FrameworkServlet 'dispatcherServlet': initialization completed in 25 ms
[2018-09-03 15:13:00] [INFO ] [com.zaxxer.hikari.HikariDataSource:110]-- HikariPool-1 - Starting...
[2018-09-03 15:13:01] [INFO ] [com.zaxxer.hikari.HikariDataSource:123]-- HikariPool-1 - Start completed.
[2018-09-03 15:13:01] [INFO ] [xin.toheart.door.aspect.TimeCostAspect:60]-- [time cost] 425 ms [path is xin.toheart.door.controller.StoryController.storyList]
[2018-09-03 15:13:22] [INFO ] [xin.toheart.door.DoorApplication:50]-- Starting DoorApplication on PC-2018HWL with PID 4352 (D:\toheartH\toheart\target\classes started by Administrator in D:\toheartH\toheart)
[2018-09-03 15:13:22] [INFO ] [xin.toheart.door.DoorApplication:659]-- No active profile set, falling back to default profiles: default
[2018-09-03 15:13:22] [INFO ] [org.springframework.boot.web.servlet.context.AnnotationConfigServletWebServerApplicationContext:590]-- Refreshing org.springframework.boot.web.servlet.context.AnnotationConfigServletWebServerApplicationContext@36c88a32: startup date [Mon Sep 03 15:13:22 CST 2018]; root of context hierarchy
[2018-09-03 15:13:24] [INFO ] [org.springframework.boot.web.embedded.tomcat.TomcatWebServer:91]-- Tomcat initialized with port(s): 5201 (http)
[2018-09-03 15:13:24] [INFO ] [org.apache.coyote.http11.Http11NioProtocol:180]-- Initializing ProtocolHandler ["http-nio-5201"]
[2018-09-03 15:13:24] [INFO ] [org.apache.catalina.core.StandardService:180]-- Starting service [Tomcat]
[2018-09-03 15:13:24] [INFO ] [org.apache.catalina.core.StandardEngine:180]-- Starting Servlet Engine: Apache Tomcat/8.5.31
[2018-09-03 15:13:24] [INFO ] [org.apache.catalina.core.AprLifecycleListener:180]-- The APR based Apache Tomcat Native library which allows optimal performance in production environments was not found on the java.library.path: [D:\Program Files\Java\jdk1.8.0_161\bin;C:\Windows\Sun\Java\bin;C:\Windows\system32;C:\Windows;C:\ProgramData\Oracle\Java\javapath;C:\Windows\system32;C:\Windows;C:\Windows\System32\Wbem;C:\Windows\System32\WindowsPowerShell\v1.0\;C:\Program Files (x86)\NVIDIA Corporation\PhysX\Common;D:\Program Files\Java\jdk1.8.0_161\bin;D:\Program Files\Git\cmd;D:\work\apache-maven-3.5.3\bin;D:\Program Files\nodejs\;C:\Program Files (x86)\Windows Kits\8.1\Windows Performance Toolkit\;D:\Program Files\PuTTY\;C:\Users\Administrator\AppData\Local\Microsoft\WindowsApps;C:\Users\Administrator\AppData\Roaming\npm;.]
[2018-09-03 15:13:24] [INFO ] [org.apache.catalina.core.ContainerBase.[Tomcat].[localhost].[/]:180]-- Initializing Spring embedded WebApplicationContext
[2018-09-03 15:13:24] [INFO ] [org.springframework.web.context.ContextLoader:285]-- Root WebApplicationContext: initialization completed in 1844 ms
[2018-09-03 15:13:24] [INFO ] [org.springframework.boot.web.servlet.ServletRegistrationBean:186]-- Servlet dispatcherServlet mapped to [/]
[2018-09-03 15:13:24] [INFO ] [org.springframework.boot.web.servlet.FilterRegistrationBean:245]-- Mapping filter: 'characterEncodingFilter' to: [/*]
[2018-09-03 15:13:24] [INFO ] [org.springframework.boot.web.servlet.FilterRegistrationBean:245]-- Mapping filter: 'hiddenHttpMethodFilter' to: [/*]
[2018-09-03 15:13:24] [INFO ] [org.springframework.boot.web.servlet.FilterRegistrationBean:245]-- Mapping filter: 'httpPutFormContentFilter' to: [/*]
[2018-09-03 15:13:24] [INFO ] [org.springframework.boot.web.servlet.FilterRegistrationBean:245]-- Mapping filter: 'requestContextFilter' to: [/*]
[2018-09-03 15:13:25] [INFO ] [org.springframework.web.servlet.handler.SimpleUrlHandlerMapping:373]-- Mapped URL path [/**/favicon.ico] onto handler of type [class org.springframework.web.servlet.resource.ResourceHttpRequestHandler]
[2018-09-03 15:13:25] [INFO ] [org.springframework.web.servlet.mvc.method.annotation.RequestMappingHandlerAdapter:574]-- Looking for @ControllerAdvice: org.springframework.boot.web.servlet.context.AnnotationConfigServletWebServerApplicationContext@36c88a32: startup date [Mon Sep 03 15:13:22 CST 2018]; root of context hierarchy
[2018-09-03 15:13:25] [INFO ] [org.springframework.web.servlet.mvc.method.annotation.RequestMappingHandlerMapping:547]-- Mapped "{[/common/increaseZan]}" onto public java.util.Map<java.lang.String, java.lang.Integer> xin.toheart.door.controller.CommonController.increaseZan(int,javax.servlet.http.HttpSession)
[2018-09-03 15:13:25] [INFO ] [org.springframework.web.servlet.mvc.method.annotation.RequestMappingHandlerMapping:547]-- Mapped "{[/confession],methods=[GET]}" onto public java.lang.String xin.toheart.door.controller.ConfessionController.home(org.springframework.ui.ModelMap)
[2018-09-03 15:13:25] [INFO ] [org.springframework.web.servlet.mvc.method.annotation.RequestMappingHandlerMapping:547]-- Mapped "{[/confession/addConfession]}" onto public java.lang.String xin.toheart.door.controller.ConfessionController.addConfession(xin.toheart.door.pojo.Confession)
[2018-09-03 15:13:25] [INFO ] [org.springframework.web.servlet.mvc.method.annotation.RequestMappingHandlerMapping:547]-- Mapped "{[/game/2048]}" onto public java.lang.String xin.toheart.door.controller.GameController.game2048()
[2018-09-03 15:13:25] [INFO ] [org.springframework.web.servlet.mvc.method.annotation.RequestMappingHandlerMapping:547]-- Mapped "{[/game/gameHome]}" onto public java.lang.String xin.toheart.door.controller.GameController.gameHome()
[2018-09-03 15:13:25] [INFO ] [org.springframework.web.servlet.mvc.method.annotation.RequestMappingHandlerMapping:547]-- Mapped "{[/],methods=[GET]}" onto public java.lang.String xin.toheart.door.controller.HomeController.home(org.springframework.ui.ModelMap)
[2018-09-03 15:13:25] [INFO ] [org.springframework.web.servlet.mvc.method.annotation.RequestMappingHandlerMapping:547]-- Mapped "{[/logout]}" onto public java.lang.String xin.toheart.door.controller.HomeController.logout(javax.servlet.http.HttpSession)
[2018-09-03 15:13:25] [INFO ] [org.springframework.web.servlet.mvc.method.annotation.RequestMappingHandlerMapping:547]-- Mapped "{[/login]}" onto public java.lang.String xin.toheart.door.controller.HomeController.login()
[2018-09-03 15:13:25] [INFO ] [org.springframework.web.servlet.mvc.method.annotation.RequestMappingHandlerMapping:547]-- Mapped "{[/QQLogin]}" onto public java.lang.String xin.toheart.door.controller.HomeController.QQLogin(java.lang.String,javax.servlet.http.HttpSession) throws java.text.ParseException
[2018-09-03 15:13:25] [INFO ] [org.springframework.web.servlet.mvc.method.annotation.RequestMappingHandlerMapping:547]-- Mapped "{[/pic/upload]}" onto public java.lang.String xin.toheart.door.controller.PicUplodController.upload(org.springframework.web.multipart.MultipartFile)
[2018-09-03 15:13:25] [INFO ] [org.springframework.web.servlet.mvc.method.annotation.RequestMappingHandlerMapping:547]-- Mapped "{[/story/storyList/{index}/{size}],methods=[GET]}" onto public xin.toheart.door.dto.ResponseDto xin.toheart.door.controller.StoryController.storyList(java.lang.String,java.lang.String)
[2018-09-03 15:13:25] [INFO ] [org.springframework.web.servlet.mvc.method.annotation.RequestMappingHandlerMapping:547]-- Mapped "{[/error]}" onto public org.springframework.http.ResponseEntity<java.util.Map<java.lang.String, java.lang.Object>> org.springframework.boot.autoconfigure.web.servlet.error.BasicErrorController.error(javax.servlet.http.HttpServletRequest)
[2018-09-03 15:13:25] [INFO ] [org.springframework.web.servlet.mvc.method.annotation.RequestMappingHandlerMapping:547]-- Mapped "{[/error],produces=[text/html]}" onto public org.springframework.web.servlet.ModelAndView org.springframework.boot.autoconfigure.web.servlet.error.BasicErrorController.errorHtml(javax.servlet.http.HttpServletRequest,javax.servlet.http.HttpServletResponse)
[2018-09-03 15:13:25] [INFO ] [org.springframework.web.servlet.handler.SimpleUrlHandlerMapping:373]-- Mapped URL path [/webjars/**] onto handler of type [class org.springframework.web.servlet.resource.ResourceHttpRequestHandler]
[2018-09-03 15:13:25] [INFO ] [org.springframework.web.servlet.handler.SimpleUrlHandlerMapping:373]-- Mapped URL path [/**] onto handler of type [class org.springframework.web.servlet.resource.ResourceHttpRequestHandler]
[2018-09-03 15:13:25] [INFO ] [org.springframework.jmx.export.annotation.AnnotationMBeanExporter:433]-- Registering beans for JMX exposure on startup
[2018-09-03 15:13:25] [INFO ] [org.springframework.jmx.export.annotation.AnnotationMBeanExporter:895]-- Bean with name 'dataSource' has been autodetected for JMX exposure
[2018-09-03 15:13:25] [INFO ] [org.springframework.jmx.export.annotation.AnnotationMBeanExporter:668]-- Located MBean 'dataSource': registering with JMX server as MBean [com.zaxxer.hikari:name=dataSource,type=HikariDataSource]
[2018-09-03 15:13:25] [INFO ] [org.apache.coyote.http11.Http11NioProtocol:180]-- Starting ProtocolHandler ["http-nio-5201"]
[2018-09-03 15:13:25] [INFO ] [org.apache.tomcat.util.net.NioSelectorPool:180]-- Using a shared selector for servlet write/read
[2018-09-03 15:13:25] [INFO ] [org.springframework.boot.web.embedded.tomcat.TomcatWebServer:206]-- Tomcat started on port(s): 5201 (http) with context path ''
[2018-09-03 15:13:25] [INFO ] [xin.toheart.door.DoorApplication:59]-- Started DoorApplication in 4.14 seconds (JVM running for 4.657)
[2018-09-03 15:13:42] [INFO ] [org.apache.catalina.core.ContainerBase.[Tomcat].[localhost].[/]:180]-- Initializing Spring FrameworkServlet 'dispatcherServlet'
[2018-09-03 15:13:42] [INFO ] [org.springframework.web.servlet.DispatcherServlet:494]-- FrameworkServlet 'dispatcherServlet': initialization started
[2018-09-03 15:13:42] [INFO ] [org.springframework.web.servlet.DispatcherServlet:509]-- FrameworkServlet 'dispatcherServlet': initialization completed in 22 ms
[2018-09-03 15:13:42] [INFO ] [com.zaxxer.hikari.HikariDataSource:110]-- HikariPool-1 - Starting...
[2018-09-03 15:13:42] [INFO ] [com.zaxxer.hikari.HikariDataSource:123]-- HikariPool-1 - Start completed.
[2018-09-03 15:13:42] [INFO ] [xin.toheart.door.aspect.TimeCostAspect:60]-- [time cost] 552 ms [path is xin.toheart.door.controller.StoryController.storyList]
[2018-09-03 15:13:53] [INFO ] [xin.toheart.door.DoorApplication:50]-- Starting DoorApplication on PC-2018HWL with PID 9316 (D:\toheartH\toheart\target\classes started by Administrator in D:\toheartH\toheart)
[2018-09-03 15:13:53] [INFO ] [xin.toheart.door.DoorApplication:659]-- No active profile set, falling back to default profiles: default
[2018-09-03 15:13:53] [INFO ] [org.springframework.boot.web.servlet.context.AnnotationConfigServletWebServerApplicationContext:590]-- Refreshing org.springframework.boot.web.servlet.context.AnnotationConfigServletWebServerApplicationContext@6a57ae10: startup date [Mon Sep 03 15:13:53 CST 2018]; root of context hierarchy
[2018-09-03 15:13:55] [INFO ] [org.springframework.boot.web.embedded.tomcat.TomcatWebServer:91]-- Tomcat initialized with port(s): 5201 (http)
[2018-09-03 15:13:55] [INFO ] [org.apache.coyote.http11.Http11NioProtocol:180]-- Initializing ProtocolHandler ["http-nio-5201"]
[2018-09-03 15:13:55] [INFO ] [org.apache.catalina.core.StandardService:180]-- Starting service [Tomcat]
[2018-09-03 15:13:55] [INFO ] [org.apache.catalina.core.StandardEngine:180]-- Starting Servlet Engine: Apache Tomcat/8.5.31
[2018-09-03 15:13:55] [INFO ] [org.apache.catalina.core.AprLifecycleListener:180]-- The APR based Apache Tomcat Native library which allows optimal performance in production environments was not found on the java.library.path: [D:\Program Files\Java\jdk1.8.0_161\bin;C:\Windows\Sun\Java\bin;C:\Windows\system32;C:\Windows;C:\ProgramData\Oracle\Java\javapath;C:\Windows\system32;C:\Windows;C:\Windows\System32\Wbem;C:\Windows\System32\WindowsPowerShell\v1.0\;C:\Program Files (x86)\NVIDIA Corporation\PhysX\Common;D:\Program Files\Java\jdk1.8.0_161\bin;D:\Program Files\Git\cmd;D:\work\apache-maven-3.5.3\bin;D:\Program Files\nodejs\;C:\Program Files (x86)\Windows Kits\8.1\Windows Performance Toolkit\;D:\Program Files\PuTTY\;C:\Users\Administrator\AppData\Local\Microsoft\WindowsApps;C:\Users\Administrator\AppData\Roaming\npm;.]
[2018-09-03 15:13:56] [INFO ] [org.apache.catalina.core.ContainerBase.[Tomcat].[localhost].[/]:180]-- Initializing Spring embedded WebApplicationContext
[2018-09-03 15:13:56] [INFO ] [org.springframework.web.context.ContextLoader:285]-- Root WebApplicationContext: initialization completed in 2287 ms
[2018-09-03 15:13:56] [INFO ] [org.springframework.boot.web.servlet.ServletRegistrationBean:186]-- Servlet dispatcherServlet mapped to [/]
[2018-09-03 15:13:56] [INFO ] [org.springframework.boot.web.servlet.FilterRegistrationBean:245]-- Mapping filter: 'characterEncodingFilter' to: [/*]
[2018-09-03 15:13:56] [INFO ] [org.springframework.boot.web.servlet.FilterRegistrationBean:245]-- Mapping filter: 'hiddenHttpMethodFilter' to: [/*]
[2018-09-03 15:13:56] [INFO ] [org.springframework.boot.web.servlet.FilterRegistrationBean:245]-- Mapping filter: 'httpPutFormContentFilter' to: [/*]
[2018-09-03 15:13:56] [INFO ] [org.springframework.boot.web.servlet.FilterRegistrationBean:245]-- Mapping filter: 'requestContextFilter' to: [/*]
[2018-09-03 15:13:56] [INFO ] [org.springframework.web.servlet.handler.SimpleUrlHandlerMapping:373]-- Mapped URL path [/**/favicon.ico] onto handler of type [class org.springframework.web.servlet.resource.ResourceHttpRequestHandler]
[2018-09-03 15:13:57] [INFO ] [org.springframework.web.servlet.mvc.method.annotation.RequestMappingHandlerAdapter:574]-- Looking for @ControllerAdvice: org.springframework.boot.web.servlet.context.AnnotationConfigServletWebServerApplicationContext@6a57ae10: startup date [Mon Sep 03 15:13:53 CST 2018]; root of context hierarchy
[2018-09-03 15:13:57] [INFO ] [org.springframework.web.servlet.mvc.method.annotation.RequestMappingHandlerMapping:547]-- Mapped "{[/common/increaseZan]}" onto public java.util.Map<java.lang.String, java.lang.Integer> xin.toheart.door.controller.CommonController.increaseZan(int,javax.servlet.http.HttpSession)
[2018-09-03 15:13:57] [INFO ] [org.springframework.web.servlet.mvc.method.annotation.RequestMappingHandlerMapping:547]-- Mapped "{[/confession],methods=[GET]}" onto public java.lang.String xin.toheart.door.controller.ConfessionController.home(org.springframework.ui.ModelMap)
[2018-09-03 15:13:57] [INFO ] [org.springframework.web.servlet.mvc.method.annotation.RequestMappingHandlerMapping:547]-- Mapped "{[/confession/addConfession]}" onto public java.lang.String xin.toheart.door.controller.ConfessionController.addConfession(xin.toheart.door.pojo.Confession)
[2018-09-03 15:13:57] [INFO ] [org.springframework.web.servlet.mvc.method.annotation.RequestMappingHandlerMapping:547]-- Mapped "{[/game/gameHome]}" onto public java.lang.String xin.toheart.door.controller.GameController.gameHome()
[2018-09-03 15:13:57] [INFO ] [org.springframework.web.servlet.mvc.method.annotation.RequestMappingHandlerMapping:547]-- Mapped "{[/game/2048]}" onto public java.lang.String xin.toheart.door.controller.GameController.game2048()
[2018-09-03 15:13:57] [INFO ] [org.springframework.web.servlet.mvc.method.annotation.RequestMappingHandlerMapping:547]-- Mapped "{[/],methods=[GET]}" onto public java.lang.String xin.toheart.door.controller.HomeController.home(org.springframework.ui.ModelMap)
[2018-09-03 15:13:57] [INFO ] [org.springframework.web.servlet.mvc.method.annotation.RequestMappingHandlerMapping:547]-- Mapped "{[/logout]}" onto public java.lang.String xin.toheart.door.controller.HomeController.logout(javax.servlet.http.HttpSession)
[2018-09-03 15:13:57] [INFO ] [org.springframework.web.servlet.mvc.method.annotation.RequestMappingHandlerMapping:547]-- Mapped "{[/login]}" onto public java.lang.String xin.toheart.door.controller.HomeController.login()
[2018-09-03 15:13:57] [INFO ] [org.springframework.web.servlet.mvc.method.annotation.RequestMappingHandlerMapping:547]-- Mapped "{[/QQLogin]}" onto public java.lang.String xin.toheart.door.controller.HomeController.QQLogin(java.lang.String,javax.servlet.http.HttpSession) throws java.text.ParseException
[2018-09-03 15:13:57] [INFO ] [org.springframework.web.servlet.mvc.method.annotation.RequestMappingHandlerMapping:547]-- Mapped "{[/pic/upload]}" onto public java.lang.String xin.toheart.door.controller.PicUplodController.upload(org.springframework.web.multipart.MultipartFile)
[2018-09-03 15:13:57] [INFO ] [org.springframework.web.servlet.mvc.method.annotation.RequestMappingHandlerMapping:547]-- Mapped "{[/story/storyList/{index}/{size}],methods=[GET]}" onto public xin.toheart.door.dto.ResponseDto xin.toheart.door.controller.StoryController.storyList(java.lang.String,java.lang.String)
[2018-09-03 15:13:57] [INFO ] [org.springframework.web.servlet.mvc.method.annotation.RequestMappingHandlerMapping:547]-- Mapped "{[/error]}" onto public org.springframework.http.ResponseEntity<java.util.Map<java.lang.String, java.lang.Object>> org.springframework.boot.autoconfigure.web.servlet.error.BasicErrorController.error(javax.servlet.http.HttpServletRequest)
[2018-09-03 15:13:57] [INFO ] [org.springframework.web.servlet.mvc.method.annotation.RequestMappingHandlerMapping:547]-- Mapped "{[/error],produces=[text/html]}" onto public org.springframework.web.servlet.ModelAndView org.springframework.boot.autoconfigure.web.servlet.error.BasicErrorController.errorHtml(javax.servlet.http.HttpServletRequest,javax.servlet.http.HttpServletResponse)
[2018-09-03 15:13:57] [INFO ] [org.springframework.web.servlet.handler.SimpleUrlHandlerMapping:373]-- Mapped URL path [/webjars/**] onto handler of type [class org.springframework.web.servlet.resource.ResourceHttpRequestHandler]
[2018-09-03 15:13:57] [INFO ] [org.springframework.web.servlet.handler.SimpleUrlHandlerMapping:373]-- Mapped URL path [/**] onto handler of type [class org.springframework.web.servlet.resource.ResourceHttpRequestHandler]
[2018-09-03 15:13:58] [INFO ] [org.springframework.jmx.export.annotation.AnnotationMBeanExporter:433]-- Registering beans for JMX exposure on startup
[2018-09-03 15:13:58] [INFO ] [org.springframework.jmx.export.annotation.AnnotationMBeanExporter:895]-- Bean with name 'dataSource' has been autodetected for JMX exposure
[2018-09-03 15:13:58] [INFO ] [org.springframework.jmx.export.annotation.AnnotationMBeanExporter:668]-- Located MBean 'dataSource': registering with JMX server as MBean [com.zaxxer.hikari:name=dataSource,type=HikariDataSource]
[2018-09-03 15:13:58] [INFO ] [org.apache.coyote.http11.Http11NioProtocol:180]-- Starting ProtocolHandler ["http-nio-5201"]
[2018-09-03 15:13:58] [INFO ] [org.apache.tomcat.util.net.NioSelectorPool:180]-- Using a shared selector for servlet write/read
[2018-09-03 15:13:58] [INFO ] [org.springframework.boot.web.embedded.tomcat.TomcatWebServer:206]-- Tomcat started on port(s): 5201 (http) with context path ''
[2018-09-03 15:13:58] [INFO ] [xin.toheart.door.DoorApplication:59]-- Started DoorApplication in 5.004 seconds (JVM running for 5.575)
[2018-09-03 15:39:26] [INFO ] [org.apache.catalina.core.ContainerBase.[Tomcat].[localhost].[/]:180]-- Initializing Spring FrameworkServlet 'dispatcherServlet'
[2018-09-03 15:39:26] [INFO ] [org.springframework.web.servlet.DispatcherServlet:494]-- FrameworkServlet 'dispatcherServlet': initialization started
[2018-09-03 15:39:26] [INFO ] [org.springframework.web.servlet.DispatcherServlet:509]-- FrameworkServlet 'dispatcherServlet': initialization completed in 77 ms
[2018-09-03 15:39:26] [INFO ] [com.zaxxer.hikari.HikariDataSource:110]-- HikariPool-1 - Starting...
[2018-09-03 15:39:26] [INFO ] [com.zaxxer.hikari.HikariDataSource:123]-- HikariPool-1 - Start completed.
[2018-09-03 15:39:27] [INFO ] [xin.toheart.door.aspect.TimeCostAspect:60]-- [time cost] 631 ms [path is xin.toheart.door.controller.StoryController.storyList]
[2018-09-03 20:40:09] [INFO ] [xin.toheart.door.DoorApplication:50]-- Starting DoorApplication on PC-2018HWL with PID 1532 (D:\toheartH\toheart\target\classes started by Administrator in D:\toheartH\toheart)
[2018-09-03 20:40:09] [INFO ] [xin.toheart.door.DoorApplication:659]-- No active profile set, falling back to default profiles: default
[2018-09-03 20:40:09] [INFO ] [org.springframework.boot.web.servlet.context.AnnotationConfigServletWebServerApplicationContext:590]-- Refreshing org.springframework.boot.web.servlet.context.AnnotationConfigServletWebServerApplicationContext@5223e5ee: startup date [Mon Sep 03 20:40:09 CST 2018]; root of context hierarchy
[2018-09-03 20:40:11] [INFO ] [org.springframework.boot.web.embedded.tomcat.TomcatWebServer:91]-- Tomcat initialized with port(s): 5201 (http)
[2018-09-03 20:40:11] [INFO ] [org.apache.coyote.http11.Http11NioProtocol:180]-- Initializing ProtocolHandler ["http-nio-5201"]
[2018-09-03 20:40:11] [INFO ] [org.apache.catalina.core.StandardService:180]-- Starting service [Tomcat]
[2018-09-03 20:40:11] [INFO ] [org.apache.catalina.core.StandardEngine:180]-- Starting Servlet Engine: Apache Tomcat/8.5.31
[2018-09-03 20:40:11] [INFO ] [org.apache.catalina.core.AprLifecycleListener:180]-- The APR based Apache Tomcat Native library which allows optimal performance in production environments was not found on the java.library.path: [D:\Program Files\Java\jdk1.8.0_161\bin;C:\Windows\Sun\Java\bin;C:\Windows\system32;C:\Windows;C:\ProgramData\Oracle\Java\javapath;C:\Windows\system32;C:\Windows;C:\Windows\System32\Wbem;C:\Windows\System32\WindowsPowerShell\v1.0\;C:\Program Files (x86)\NVIDIA Corporation\PhysX\Common;D:\Program Files\Java\jdk1.8.0_161\bin;D:\Program Files\Git\cmd;D:\work\apache-maven-3.5.3\bin;D:\Program Files\nodejs\;C:\Program Files (x86)\Windows Kits\8.1\Windows Performance Toolkit\;D:\Program Files\PuTTY\;C:\Users\Administrator\AppData\Local\Microsoft\WindowsApps;C:\Users\Administrator\AppData\Roaming\npm;.]
[2018-09-03 20:40:11] [INFO ] [org.apache.catalina.core.ContainerBase.[Tomcat].[localhost].[/]:180]-- Initializing Spring embedded WebApplicationContext
[2018-09-03 20:40:11] [INFO ] [org.springframework.web.context.ContextLoader:285]-- Root WebApplicationContext: initialization completed in 2059 ms
[2018-09-03 20:40:12] [INFO ] [org.springframework.boot.web.servlet.ServletRegistrationBean:186]-- Servlet dispatcherServlet mapped to [/]
[2018-09-03 20:40:12] [INFO ] [org.springframework.boot.web.servlet.FilterRegistrationBean:245]-- Mapping filter: 'characterEncodingFilter' to: [/*]
[2018-09-03 20:40:12] [INFO ] [org.springframework.boot.web.servlet.FilterRegistrationBean:245]-- Mapping filter: 'hiddenHttpMethodFilter' to: [/*]
[2018-09-03 20:40:12] [INFO ] [org.springframework.boot.web.servlet.FilterRegistrationBean:245]-- Mapping filter: 'httpPutFormContentFilter' to: [/*]
[2018-09-03 20:40:12] [INFO ] [org.springframework.boot.web.servlet.FilterRegistrationBean:245]-- Mapping filter: 'requestContextFilter' to: [/*]
[2018-09-03 20:40:12] [INFO ] [org.springframework.web.servlet.handler.SimpleUrlHandlerMapping:373]-- Mapped URL path [/**/favicon.ico] onto handler of type [class org.springframework.web.servlet.resource.ResourceHttpRequestHandler]
[2018-09-03 20:40:12] [INFO ] [org.springframework.web.servlet.mvc.method.annotation.RequestMappingHandlerAdapter:574]-- Looking for @ControllerAdvice: org.springframework.boot.web.servlet.context.AnnotationConfigServletWebServerApplicationContext@5223e5ee: startup date [Mon Sep 03 20:40:09 CST 2018]; root of context hierarchy
[2018-09-03 20:40:12] [INFO ] [org.springframework.web.servlet.mvc.method.annotation.RequestMappingHandlerMapping:547]-- Mapped "{[/common/increaseZan]}" onto public java.util.Map<java.lang.String, java.lang.Integer> xin.toheart.door.controller.CommonController.increaseZan(int,javax.servlet.http.HttpSession)
[2018-09-03 20:40:12] [INFO ] [org.springframework.web.servlet.mvc.method.annotation.RequestMappingHandlerMapping:547]-- Mapped "{[/confession],methods=[GET]}" onto public java.lang.String xin.toheart.door.controller.ConfessionController.home(org.springframework.ui.ModelMap)
[2018-09-03 20:40:12] [INFO ] [org.springframework.web.servlet.mvc.method.annotation.RequestMappingHandlerMapping:547]-- Mapped "{[/confession/addConfession]}" onto public java.lang.String xin.toheart.door.controller.ConfessionController.addConfession(xin.toheart.door.pojo.Confession)
[2018-09-03 20:40:12] [INFO ] [org.springframework.web.servlet.mvc.method.annotation.RequestMappingHandlerMapping:547]-- Mapped "{[/game/2048]}" onto public java.lang.String xin.toheart.door.controller.GameController.game2048()
[2018-09-03 20:40:12] [INFO ] [org.springframework.web.servlet.mvc.method.annotation.RequestMappingHandlerMapping:547]-- Mapped "{[/game/gameHome]}" onto public java.lang.String xin.toheart.door.controller.GameController.gameHome()
[2018-09-03 20:40:12] [INFO ] [org.springframework.web.servlet.mvc.method.annotation.RequestMappingHandlerMapping:547]-- Mapped "{[/],methods=[GET]}" onto public java.lang.String xin.toheart.door.controller.HomeController.home(org.springframework.ui.ModelMap)
[2018-09-03 20:40:12] [INFO ] [org.springframework.web.servlet.mvc.method.annotation.RequestMappingHandlerMapping:547]-- Mapped "{[/login]}" onto public java.lang.String xin.toheart.door.controller.HomeController.login()
[2018-09-03 20:40:12] [INFO ] [org.springframework.web.servlet.mvc.method.annotation.RequestMappingHandlerMapping:547]-- Mapped "{[/logout]}" onto public java.lang.String xin.toheart.door.controller.HomeController.logout(javax.servlet.http.HttpSession)
[2018-09-03 20:40:12] [INFO ] [org.springframework.web.servlet.mvc.method.annotation.RequestMappingHandlerMapping:547]-- Mapped "{[/QQLogin]}" onto public java.lang.String xin.toheart.door.controller.HomeController.QQLogin(java.lang.String,javax.servlet.http.HttpSession) throws java.text.ParseException
[2018-09-03 20:40:12] [INFO ] [org.springframework.web.servlet.mvc.method.annotation.RequestMappingHandlerMapping:547]-- Mapped "{[/pic/upload]}" onto public java.lang.String xin.toheart.door.controller.PicUplodController.upload(org.springframework.web.multipart.MultipartFile)
[2018-09-03 20:40:12] [INFO ] [org.springframework.web.servlet.mvc.method.annotation.RequestMappingHandlerMapping:547]-- Mapped "{[/story/storyList/{index}/{size}],methods=[GET]}" onto public xin.toheart.door.dto.ResponseDto xin.toheart.door.controller.StoryController.storyList(java.lang.String,java.lang.String)
[2018-09-03 20:40:12] [INFO ] [org.springframework.web.servlet.mvc.method.annotation.RequestMappingHandlerMapping:547]-- Mapped "{[/error]}" onto public org.springframework.http.ResponseEntity<java.util.Map<java.lang.String, java.lang.Object>> org.springframework.boot.autoconfigure.web.servlet.error.BasicErrorController.error(javax.servlet.http.HttpServletRequest)
[2018-09-03 20:40:12] [INFO ] [org.springframework.web.servlet.mvc.method.annotation.RequestMappingHandlerMapping:547]-- Mapped "{[/error],produces=[text/html]}" onto public org.springframework.web.servlet.ModelAndView org.springframework.boot.autoconfigure.web.servlet.error.BasicErrorController.errorHtml(javax.servlet.http.HttpServletRequest,javax.servlet.http.HttpServletResponse)
[2018-09-03 20:40:12] [INFO ] [org.springframework.web.servlet.handler.SimpleUrlHandlerMapping:373]-- Mapped URL path [/webjars/**] onto handler of type [class org.springframework.web.servlet.resource.ResourceHttpRequestHandler]
[2018-09-03 20:40:12] [INFO ] [org.springframework.web.servlet.handler.SimpleUrlHandlerMapping:373]-- Mapped URL path [/**] onto handler of type [class org.springframework.web.servlet.resource.ResourceHttpRequestHandler]
[2018-09-03 20:40:13] [INFO ] [org.springframework.jmx.export.annotation.AnnotationMBeanExporter:433]-- Registering beans for JMX exposure on startup
[2018-09-03 20:40:13] [INFO ] [org.springframework.jmx.export.annotation.AnnotationMBeanExporter:895]-- Bean with name 'dataSource' has been autodetected for JMX exposure
[2018-09-03 20:40:13] [INFO ] [org.springframework.jmx.export.annotation.AnnotationMBeanExporter:668]-- Located MBean 'dataSource': registering with JMX server as MBean [com.zaxxer.hikari:name=dataSource,type=HikariDataSource]
[2018-09-03 20:40:13] [INFO ] [org.apache.coyote.http11.Http11NioProtocol:180]-- Starting ProtocolHandler ["http-nio-5201"]
[2018-09-03 20:40:13] [INFO ] [org.apache.tomcat.util.net.NioSelectorPool:180]-- Using a shared selector for servlet write/read
[2018-09-03 20:40:13] [INFO ] [org.springframework.boot.web.embedded.tomcat.TomcatWebServer:206]-- Tomcat started on port(s): 5201 (http) with context path ''
[2018-09-03 20:40:13] [INFO ] [xin.toheart.door.DoorApplication:59]-- Started DoorApplication in 4.735 seconds (JVM running for 5.511)
[2018-09-03 20:40:19] [INFO ] [org.apache.catalina.core.ContainerBase.[Tomcat].[localhost].[/]:180]-- Initializing Spring FrameworkServlet 'dispatcherServlet'
[2018-09-03 20:40:19] [INFO ] [org.springframework.web.servlet.DispatcherServlet:494]-- FrameworkServlet 'dispatcherServlet': initialization started
[2018-09-03 20:40:19] [INFO ] [org.springframework.web.servlet.DispatcherServlet:509]-- FrameworkServlet 'dispatcherServlet': initialization completed in 22 ms
[2018-09-03 20:40:19] [INFO ] [com.zaxxer.hikari.HikariDataSource:110]-- HikariPool-1 - Starting...
[2018-09-03 20:40:19] [INFO ] [com.zaxxer.hikari.HikariDataSource:123]-- HikariPool-1 - Start completed.
[2018-09-03 20:40:19] [INFO ] [xin.toheart.door.aspect.TimeCostAspect:60]-- [time cost] 570 ms [path is xin.toheart.door.controller.StoryController.storyList]
[2018-09-03 20:40:25] [INFO ] [xin.toheart.door.aspect.TimeCostAspect:60]-- [time cost] 60 ms [path is xin.toheart.door.controller.StoryController.storyList]
[2018-09-03 20:40:51] [INFO ] [xin.toheart.door.aspect.TimeCostAspect:60]-- [time cost] 56 ms [path is xin.toheart.door.controller.StoryController.storyList]
[2018-09-03 20:43:41] [INFO ] [xin.toheart.door.aspect.TimeCostAspect:60]-- [time cost] 66 ms [path is xin.toheart.door.controller.StoryController.storyList]
[2018-09-03 21:04:47] [INFO ] [xin.toheart.door.aspect.TimeCostAspect:60]-- [time cost] 10080 ms [path is xin.toheart.door.controller.StoryController.storyList]
[2018-09-03 21:04:49] [INFO ] [xin.toheart.door.aspect.TimeCostAspect:60]-- [time cost] 10077 ms [path is xin.toheart.door.controller.StoryController.storyList]
