[2018-09-26 10:19:24] [INFO ] [xin.toheart.door.DoorApplicationTests:50]-- Starting DoorApplicationTests on PC-2018HWL with PID 8332 (started by Administrator in D:\toheartH\toheart)
[2018-09-26 10:19:24] [INFO ] [xin.toheart.door.DoorApplicationTests:659]-- No active profile set, falling back to default profiles: default
[2018-09-26 10:19:24] [INFO ] [org.springframework.web.context.support.GenericWebApplicationContext:590]-- Refreshing org.springframework.web.context.support.GenericWebApplicationContext@769a1df5: startup date [Wed Sep 26 10:19:24 CST 2018]; root of context hierarchy
[2018-09-26 10:19:28] [INFO ] [org.springframework.web.servlet.handler.SimpleUrlHandlerMapping:373]-- Mapped URL path [/**/favicon.ico] onto handler of type [class org.springframework.web.servlet.resource.ResourceHttpRequestHandler]
[2018-09-26 10:19:28] [INFO ] [org.springframework.web.servlet.mvc.method.annotation.RequestMappingHandlerAdapter:574]-- Looking for @ControllerAdvice: org.springframework.web.context.support.GenericWebApplicationContext@769a1df5: startup date [Wed Sep 26 10:19:24 CST 2018]; root of context hierarchy
[2018-09-26 10:19:28] [INFO ] [org.springframework.web.servlet.mvc.method.annotation.RequestMappingHandlerMapping:547]-- Mapped "{[/common/increaseComment]}" onto public xin.toheart.door.dto.ResponseDto xin.toheart.door.controller.CommonController.increaseComment(int,int,int,java.lang.String,javax.servlet.http.HttpSession)
[2018-09-26 10:19:28] [INFO ] [org.springframework.web.servlet.mvc.method.annotation.RequestMappingHandlerMapping:547]-- Mapped "{[/common/increaseZan]}" onto public xin.toheart.door.dto.ResponseDto xin.toheart.door.controller.CommonController.increaseZan(int,int,javax.servlet.http.HttpSession)
[2018-09-26 10:19:28] [INFO ] [org.springframework.web.servlet.mvc.method.annotation.RequestMappingHandlerMapping:547]-- Mapped "{[/common/findComment]}" onto public xin.toheart.door.dto.ResponseDto xin.toheart.door.controller.CommonController.findComment(int,int)
[2018-09-26 10:19:28] [INFO ] [org.springframework.web.servlet.mvc.method.annotation.RequestMappingHandlerMapping:547]-- Mapped "{[/confession/addConfession]}" onto public xin.toheart.door.dto.ResponseDto xin.toheart.door.controller.ConfessionController.addConfession(xin.toheart.door.pojo.Confession)
[2018-09-26 10:19:28] [INFO ] [org.springframework.web.servlet.mvc.method.annotation.RequestMappingHandlerMapping:547]-- Mapped "{[/confession/confessionList/{index}/{size}]}" onto public xin.toheart.door.dto.ResponseDto xin.toheart.door.controller.ConfessionController.confessionList(java.lang.String,java.lang.String)
[2018-09-26 10:19:28] [INFO ] [org.springframework.web.servlet.mvc.method.annotation.RequestMappingHandlerMapping:547]-- Mapped "{[/confession/getConfession/{id}]}" onto public xin.toheart.door.dto.ResponseDto xin.toheart.door.controller.ConfessionController.getConfessionById(java.lang.String)
[2018-09-26 10:19:28] [INFO ] [org.springframework.web.servlet.mvc.method.annotation.RequestMappingHandlerMapping:547]-- Mapped "{[/confession/splendidConfession/inHome]}" onto public xin.toheart.door.dto.ResponseDto xin.toheart.door.controller.ConfessionController.splendidConfession()
[2018-09-26 10:19:28] [INFO ] [org.springframework.web.servlet.mvc.method.annotation.RequestMappingHandlerMapping:547]-- Mapped "{[/game/gameHome]}" onto public java.lang.String xin.toheart.door.controller.GameController.gameHome()
[2018-09-26 10:19:28] [INFO ] [org.springframework.web.servlet.mvc.method.annotation.RequestMappingHandlerMapping:547]-- Mapped "{[/game/2048]}" onto public java.lang.String xin.toheart.door.controller.GameController.game2048()
[2018-09-26 10:19:28] [INFO ] [org.springframework.web.servlet.mvc.method.annotation.RequestMappingHandlerMapping:547]-- Mapped "{[/logout]}" onto public java.lang.String xin.toheart.door.controller.HomeController.logout(javax.servlet.http.HttpSession)
[2018-09-26 10:19:28] [INFO ] [org.springframework.web.servlet.mvc.method.annotation.RequestMappingHandlerMapping:547]-- Mapped "{[/login]}" onto public java.lang.String xin.toheart.door.controller.HomeController.login(javax.servlet.http.HttpServletResponse) throws java.io.IOException
[2018-09-26 10:19:28] [INFO ] [org.springframework.web.servlet.mvc.method.annotation.RequestMappingHandlerMapping:547]-- Mapped "{[/QQLogin]}" onto public java.lang.String xin.toheart.door.controller.HomeController.QQLogin(java.lang.String,javax.servlet.http.HttpSession,javax.servlet.http.HttpServletResponse) throws java.text.ParseException,java.io.IOException
[2018-09-26 10:19:28] [INFO ] [org.springframework.web.servlet.mvc.method.annotation.RequestMappingHandlerMapping:547]-- Mapped "{[/pic/upload]}" onto public java.lang.String xin.toheart.door.controller.PicUplodController.upload(org.springframework.web.multipart.MultipartFile)
[2018-09-26 10:19:28] [INFO ] [org.springframework.web.servlet.mvc.method.annotation.RequestMappingHandlerMapping:547]-- Mapped "{[/story/splendidStory/inHome]}" onto public xin.toheart.door.dto.ResponseDto xin.toheart.door.controller.StoryController.splendidStoryInHome()
[2018-09-26 10:19:28] [INFO ] [org.springframework.web.servlet.mvc.method.annotation.RequestMappingHandlerMapping:547]-- Mapped "{[/story/storyList/{index}/{size}],methods=[GET]}" onto public xin.toheart.door.dto.ResponseDto xin.toheart.door.controller.StoryController.storyList(java.lang.String,java.lang.String)
[2018-09-26 10:19:28] [INFO ] [org.springframework.web.servlet.mvc.method.annotation.RequestMappingHandlerMapping:547]-- Mapped "{[/story/showStory/{id}],methods=[GET]}" onto public xin.toheart.door.dto.ResponseDto xin.toheart.door.controller.StoryController.showStory(int)
[2018-09-26 10:19:28] [INFO ] [org.springframework.web.servlet.mvc.method.annotation.RequestMappingHandlerMapping:547]-- Mapped "{[/story/saveStory],methods=[POST]}" onto public xin.toheart.door.dto.ResponseDto xin.toheart.door.controller.StoryController.saveStory(xin.toheart.door.pojo.Story)
[2018-09-26 10:19:28] [INFO ] [org.springframework.web.servlet.mvc.method.annotation.RequestMappingHandlerMapping:547]-- Mapped "{[/error]}" onto public org.springframework.http.ResponseEntity<java.util.Map<java.lang.String, java.lang.Object>> org.springframework.boot.autoconfigure.web.servlet.error.BasicErrorController.error(javax.servlet.http.HttpServletRequest)
[2018-09-26 10:19:28] [INFO ] [org.springframework.web.servlet.mvc.method.annotation.RequestMappingHandlerMapping:547]-- Mapped "{[/error],produces=[text/html]}" onto public org.springframework.web.servlet.ModelAndView org.springframework.boot.autoconfigure.web.servlet.error.BasicErrorController.errorHtml(javax.servlet.http.HttpServletRequest,javax.servlet.http.HttpServletResponse)
[2018-09-26 10:19:28] [INFO ] [org.springframework.web.servlet.handler.SimpleUrlHandlerMapping:373]-- Mapped URL path [/webjars/**] onto handler of type [class org.springframework.web.servlet.resource.ResourceHttpRequestHandler]
[2018-09-26 10:19:28] [INFO ] [org.springframework.web.servlet.handler.SimpleUrlHandlerMapping:373]-- Mapped URL path [/**] onto handler of type [class org.springframework.web.servlet.resource.ResourceHttpRequestHandler]
[2018-09-26 10:19:29] [INFO ] [xin.toheart.door.DoorApplicationTests:59]-- Started DoorApplicationTests in 5.451 seconds (JVM running for 6.658)
[2018-09-26 10:19:29] [INFO ] [org.springframework.web.context.support.GenericWebApplicationContext:993]-- Closing org.springframework.web.context.support.GenericWebApplicationContext@769a1df5: startup date [Wed Sep 26 10:19:24 CST 2018]; root of context hierarchy
[2018-09-26 10:23:41] [INFO ] [xin.toheart.door.DoorApplicationTests:50]-- Starting DoorApplicationTests on PC-2018HWL with PID 10632 (started by Administrator in D:\toheartH\toheart)
[2018-09-26 10:23:41] [INFO ] [xin.toheart.door.DoorApplicationTests:659]-- No active profile set, falling back to default profiles: default
[2018-09-26 10:23:41] [INFO ] [org.springframework.web.context.support.GenericWebApplicationContext:590]-- Refreshing org.springframework.web.context.support.GenericWebApplicationContext@3e78b6a5: startup date [Wed Sep 26 10:23:41 CST 2018]; root of context hierarchy
[2018-09-26 10:23:43] [INFO ] [org.springframework.web.servlet.handler.SimpleUrlHandlerMapping:373]-- Mapped URL path [/**/favicon.ico] onto handler of type [class org.springframework.web.servlet.resource.ResourceHttpRequestHandler]
[2018-09-26 10:23:43] [INFO ] [org.springframework.web.servlet.mvc.method.annotation.RequestMappingHandlerAdapter:574]-- Looking for @ControllerAdvice: org.springframework.web.context.support.GenericWebApplicationContext@3e78b6a5: startup date [Wed Sep 26 10:23:41 CST 2018]; root of context hierarchy
[2018-09-26 10:23:44] [INFO ] [org.springframework.web.servlet.mvc.method.annotation.RequestMappingHandlerMapping:547]-- Mapped "{[/common/findComment]}" onto public xin.toheart.door.dto.ResponseDto xin.toheart.door.controller.CommonController.findComment(int,int)
[2018-09-26 10:23:44] [INFO ] [org.springframework.web.servlet.mvc.method.annotation.RequestMappingHandlerMapping:547]-- Mapped "{[/common/increaseComment]}" onto public xin.toheart.door.dto.ResponseDto xin.toheart.door.controller.CommonController.increaseComment(int,int,int,java.lang.String,javax.servlet.http.HttpSession)
[2018-09-26 10:23:44] [INFO ] [org.springframework.web.servlet.mvc.method.annotation.RequestMappingHandlerMapping:547]-- Mapped "{[/common/increaseZan]}" onto public xin.toheart.door.dto.ResponseDto xin.toheart.door.controller.CommonController.increaseZan(int,int,javax.servlet.http.HttpSession)
[2018-09-26 10:23:44] [INFO ] [org.springframework.web.servlet.mvc.method.annotation.RequestMappingHandlerMapping:547]-- Mapped "{[/confession/addConfession]}" onto public xin.toheart.door.dto.ResponseDto xin.toheart.door.controller.ConfessionController.addConfession(xin.toheart.door.pojo.Confession)
[2018-09-26 10:23:44] [INFO ] [org.springframework.web.servlet.mvc.method.annotation.RequestMappingHandlerMapping:547]-- Mapped "{[/confession/confessionList/{index}/{size}]}" onto public xin.toheart.door.dto.ResponseDto xin.toheart.door.controller.ConfessionController.confessionList(java.lang.String,java.lang.String)
[2018-09-26 10:23:44] [INFO ] [org.springframework.web.servlet.mvc.method.annotation.RequestMappingHandlerMapping:547]-- Mapped "{[/confession/splendidConfession/inHome]}" onto public xin.toheart.door.dto.ResponseDto xin.toheart.door.controller.ConfessionController.splendidConfession()
[2018-09-26 10:23:44] [INFO ] [org.springframework.web.servlet.mvc.method.annotation.RequestMappingHandlerMapping:547]-- Mapped "{[/confession/getConfession/{id}]}" onto public xin.toheart.door.dto.ResponseDto xin.toheart.door.controller.ConfessionController.getConfessionById(java.lang.String)
[2018-09-26 10:23:44] [INFO ] [org.springframework.web.servlet.mvc.method.annotation.RequestMappingHandlerMapping:547]-- Mapped "{[/game/gameHome]}" onto public java.lang.String xin.toheart.door.controller.GameController.gameHome()
[2018-09-26 10:23:44] [INFO ] [org.springframework.web.servlet.mvc.method.annotation.RequestMappingHandlerMapping:547]-- Mapped "{[/game/2048]}" onto public java.lang.String xin.toheart.door.controller.GameController.game2048()
[2018-09-26 10:23:44] [INFO ] [org.springframework.web.servlet.mvc.method.annotation.RequestMappingHandlerMapping:547]-- Mapped "{[/login]}" onto public java.lang.String xin.toheart.door.controller.HomeController.login(javax.servlet.http.HttpServletResponse) throws java.io.IOException
[2018-09-26 10:23:44] [INFO ] [org.springframework.web.servlet.mvc.method.annotation.RequestMappingHandlerMapping:547]-- Mapped "{[/logout]}" onto public java.lang.String xin.toheart.door.controller.HomeController.logout(javax.servlet.http.HttpSession)
[2018-09-26 10:23:44] [INFO ] [org.springframework.web.servlet.mvc.method.annotation.RequestMappingHandlerMapping:547]-- Mapped "{[/QQLogin]}" onto public java.lang.String xin.toheart.door.controller.HomeController.QQLogin(java.lang.String,javax.servlet.http.HttpSession,javax.servlet.http.HttpServletResponse) throws java.text.ParseException,java.io.IOException
[2018-09-26 10:23:44] [INFO ] [org.springframework.web.servlet.mvc.method.annotation.RequestMappingHandlerMapping:547]-- Mapped "{[/pic/upload]}" onto public java.lang.String xin.toheart.door.controller.PicUplodController.upload(org.springframework.web.multipart.MultipartFile)
[2018-09-26 10:23:44] [INFO ] [org.springframework.web.servlet.mvc.method.annotation.RequestMappingHandlerMapping:547]-- Mapped "{[/story/showStory/{id}],methods=[GET]}" onto public xin.toheart.door.dto.ResponseDto xin.toheart.door.controller.StoryController.showStory(int)
[2018-09-26 10:23:44] [INFO ] [org.springframework.web.servlet.mvc.method.annotation.RequestMappingHandlerMapping:547]-- Mapped "{[/story/storyList/{index}/{size}],methods=[GET]}" onto public xin.toheart.door.dto.ResponseDto xin.toheart.door.controller.StoryController.storyList(java.lang.String,java.lang.String)
[2018-09-26 10:23:44] [INFO ] [org.springframework.web.servlet.mvc.method.annotation.RequestMappingHandlerMapping:547]-- Mapped "{[/story/saveStory],methods=[POST]}" onto public xin.toheart.door.dto.ResponseDto xin.toheart.door.controller.StoryController.saveStory(xin.toheart.door.pojo.Story)
[2018-09-26 10:23:44] [INFO ] [org.springframework.web.servlet.mvc.method.annotation.RequestMappingHandlerMapping:547]-- Mapped "{[/story/splendidStory/inHome]}" onto public xin.toheart.door.dto.ResponseDto xin.toheart.door.controller.StoryController.splendidStoryInHome()
[2018-09-26 10:23:44] [INFO ] [org.springframework.web.servlet.mvc.method.annotation.RequestMappingHandlerMapping:547]-- Mapped "{[/error]}" onto public org.springframework.http.ResponseEntity<java.util.Map<java.lang.String, java.lang.Object>> org.springframework.boot.autoconfigure.web.servlet.error.BasicErrorController.error(javax.servlet.http.HttpServletRequest)
[2018-09-26 10:23:44] [INFO ] [org.springframework.web.servlet.mvc.method.annotation.RequestMappingHandlerMapping:547]-- Mapped "{[/error],produces=[text/html]}" onto public org.springframework.web.servlet.ModelAndView org.springframework.boot.autoconfigure.web.servlet.error.BasicErrorController.errorHtml(javax.servlet.http.HttpServletRequest,javax.servlet.http.HttpServletResponse)
[2018-09-26 10:23:44] [INFO ] [org.springframework.web.servlet.handler.SimpleUrlHandlerMapping:373]-- Mapped URL path [/webjars/**] onto handler of type [class org.springframework.web.servlet.resource.ResourceHttpRequestHandler]
[2018-09-26 10:23:44] [INFO ] [org.springframework.web.servlet.handler.SimpleUrlHandlerMapping:373]-- Mapped URL path [/**] onto handler of type [class org.springframework.web.servlet.resource.ResourceHttpRequestHandler]
[2018-09-26 10:23:44] [INFO ] [xin.toheart.door.DoorApplicationTests:59]-- Started DoorApplicationTests in 3.928 seconds (JVM running for 4.988)
[2018-09-26 10:23:45] [INFO ] [org.springframework.web.context.support.GenericWebApplicationContext:993]-- Closing org.springframework.web.context.support.GenericWebApplicationContext@3e78b6a5: startup date [Wed Sep 26 10:23:41 CST 2018]; root of context hierarchy
[2018-09-26 13:03:06] [INFO ] [xin.toheart.door.DoorApplicationTests:50]-- Starting DoorApplicationTests on PC-2018HWL with PID 2628 (started by Administrator in D:\toheartH\toheart)
[2018-09-26 13:03:06] [INFO ] [xin.toheart.door.DoorApplicationTests:659]-- No active profile set, falling back to default profiles: default
[2018-09-26 13:03:06] [INFO ] [org.springframework.web.context.support.GenericWebApplicationContext:590]-- Refreshing org.springframework.web.context.support.GenericWebApplicationContext@41f69e84: startup date [Wed Sep 26 13:03:06 CST 2018]; root of context hierarchy
[2018-09-26 13:03:09] [INFO ] [org.springframework.web.servlet.handler.SimpleUrlHandlerMapping:373]-- Mapped URL path [/**/favicon.ico] onto handler of type [class org.springframework.web.servlet.resource.ResourceHttpRequestHandler]
[2018-09-26 13:03:09] [INFO ] [org.springframework.web.servlet.mvc.method.annotation.RequestMappingHandlerAdapter:574]-- Looking for @ControllerAdvice: org.springframework.web.context.support.GenericWebApplicationContext@41f69e84: startup date [Wed Sep 26 13:03:06 CST 2018]; root of context hierarchy
[2018-09-26 13:03:09] [INFO ] [org.springframework.web.servlet.mvc.method.annotation.RequestMappingHandlerMapping:547]-- Mapped "{[/common/increaseZan]}" onto public xin.toheart.door.dto.ResponseDto xin.toheart.door.controller.CommonController.increaseZan(int,int,javax.servlet.http.HttpSession)
[2018-09-26 13:03:09] [INFO ] [org.springframework.web.servlet.mvc.method.annotation.RequestMappingHandlerMapping:547]-- Mapped "{[/common/increaseComment]}" onto public xin.toheart.door.dto.ResponseDto xin.toheart.door.controller.CommonController.increaseComment(int,int,int,java.lang.String,javax.servlet.http.HttpSession)
[2018-09-26 13:03:09] [INFO ] [org.springframework.web.servlet.mvc.method.annotation.RequestMappingHandlerMapping:547]-- Mapped "{[/common/findComment]}" onto public xin.toheart.door.dto.ResponseDto xin.toheart.door.controller.CommonController.findComment(int,int)
[2018-09-26 13:03:09] [INFO ] [org.springframework.web.servlet.mvc.method.annotation.RequestMappingHandlerMapping:547]-- Mapped "{[/confession/addConfession]}" onto public xin.toheart.door.dto.ResponseDto xin.toheart.door.controller.ConfessionController.addConfession(xin.toheart.door.pojo.Confession)
[2018-09-26 13:03:09] [INFO ] [org.springframework.web.servlet.mvc.method.annotation.RequestMappingHandlerMapping:547]-- Mapped "{[/confession/confessionList/{index}/{size}]}" onto public xin.toheart.door.dto.ResponseDto xin.toheart.door.controller.ConfessionController.confessionList(java.lang.String,java.lang.String)
[2018-09-26 13:03:09] [INFO ] [org.springframework.web.servlet.mvc.method.annotation.RequestMappingHandlerMapping:547]-- Mapped "{[/confession/getConfession/{id}]}" onto public xin.toheart.door.dto.ResponseDto xin.toheart.door.controller.ConfessionController.getConfessionById(java.lang.String)
[2018-09-26 13:03:09] [INFO ] [org.springframework.web.servlet.mvc.method.annotation.RequestMappingHandlerMapping:547]-- Mapped "{[/confession/splendidConfession/inHome]}" onto public xin.toheart.door.dto.ResponseDto xin.toheart.door.controller.ConfessionController.splendidConfession()
[2018-09-26 13:03:09] [INFO ] [org.springframework.web.servlet.mvc.method.annotation.RequestMappingHandlerMapping:547]-- Mapped "{[/game/gameHome]}" onto public java.lang.String xin.toheart.door.controller.GameController.gameHome()
[2018-09-26 13:03:09] [INFO ] [org.springframework.web.servlet.mvc.method.annotation.RequestMappingHandlerMapping:547]-- Mapped "{[/game/2048]}" onto public java.lang.String xin.toheart.door.controller.GameController.game2048()
[2018-09-26 13:03:09] [INFO ] [org.springframework.web.servlet.mvc.method.annotation.RequestMappingHandlerMapping:547]-- Mapped "{[/login]}" onto public java.lang.String xin.toheart.door.controller.HomeController.login(javax.servlet.http.HttpServletResponse) throws java.io.IOException
[2018-09-26 13:03:09] [INFO ] [org.springframework.web.servlet.mvc.method.annotation.RequestMappingHandlerMapping:547]-- Mapped "{[/logout]}" onto public java.lang.String xin.toheart.door.controller.HomeController.logout(javax.servlet.http.HttpSession)
[2018-09-26 13:03:09] [INFO ] [org.springframework.web.servlet.mvc.method.annotation.RequestMappingHandlerMapping:547]-- Mapped "{[/QQLogin]}" onto public java.lang.String xin.toheart.door.controller.HomeController.QQLogin(java.lang.String,javax.servlet.http.HttpSession,javax.servlet.http.HttpServletResponse) throws java.text.ParseException,java.io.IOException
[2018-09-26 13:03:09] [INFO ] [org.springframework.web.servlet.mvc.method.annotation.RequestMappingHandlerMapping:547]-- Mapped "{[/user]}" onto public xin.toheart.door.dto.ResponseDto xin.toheart.door.controller.HomeController.getUser(org.springframework.ui.ModelMap,javax.servlet.http.HttpSession)
[2018-09-26 13:03:09] [INFO ] [org.springframework.web.servlet.mvc.method.annotation.RequestMappingHandlerMapping:547]-- Mapped "{[/pic/upload]}" onto public java.lang.String xin.toheart.door.controller.PicUplodController.upload(org.springframework.web.multipart.MultipartFile)
[2018-09-26 13:03:09] [INFO ] [org.springframework.web.servlet.mvc.method.annotation.RequestMappingHandlerMapping:547]-- Mapped "{[/story/storyList/{index}/{size}],methods=[GET]}" onto public xin.toheart.door.dto.ResponseDto xin.toheart.door.controller.StoryController.storyList(java.lang.String,java.lang.String)
[2018-09-26 13:03:09] [INFO ] [org.springframework.web.servlet.mvc.method.annotation.RequestMappingHandlerMapping:547]-- Mapped "{[/story/saveStory],methods=[POST]}" onto public xin.toheart.door.dto.ResponseDto xin.toheart.door.controller.StoryController.saveStory(xin.toheart.door.pojo.Story)
[2018-09-26 13:03:09] [INFO ] [org.springframework.web.servlet.mvc.method.annotation.RequestMappingHandlerMapping:547]-- Mapped "{[/story/showStory/{id}],methods=[GET]}" onto public xin.toheart.door.dto.ResponseDto xin.toheart.door.controller.StoryController.showStory(int)
[2018-09-26 13:03:09] [INFO ] [org.springframework.web.servlet.mvc.method.annotation.RequestMappingHandlerMapping:547]-- Mapped "{[/story/splendidStory/inHome]}" onto public xin.toheart.door.dto.ResponseDto xin.toheart.door.controller.StoryController.splendidStoryInHome()
[2018-09-26 13:03:09] [INFO ] [org.springframework.web.servlet.mvc.method.annotation.RequestMappingHandlerMapping:547]-- Mapped "{[/error]}" onto public org.springframework.http.ResponseEntity<java.util.Map<java.lang.String, java.lang.Object>> org.springframework.boot.autoconfigure.web.servlet.error.BasicErrorController.error(javax.servlet.http.HttpServletRequest)
[2018-09-26 13:03:09] [INFO ] [org.springframework.web.servlet.mvc.method.annotation.RequestMappingHandlerMapping:547]-- Mapped "{[/error],produces=[text/html]}" onto public org.springframework.web.servlet.ModelAndView org.springframework.boot.autoconfigure.web.servlet.error.BasicErrorController.errorHtml(javax.servlet.http.HttpServletRequest,javax.servlet.http.HttpServletResponse)
[2018-09-26 13:03:09] [INFO ] [org.springframework.web.servlet.handler.SimpleUrlHandlerMapping:373]-- Mapped URL path [/webjars/**] onto handler of type [class org.springframework.web.servlet.resource.ResourceHttpRequestHandler]
[2018-09-26 13:03:09] [INFO ] [org.springframework.web.servlet.handler.SimpleUrlHandlerMapping:373]-- Mapped URL path [/**] onto handler of type [class org.springframework.web.servlet.resource.ResourceHttpRequestHandler]
[2018-09-26 13:03:10] [INFO ] [xin.toheart.door.DoorApplicationTests:59]-- Started DoorApplicationTests in 3.545 seconds (JVM running for 4.694)
[2018-09-26 13:03:10] [INFO ] [org.springframework.web.context.support.GenericWebApplicationContext:993]-- Closing org.springframework.web.context.support.GenericWebApplicationContext@41f69e84: startup date [Wed Sep 26 13:03:06 CST 2018]; root of context hierarchy
[2018-09-26 13:14:05] [INFO ] [xin.toheart.door.DoorApplicationTests:50]-- Starting DoorApplicationTests on PC-2018HWL with PID 11072 (started by Administrator in D:\toheartH\toheart)
[2018-09-26 13:14:05] [INFO ] [xin.toheart.door.DoorApplicationTests:659]-- No active profile set, falling back to default profiles: default
[2018-09-26 13:14:05] [INFO ] [org.springframework.web.context.support.GenericWebApplicationContext:590]-- Refreshing org.springframework.web.context.support.GenericWebApplicationContext@769a1df5: startup date [Wed Sep 26 13:14:05 CST 2018]; root of context hierarchy
[2018-09-26 13:14:08] [INFO ] [org.springframework.web.servlet.handler.SimpleUrlHandlerMapping:373]-- Mapped URL path [/**/favicon.ico] onto handler of type [class org.springframework.web.servlet.resource.ResourceHttpRequestHandler]
[2018-09-26 13:14:08] [INFO ] [org.springframework.web.servlet.mvc.method.annotation.RequestMappingHandlerAdapter:574]-- Looking for @ControllerAdvice: org.springframework.web.context.support.GenericWebApplicationContext@769a1df5: startup date [Wed Sep 26 13:14:05 CST 2018]; root of context hierarchy
[2018-09-26 13:14:08] [INFO ] [org.springframework.web.servlet.mvc.method.annotation.RequestMappingHandlerMapping:547]-- Mapped "{[/common/increaseZan]}" onto public xin.toheart.door.dto.ResponseDto xin.toheart.door.controller.CommonController.increaseZan(int,int,javax.servlet.http.HttpSession)
[2018-09-26 13:14:08] [INFO ] [org.springframework.web.servlet.mvc.method.annotation.RequestMappingHandlerMapping:547]-- Mapped "{[/common/increaseComment]}" onto public xin.toheart.door.dto.ResponseDto xin.toheart.door.controller.CommonController.increaseComment(int,int,int,java.lang.String,javax.servlet.http.HttpSession)
[2018-09-26 13:14:08] [INFO ] [org.springframework.web.servlet.mvc.method.annotation.RequestMappingHandlerMapping:547]-- Mapped "{[/common/findComment]}" onto public xin.toheart.door.dto.ResponseDto xin.toheart.door.controller.CommonController.findComment(int,int)
[2018-09-26 13:14:08] [INFO ] [org.springframework.web.servlet.mvc.method.annotation.RequestMappingHandlerMapping:547]-- Mapped "{[/confession/addConfession]}" onto public xin.toheart.door.dto.ResponseDto xin.toheart.door.controller.ConfessionController.addConfession(xin.toheart.door.pojo.Confession)
[2018-09-26 13:14:08] [INFO ] [org.springframework.web.servlet.mvc.method.annotation.RequestMappingHandlerMapping:547]-- Mapped "{[/confession/confessionList/{index}/{size}]}" onto public xin.toheart.door.dto.ResponseDto xin.toheart.door.controller.ConfessionController.confessionList(java.lang.String,java.lang.String)
[2018-09-26 13:14:08] [INFO ] [org.springframework.web.servlet.mvc.method.annotation.RequestMappingHandlerMapping:547]-- Mapped "{[/confession/splendidConfession/inHome]}" onto public xin.toheart.door.dto.ResponseDto xin.toheart.door.controller.ConfessionController.splendidConfession()
[2018-09-26 13:14:08] [INFO ] [org.springframework.web.servlet.mvc.method.annotation.RequestMappingHandlerMapping:547]-- Mapped "{[/confession/getConfession/{id}]}" onto public xin.toheart.door.dto.ResponseDto xin.toheart.door.controller.ConfessionController.getConfessionById(java.lang.String)
[2018-09-26 13:14:08] [INFO ] [org.springframework.web.servlet.mvc.method.annotation.RequestMappingHandlerMapping:547]-- Mapped "{[/game/2048]}" onto public java.lang.String xin.toheart.door.controller.GameController.game2048()
[2018-09-26 13:14:08] [INFO ] [org.springframework.web.servlet.mvc.method.annotation.RequestMappingHandlerMapping:547]-- Mapped "{[/game/gameHome]}" onto public java.lang.String xin.toheart.door.controller.GameController.gameHome()
[2018-09-26 13:14:08] [INFO ] [org.springframework.web.servlet.mvc.method.annotation.RequestMappingHandlerMapping:547]-- Mapped "{[/logout]}" onto public java.lang.String xin.toheart.door.controller.HomeController.logout(javax.servlet.http.HttpSession)
[2018-09-26 13:14:08] [INFO ] [org.springframework.web.servlet.mvc.method.annotation.RequestMappingHandlerMapping:547]-- Mapped "{[/login]}" onto public java.lang.String xin.toheart.door.controller.HomeController.login(javax.servlet.http.HttpServletResponse) throws java.io.IOException
[2018-09-26 13:14:08] [INFO ] [org.springframework.web.servlet.mvc.method.annotation.RequestMappingHandlerMapping:547]-- Mapped "{[/QQLogin]}" onto public java.lang.String xin.toheart.door.controller.HomeController.QQLogin(java.lang.String,javax.servlet.http.HttpSession,javax.servlet.http.HttpServletResponse) throws java.text.ParseException,java.io.IOException
[2018-09-26 13:14:08] [INFO ] [org.springframework.web.servlet.mvc.method.annotation.RequestMappingHandlerMapping:547]-- Mapped "{[/user]}" onto public xin.toheart.door.dto.ResponseDto xin.toheart.door.controller.HomeController.getUser(org.springframework.ui.ModelMap,javax.servlet.http.HttpSession)
[2018-09-26 13:14:08] [INFO ] [org.springframework.web.servlet.mvc.method.annotation.RequestMappingHandlerMapping:547]-- Mapped "{[/pic/upload]}" onto public java.lang.String xin.toheart.door.controller.PicUplodController.upload(org.springframework.web.multipart.MultipartFile)
[2018-09-26 13:14:08] [INFO ] [org.springframework.web.servlet.mvc.method.annotation.RequestMappingHandlerMapping:547]-- Mapped "{[/story/saveStory],methods=[POST]}" onto public xin.toheart.door.dto.ResponseDto xin.toheart.door.controller.StoryController.saveStory(xin.toheart.door.pojo.Story)
[2018-09-26 13:14:08] [INFO ] [org.springframework.web.servlet.mvc.method.annotation.RequestMappingHandlerMapping:547]-- Mapped "{[/story/storyList/{index}/{size}],methods=[GET]}" onto public xin.toheart.door.dto.ResponseDto xin.toheart.door.controller.StoryController.storyList(java.lang.String,java.lang.String)
[2018-09-26 13:14:08] [INFO ] [org.springframework.web.servlet.mvc.method.annotation.RequestMappingHandlerMapping:547]-- Mapped "{[/story/showStory/{id}],methods=[GET]}" onto public xin.toheart.door.dto.ResponseDto xin.toheart.door.controller.StoryController.showStory(int)
[2018-09-26 13:14:08] [INFO ] [org.springframework.web.servlet.mvc.method.annotation.RequestMappingHandlerMapping:547]-- Mapped "{[/story/splendidStory/inHome]}" onto public xin.toheart.door.dto.ResponseDto xin.toheart.door.controller.StoryController.splendidStoryInHome()
[2018-09-26 13:14:08] [INFO ] [org.springframework.web.servlet.mvc.method.annotation.RequestMappingHandlerMapping:547]-- Mapped "{[/error]}" onto public org.springframework.http.ResponseEntity<java.util.Map<java.lang.String, java.lang.Object>> org.springframework.boot.autoconfigure.web.servlet.error.BasicErrorController.error(javax.servlet.http.HttpServletRequest)
[2018-09-26 13:14:08] [INFO ] [org.springframework.web.servlet.mvc.method.annotation.RequestMappingHandlerMapping:547]-- Mapped "{[/error],produces=[text/html]}" onto public org.springframework.web.servlet.ModelAndView org.springframework.boot.autoconfigure.web.servlet.error.BasicErrorController.errorHtml(javax.servlet.http.HttpServletRequest,javax.servlet.http.HttpServletResponse)
[2018-09-26 13:14:08] [INFO ] [org.springframework.web.servlet.handler.SimpleUrlHandlerMapping:373]-- Mapped URL path [/webjars/**] onto handler of type [class org.springframework.web.servlet.resource.ResourceHttpRequestHandler]
[2018-09-26 13:14:08] [INFO ] [org.springframework.web.servlet.handler.SimpleUrlHandlerMapping:373]-- Mapped URL path [/**] onto handler of type [class org.springframework.web.servlet.resource.ResourceHttpRequestHandler]
[2018-09-26 13:14:09] [INFO ] [xin.toheart.door.DoorApplicationTests:59]-- Started DoorApplicationTests in 4.102 seconds (JVM running for 5.267)
[2018-09-26 13:14:09] [INFO ] [org.springframework.web.context.support.GenericWebApplicationContext:993]-- Closing org.springframework.web.context.support.GenericWebApplicationContext@769a1df5: startup date [Wed Sep 26 13:14:05 CST 2018]; root of context hierarchy
[2018-09-26 14:25:57] [INFO ] [xin.toheart.door.DoorApplicationTests:50]-- Starting DoorApplicationTests on PC-2018HWL with PID 3256 (started by Administrator in D:\toheartH\toheart)
[2018-09-26 14:25:57] [INFO ] [xin.toheart.door.DoorApplicationTests:659]-- No active profile set, falling back to default profiles: default
[2018-09-26 14:25:57] [INFO ] [org.springframework.web.context.support.GenericWebApplicationContext:590]-- Refreshing org.springframework.web.context.support.GenericWebApplicationContext@7975d1d8: startup date [Wed Sep 26 14:25:57 CST 2018]; root of context hierarchy
[2018-09-26 14:26:00] [INFO ] [org.springframework.web.servlet.handler.SimpleUrlHandlerMapping:373]-- Mapped URL path [/**/favicon.ico] onto handler of type [class org.springframework.web.servlet.resource.ResourceHttpRequestHandler]
[2018-09-26 14:26:00] [INFO ] [org.springframework.web.servlet.mvc.method.annotation.RequestMappingHandlerAdapter:574]-- Looking for @ControllerAdvice: org.springframework.web.context.support.GenericWebApplicationContext@7975d1d8: startup date [Wed Sep 26 14:25:57 CST 2018]; root of context hierarchy
[2018-09-26 14:26:00] [INFO ] [org.springframework.web.servlet.mvc.method.annotation.RequestMappingHandlerMapping:547]-- Mapped "{[/common/increaseZan]}" onto public xin.toheart.door.dto.ResponseDto xin.toheart.door.controller.CommonController.increaseZan(int,int,javax.servlet.http.HttpSession)
[2018-09-26 14:26:00] [INFO ] [org.springframework.web.servlet.mvc.method.annotation.RequestMappingHandlerMapping:547]-- Mapped "{[/common/increaseComment]}" onto public xin.toheart.door.dto.ResponseDto xin.toheart.door.controller.CommonController.increaseComment(int,int,int,java.lang.String,javax.servlet.http.HttpSession)
[2018-09-26 14:26:00] [INFO ] [org.springframework.web.servlet.mvc.method.annotation.RequestMappingHandlerMapping:547]-- Mapped "{[/common/findComment]}" onto public xin.toheart.door.dto.ResponseDto xin.toheart.door.controller.CommonController.findComment(int,int)
[2018-09-26 14:26:00] [INFO ] [org.springframework.web.servlet.mvc.method.annotation.RequestMappingHandlerMapping:547]-- Mapped "{[/confession/addConfession]}" onto public xin.toheart.door.dto.ResponseDto xin.toheart.door.controller.ConfessionController.addConfession(xin.toheart.door.pojo.Confession)
[2018-09-26 14:26:00] [INFO ] [org.springframework.web.servlet.mvc.method.annotation.RequestMappingHandlerMapping:547]-- Mapped "{[/confession/confessionList/{index}/{size}]}" onto public xin.toheart.door.dto.ResponseDto xin.toheart.door.controller.ConfessionController.confessionList(java.lang.String,java.lang.String)
[2018-09-26 14:26:00] [INFO ] [org.springframework.web.servlet.mvc.method.annotation.RequestMappingHandlerMapping:547]-- Mapped "{[/confession/getConfession/{id}]}" onto public xin.toheart.door.dto.ResponseDto xin.toheart.door.controller.ConfessionController.getConfessionById(java.lang.String)
[2018-09-26 14:26:00] [INFO ] [org.springframework.web.servlet.mvc.method.annotation.RequestMappingHandlerMapping:547]-- Mapped "{[/confession/splendidConfession/inHome]}" onto public xin.toheart.door.dto.ResponseDto xin.toheart.door.controller.ConfessionController.splendidConfession()
[2018-09-26 14:26:00] [INFO ] [org.springframework.web.servlet.mvc.method.annotation.RequestMappingHandlerMapping:547]-- Mapped "{[/game/gameHome]}" onto public java.lang.String xin.toheart.door.controller.GameController.gameHome()
[2018-09-26 14:26:00] [INFO ] [org.springframework.web.servlet.mvc.method.annotation.RequestMappingHandlerMapping:547]-- Mapped "{[/game/2048]}" onto public java.lang.String xin.toheart.door.controller.GameController.game2048()
[2018-09-26 14:26:00] [INFO ] [org.springframework.web.servlet.mvc.method.annotation.RequestMappingHandlerMapping:547]-- Mapped "{[/login]}" onto public java.lang.String xin.toheart.door.controller.HomeController.login(javax.servlet.http.HttpServletResponse) throws java.io.IOException
[2018-09-26 14:26:00] [INFO ] [org.springframework.web.servlet.mvc.method.annotation.RequestMappingHandlerMapping:547]-- Mapped "{[/logout]}" onto public java.lang.String xin.toheart.door.controller.HomeController.logout(javax.servlet.http.HttpSession)
[2018-09-26 14:26:00] [INFO ] [org.springframework.web.servlet.mvc.method.annotation.RequestMappingHandlerMapping:547]-- Mapped "{[/QQLogin]}" onto public java.lang.String xin.toheart.door.controller.HomeController.QQLogin(java.lang.String,javax.servlet.http.HttpSession,javax.servlet.http.HttpServletResponse) throws java.text.ParseException,java.io.IOException
[2018-09-26 14:26:00] [INFO ] [org.springframework.web.servlet.mvc.method.annotation.RequestMappingHandlerMapping:547]-- Mapped "{[/user]}" onto public xin.toheart.door.dto.ResponseDto xin.toheart.door.controller.HomeController.getUser(org.springframework.ui.ModelMap,javax.servlet.http.HttpSession)
[2018-09-26 14:26:00] [INFO ] [org.springframework.web.servlet.mvc.method.annotation.RequestMappingHandlerMapping:547]-- Mapped "{[/pic/upload]}" onto public java.lang.String xin.toheart.door.controller.PicUplodController.upload(org.springframework.web.multipart.MultipartFile)
[2018-09-26 14:26:00] [INFO ] [org.springframework.web.servlet.mvc.method.annotation.RequestMappingHandlerMapping:547]-- Mapped "{[/story/saveStory],methods=[POST]}" onto public xin.toheart.door.dto.ResponseDto xin.toheart.door.controller.StoryController.saveStory(xin.toheart.door.pojo.Story)
[2018-09-26 14:26:00] [INFO ] [org.springframework.web.servlet.mvc.method.annotation.RequestMappingHandlerMapping:547]-- Mapped "{[/story/storyList/{index}/{size}],methods=[GET]}" onto public xin.toheart.door.dto.ResponseDto xin.toheart.door.controller.StoryController.storyList(java.lang.String,java.lang.String)
[2018-09-26 14:26:00] [INFO ] [org.springframework.web.servlet.mvc.method.annotation.RequestMappingHandlerMapping:547]-- Mapped "{[/story/showStory/{id}],methods=[GET]}" onto public xin.toheart.door.dto.ResponseDto xin.toheart.door.controller.StoryController.showStory(int)
[2018-09-26 14:26:00] [INFO ] [org.springframework.web.servlet.mvc.method.annotation.RequestMappingHandlerMapping:547]-- Mapped "{[/story/splendidStory/inHome]}" onto public xin.toheart.door.dto.ResponseDto xin.toheart.door.controller.StoryController.splendidStoryInHome()
[2018-09-26 14:26:00] [INFO ] [org.springframework.web.servlet.mvc.method.annotation.RequestMappingHandlerMapping:547]-- Mapped "{[/error]}" onto public org.springframework.http.ResponseEntity<java.util.Map<java.lang.String, java.lang.Object>> org.springframework.boot.autoconfigure.web.servlet.error.BasicErrorController.error(javax.servlet.http.HttpServletRequest)
[2018-09-26 14:26:00] [INFO ] [org.springframework.web.servlet.mvc.method.annotation.RequestMappingHandlerMapping:547]-- Mapped "{[/error],produces=[text/html]}" onto public org.springframework.web.servlet.ModelAndView org.springframework.boot.autoconfigure.web.servlet.error.BasicErrorController.errorHtml(javax.servlet.http.HttpServletRequest,javax.servlet.http.HttpServletResponse)
[2018-09-26 14:26:00] [INFO ] [org.springframework.web.servlet.handler.SimpleUrlHandlerMapping:373]-- Mapped URL path [/webjars/**] onto handler of type [class org.springframework.web.servlet.resource.ResourceHttpRequestHandler]
[2018-09-26 14:26:00] [INFO ] [org.springframework.web.servlet.handler.SimpleUrlHandlerMapping:373]-- Mapped URL path [/**] onto handler of type [class org.springframework.web.servlet.resource.ResourceHttpRequestHandler]
[2018-09-26 14:26:01] [INFO ] [xin.toheart.door.DoorApplicationTests:59]-- Started DoorApplicationTests in 4.375 seconds (JVM running for 5.751)
[2018-09-26 14:26:01] [INFO ] [org.springframework.web.context.support.GenericWebApplicationContext:993]-- Closing org.springframework.web.context.support.GenericWebApplicationContext@7975d1d8: startup date [Wed Sep 26 14:25:57 CST 2018]; root of context hierarchy
[2018-09-26 14:29:53] [INFO ] [xin.toheart.door.DoorApplicationTests:50]-- Starting DoorApplicationTests on PC-2018HWL with PID 11772 (started by Administrator in D:\toheartH\toheart)
[2018-09-26 14:29:53] [INFO ] [xin.toheart.door.DoorApplicationTests:659]-- No active profile set, falling back to default profiles: default
[2018-09-26 14:29:53] [INFO ] [org.springframework.web.context.support.GenericWebApplicationContext:590]-- Refreshing org.springframework.web.context.support.GenericWebApplicationContext@7975d1d8: startup date [Wed Sep 26 14:29:53 CST 2018]; root of context hierarchy
[2018-09-26 14:29:56] [INFO ] [org.springframework.web.servlet.handler.SimpleUrlHandlerMapping:373]-- Mapped URL path [/**/favicon.ico] onto handler of type [class org.springframework.web.servlet.resource.ResourceHttpRequestHandler]
[2018-09-26 14:29:57] [INFO ] [org.springframework.web.servlet.mvc.method.annotation.RequestMappingHandlerAdapter:574]-- Looking for @ControllerAdvice: org.springframework.web.context.support.GenericWebApplicationContext@7975d1d8: startup date [Wed Sep 26 14:29:53 CST 2018]; root of context hierarchy
[2018-09-26 14:29:57] [INFO ] [org.springframework.web.servlet.mvc.method.annotation.RequestMappingHandlerMapping:547]-- Mapped "{[/common/increaseZan]}" onto public xin.toheart.door.dto.ResponseDto xin.toheart.door.controller.CommonController.increaseZan(int,int,javax.servlet.http.HttpSession)
[2018-09-26 14:29:57] [INFO ] [org.springframework.web.servlet.mvc.method.annotation.RequestMappingHandlerMapping:547]-- Mapped "{[/common/increaseComment]}" onto public xin.toheart.door.dto.ResponseDto xin.toheart.door.controller.CommonController.increaseComment(int,int,int,java.lang.String,javax.servlet.http.HttpSession)
[2018-09-26 14:29:57] [INFO ] [org.springframework.web.servlet.mvc.method.annotation.RequestMappingHandlerMapping:547]-- Mapped "{[/common/findComment]}" onto public xin.toheart.door.dto.ResponseDto xin.toheart.door.controller.CommonController.findComment(int,int)
[2018-09-26 14:29:57] [INFO ] [org.springframework.web.servlet.mvc.method.annotation.RequestMappingHandlerMapping:547]-- Mapped "{[/confession/addConfession]}" onto public xin.toheart.door.dto.ResponseDto xin.toheart.door.controller.ConfessionController.addConfession(xin.toheart.door.pojo.Confession)
[2018-09-26 14:29:57] [INFO ] [org.springframework.web.servlet.mvc.method.annotation.RequestMappingHandlerMapping:547]-- Mapped "{[/confession/confessionList/{index}/{size}]}" onto public xin.toheart.door.dto.ResponseDto xin.toheart.door.controller.ConfessionController.confessionList(java.lang.String,java.lang.String)
[2018-09-26 14:29:57] [INFO ] [org.springframework.web.servlet.mvc.method.annotation.RequestMappingHandlerMapping:547]-- Mapped "{[/confession/splendidConfession/inHome]}" onto public xin.toheart.door.dto.ResponseDto xin.toheart.door.controller.ConfessionController.splendidConfession()
[2018-09-26 14:29:57] [INFO ] [org.springframework.web.servlet.mvc.method.annotation.RequestMappingHandlerMapping:547]-- Mapped "{[/confession/getConfession/{id}]}" onto public xin.toheart.door.dto.ResponseDto xin.toheart.door.controller.ConfessionController.getConfessionById(java.lang.String)
[2018-09-26 14:29:57] [INFO ] [org.springframework.web.servlet.mvc.method.annotation.RequestMappingHandlerMapping:547]-- Mapped "{[/game/gameHome]}" onto public java.lang.String xin.toheart.door.controller.GameController.gameHome()
[2018-09-26 14:29:57] [INFO ] [org.springframework.web.servlet.mvc.method.annotation.RequestMappingHandlerMapping:547]-- Mapped "{[/game/2048]}" onto public java.lang.String xin.toheart.door.controller.GameController.game2048()
[2018-09-26 14:29:57] [INFO ] [org.springframework.web.servlet.mvc.method.annotation.RequestMappingHandlerMapping:547]-- Mapped "{[/logout]}" onto public java.lang.String xin.toheart.door.controller.HomeController.logout(javax.servlet.http.HttpSession)
[2018-09-26 14:29:57] [INFO ] [org.springframework.web.servlet.mvc.method.annotation.RequestMappingHandlerMapping:547]-- Mapped "{[/login]}" onto public java.lang.String xin.toheart.door.controller.HomeController.login(javax.servlet.http.HttpServletResponse) throws java.io.IOException
[2018-09-26 14:29:57] [INFO ] [org.springframework.web.servlet.mvc.method.annotation.RequestMappingHandlerMapping:547]-- Mapped "{[/user]}" onto public xin.toheart.door.dto.ResponseDto xin.toheart.door.controller.HomeController.getUser(org.springframework.ui.ModelMap,javax.servlet.http.HttpSession)
[2018-09-26 14:29:57] [INFO ] [org.springframework.web.servlet.mvc.method.annotation.RequestMappingHandlerMapping:547]-- Mapped "{[/QQLogin]}" onto public java.lang.String xin.toheart.door.controller.HomeController.QQLogin(java.lang.String,javax.servlet.http.HttpSession,javax.servlet.http.HttpServletResponse) throws java.text.ParseException,java.io.IOException
[2018-09-26 14:29:57] [INFO ] [org.springframework.web.servlet.mvc.method.annotation.RequestMappingHandlerMapping:547]-- Mapped "{[/pic/upload]}" onto public java.lang.String xin.toheart.door.controller.PicUplodController.upload(org.springframework.web.multipart.MultipartFile)
[2018-09-26 14:29:57] [INFO ] [org.springframework.web.servlet.mvc.method.annotation.RequestMappingHandlerMapping:547]-- Mapped "{[/story/saveStory],methods=[POST]}" onto public xin.toheart.door.dto.ResponseDto xin.toheart.door.controller.StoryController.saveStory(xin.toheart.door.pojo.Story)
[2018-09-26 14:29:57] [INFO ] [org.springframework.web.servlet.mvc.method.annotation.RequestMappingHandlerMapping:547]-- Mapped "{[/story/showStory/{id}],methods=[GET]}" onto public xin.toheart.door.dto.ResponseDto xin.toheart.door.controller.StoryController.showStory(int)
[2018-09-26 14:29:57] [INFO ] [org.springframework.web.servlet.mvc.method.annotation.RequestMappingHandlerMapping:547]-- Mapped "{[/story/storyList/{index}/{size}],methods=[GET]}" onto public xin.toheart.door.dto.ResponseDto xin.toheart.door.controller.StoryController.storyList(java.lang.String,java.lang.String)
[2018-09-26 14:29:57] [INFO ] [org.springframework.web.servlet.mvc.method.annotation.RequestMappingHandlerMapping:547]-- Mapped "{[/story/splendidStory/inHome]}" onto public xin.toheart.door.dto.ResponseDto xin.toheart.door.controller.StoryController.splendidStoryInHome()
[2018-09-26 14:29:57] [INFO ] [org.springframework.web.servlet.mvc.method.annotation.RequestMappingHandlerMapping:547]-- Mapped "{[/error]}" onto public org.springframework.http.ResponseEntity<java.util.Map<java.lang.String, java.lang.Object>> org.springframework.boot.autoconfigure.web.servlet.error.BasicErrorController.error(javax.servlet.http.HttpServletRequest)
[2018-09-26 14:29:57] [INFO ] [org.springframework.web.servlet.mvc.method.annotation.RequestMappingHandlerMapping:547]-- Mapped "{[/error],produces=[text/html]}" onto public org.springframework.web.servlet.ModelAndView org.springframework.boot.autoconfigure.web.servlet.error.BasicErrorController.errorHtml(javax.servlet.http.HttpServletRequest,javax.servlet.http.HttpServletResponse)
[2018-09-26 14:29:57] [INFO ] [org.springframework.web.servlet.handler.SimpleUrlHandlerMapping:373]-- Mapped URL path [/webjars/**] onto handler of type [class org.springframework.web.servlet.resource.ResourceHttpRequestHandler]
[2018-09-26 14:29:57] [INFO ] [org.springframework.web.servlet.handler.SimpleUrlHandlerMapping:373]-- Mapped URL path [/**] onto handler of type [class org.springframework.web.servlet.resource.ResourceHttpRequestHandler]
[2018-09-26 14:29:58] [INFO ] [xin.toheart.door.DoorApplicationTests:59]-- Started DoorApplicationTests in 5.353 seconds (JVM running for 6.629)
[2018-09-26 14:29:58] [INFO ] [org.springframework.web.context.support.GenericWebApplicationContext:993]-- Closing org.springframework.web.context.support.GenericWebApplicationContext@7975d1d8: startup date [Wed Sep 26 14:29:53 CST 2018]; root of context hierarchy
[2018-09-26 17:32:14] [INFO ] [xin.toheart.door.DoorApplicationTests:50]-- Starting DoorApplicationTests on PC-2018HWL with PID 8520 (started by Administrator in D:\toheartH\toheart)
[2018-09-26 17:32:14] [INFO ] [xin.toheart.door.DoorApplicationTests:659]-- No active profile set, falling back to default profiles: default
[2018-09-26 17:32:14] [INFO ] [org.springframework.web.context.support.GenericWebApplicationContext:590]-- Refreshing org.springframework.web.context.support.GenericWebApplicationContext@769a1df5: startup date [Wed Sep 26 17:32:14 CST 2018]; root of context hierarchy
[2018-09-26 17:32:17] [INFO ] [org.springframework.web.servlet.handler.SimpleUrlHandlerMapping:373]-- Mapped URL path [/**/favicon.ico] onto handler of type [class org.springframework.web.servlet.resource.ResourceHttpRequestHandler]
[2018-09-26 17:32:17] [INFO ] [org.springframework.web.servlet.mvc.method.annotation.RequestMappingHandlerAdapter:574]-- Looking for @ControllerAdvice: org.springframework.web.context.support.GenericWebApplicationContext@769a1df5: startup date [Wed Sep 26 17:32:14 CST 2018]; root of context hierarchy
[2018-09-26 17:32:17] [INFO ] [org.springframework.web.servlet.mvc.method.annotation.RequestMappingHandlerMapping:547]-- Mapped "{[/common/increaseComment]}" onto public xin.toheart.door.dto.ResponseDto xin.toheart.door.controller.CommonController.increaseComment(int,int,int,java.lang.String,javax.servlet.http.HttpSession)
[2018-09-26 17:32:17] [INFO ] [org.springframework.web.servlet.mvc.method.annotation.RequestMappingHandlerMapping:547]-- Mapped "{[/common/findComment]}" onto public xin.toheart.door.dto.ResponseDto xin.toheart.door.controller.CommonController.findComment(int,int)
[2018-09-26 17:32:17] [INFO ] [org.springframework.web.servlet.mvc.method.annotation.RequestMappingHandlerMapping:547]-- Mapped "{[/common/increaseZan]}" onto public xin.toheart.door.dto.ResponseDto xin.toheart.door.controller.CommonController.increaseZan(int,int,javax.servlet.http.HttpSession)
[2018-09-26 17:32:17] [INFO ] [org.springframework.web.servlet.mvc.method.annotation.RequestMappingHandlerMapping:547]-- Mapped "{[/confession/addConfession]}" onto public xin.toheart.door.dto.ResponseDto xin.toheart.door.controller.ConfessionController.addConfession(xin.toheart.door.pojo.Confession)
[2018-09-26 17:32:17] [INFO ] [org.springframework.web.servlet.mvc.method.annotation.RequestMappingHandlerMapping:547]-- Mapped "{[/confession/confessionList/{index}/{size}]}" onto public xin.toheart.door.dto.ResponseDto xin.toheart.door.controller.ConfessionController.confessionList(java.lang.String,java.lang.String)
[2018-09-26 17:32:17] [INFO ] [org.springframework.web.servlet.mvc.method.annotation.RequestMappingHandlerMapping:547]-- Mapped "{[/confession/splendidConfession/inHome]}" onto public xin.toheart.door.dto.ResponseDto xin.toheart.door.controller.ConfessionController.splendidConfession()
[2018-09-26 17:32:17] [INFO ] [org.springframework.web.servlet.mvc.method.annotation.RequestMappingHandlerMapping:547]-- Mapped "{[/confession/getConfession/{id}]}" onto public xin.toheart.door.dto.ResponseDto xin.toheart.door.controller.ConfessionController.getConfessionById(java.lang.String)
[2018-09-26 17:32:17] [INFO ] [org.springframework.web.servlet.mvc.method.annotation.RequestMappingHandlerMapping:547]-- Mapped "{[/game/2048]}" onto public java.lang.String xin.toheart.door.controller.GameController.game2048()
[2018-09-26 17:32:17] [INFO ] [org.springframework.web.servlet.mvc.method.annotation.RequestMappingHandlerMapping:547]-- Mapped "{[/game/gameHome]}" onto public java.lang.String xin.toheart.door.controller.GameController.gameHome()
[2018-09-26 17:32:17] [INFO ] [org.springframework.web.servlet.mvc.method.annotation.RequestMappingHandlerMapping:547]-- Mapped "{[/login]}" onto public java.lang.String xin.toheart.door.controller.HomeController.login(javax.servlet.http.HttpServletResponse) throws java.io.IOException
[2018-09-26 17:32:17] [INFO ] [org.springframework.web.servlet.mvc.method.annotation.RequestMappingHandlerMapping:547]-- Mapped "{[/logout]}" onto public xin.toheart.door.dto.ResponseDto xin.toheart.door.controller.HomeController.logout(javax.servlet.http.HttpSession)
[2018-09-26 17:32:17] [INFO ] [org.springframework.web.servlet.mvc.method.annotation.RequestMappingHandlerMapping:547]-- Mapped "{[/user]}" onto public xin.toheart.door.dto.ResponseDto xin.toheart.door.controller.HomeController.getUser(org.springframework.ui.ModelMap,javax.servlet.http.HttpSession)
[2018-09-26 17:32:17] [INFO ] [org.springframework.web.servlet.mvc.method.annotation.RequestMappingHandlerMapping:547]-- Mapped "{[/QQLogin]}" onto public java.lang.String xin.toheart.door.controller.HomeController.QQLogin(java.lang.String,javax.servlet.http.HttpSession,javax.servlet.http.HttpServletResponse) throws java.text.ParseException,java.io.IOException
[2018-09-26 17:32:17] [INFO ] [org.springframework.web.servlet.mvc.method.annotation.RequestMappingHandlerMapping:547]-- Mapped "{[/pic/upload]}" onto public java.lang.String xin.toheart.door.controller.PicUplodController.upload(org.springframework.web.multipart.MultipartFile)
[2018-09-26 17:32:17] [INFO ] [org.springframework.web.servlet.mvc.method.annotation.RequestMappingHandlerMapping:547]-- Mapped "{[/story/storyList/{index}/{size}],methods=[GET]}" onto public xin.toheart.door.dto.ResponseDto xin.toheart.door.controller.StoryController.storyList(java.lang.String,java.lang.String)
[2018-09-26 17:32:17] [INFO ] [org.springframework.web.servlet.mvc.method.annotation.RequestMappingHandlerMapping:547]-- Mapped "{[/story/showStory/{id}],methods=[GET]}" onto public xin.toheart.door.dto.ResponseDto xin.toheart.door.controller.StoryController.showStory(int)
[2018-09-26 17:32:17] [INFO ] [org.springframework.web.servlet.mvc.method.annotation.RequestMappingHandlerMapping:547]-- Mapped "{[/story/saveStory],methods=[POST]}" onto public xin.toheart.door.dto.ResponseDto xin.toheart.door.controller.StoryController.saveStory(xin.toheart.door.pojo.Story)
[2018-09-26 17:32:17] [INFO ] [org.springframework.web.servlet.mvc.method.annotation.RequestMappingHandlerMapping:547]-- Mapped "{[/story/splendidStory/inHome]}" onto public xin.toheart.door.dto.ResponseDto xin.toheart.door.controller.StoryController.splendidStoryInHome()
[2018-09-26 17:32:17] [INFO ] [org.springframework.web.servlet.mvc.method.annotation.RequestMappingHandlerMapping:547]-- Mapped "{[/error]}" onto public org.springframework.http.ResponseEntity<java.util.Map<java.lang.String, java.lang.Object>> org.springframework.boot.autoconfigure.web.servlet.error.BasicErrorController.error(javax.servlet.http.HttpServletRequest)
[2018-09-26 17:32:17] [INFO ] [org.springframework.web.servlet.mvc.method.annotation.RequestMappingHandlerMapping:547]-- Mapped "{[/error],produces=[text/html]}" onto public org.springframework.web.servlet.ModelAndView org.springframework.boot.autoconfigure.web.servlet.error.BasicErrorController.errorHtml(javax.servlet.http.HttpServletRequest,javax.servlet.http.HttpServletResponse)
[2018-09-26 17:32:17] [INFO ] [org.springframework.web.servlet.handler.SimpleUrlHandlerMapping:373]-- Mapped URL path [/webjars/**] onto handler of type [class org.springframework.web.servlet.resource.ResourceHttpRequestHandler]
[2018-09-26 17:32:17] [INFO ] [org.springframework.web.servlet.handler.SimpleUrlHandlerMapping:373]-- Mapped URL path [/**] onto handler of type [class org.springframework.web.servlet.resource.ResourceHttpRequestHandler]
[2018-09-26 17:32:18] [INFO ] [xin.toheart.door.DoorApplicationTests:59]-- Started DoorApplicationTests in 3.72 seconds (JVM running for 4.524)
[2018-09-26 17:32:18] [INFO ] [org.springframework.web.context.support.GenericWebApplicationContext:993]-- Closing org.springframework.web.context.support.GenericWebApplicationContext@769a1df5: startup date [Wed Sep 26 17:32:14 CST 2018]; root of context hierarchy
[2018-09-26 19:10:34] [INFO ] [xin.toheart.door.DoorApplication:50]-- Starting DoorApplication on PC-2018HWL with PID 10972 (D:\toheartH\toheart\target\classes started by Administrator in D:\toheartH\toheart)
[2018-09-26 19:10:34] [INFO ] [xin.toheart.door.DoorApplication:659]-- No active profile set, falling back to default profiles: default
[2018-09-26 19:10:34] [INFO ] [org.springframework.boot.web.servlet.context.AnnotationConfigServletWebServerApplicationContext:590]-- Refreshing org.springframework.boot.web.servlet.context.AnnotationConfigServletWebServerApplicationContext@35047d03: startup date [Wed Sep 26 19:10:34 CST 2018]; root of context hierarchy
[2018-09-26 19:34:16] [INFO ] [xin.toheart.door.DoorApplicationTests:50]-- Starting DoorApplicationTests on PC-2018HWL with PID 9840 (started by Administrator in D:\toheartH\toheart)
[2018-09-26 19:34:16] [INFO ] [xin.toheart.door.DoorApplicationTests:659]-- No active profile set, falling back to default profiles: default
[2018-09-26 19:34:16] [INFO ] [org.springframework.web.context.support.GenericWebApplicationContext:590]-- Refreshing org.springframework.web.context.support.GenericWebApplicationContext@41f69e84: startup date [Wed Sep 26 19:34:16 CST 2018]; root of context hierarchy
[2018-09-26 19:34:18] [INFO ] [org.springframework.web.servlet.handler.SimpleUrlHandlerMapping:373]-- Mapped URL path [/**/favicon.ico] onto handler of type [class org.springframework.web.servlet.resource.ResourceHttpRequestHandler]
[2018-09-26 19:34:19] [INFO ] [org.springframework.web.servlet.mvc.method.annotation.RequestMappingHandlerAdapter:574]-- Looking for @ControllerAdvice: org.springframework.web.context.support.GenericWebApplicationContext@41f69e84: startup date [Wed Sep 26 19:34:16 CST 2018]; root of context hierarchy
[2018-09-26 19:34:19] [INFO ] [org.springframework.web.servlet.mvc.method.annotation.RequestMappingHandlerMapping:547]-- Mapped "{[/common/increaseZan]}" onto public xin.toheart.door.dto.ResponseDto xin.toheart.door.controller.CommonController.increaseZan(int,int,javax.servlet.http.HttpSession)
[2018-09-26 19:34:19] [INFO ] [org.springframework.web.servlet.mvc.method.annotation.RequestMappingHandlerMapping:547]-- Mapped "{[/common/increaseComment]}" onto public xin.toheart.door.dto.ResponseDto xin.toheart.door.controller.CommonController.increaseComment(int,int,int,java.lang.String,javax.servlet.http.HttpSession)
[2018-09-26 19:34:19] [INFO ] [org.springframework.web.servlet.mvc.method.annotation.RequestMappingHandlerMapping:547]-- Mapped "{[/common/findComment]}" onto public xin.toheart.door.dto.ResponseDto xin.toheart.door.controller.CommonController.findComment(int,int)
[2018-09-26 19:34:19] [INFO ] [org.springframework.web.servlet.mvc.method.annotation.RequestMappingHandlerMapping:547]-- Mapped "{[/confession/addConfession]}" onto public xin.toheart.door.dto.ResponseDto xin.toheart.door.controller.ConfessionController.addConfession(xin.toheart.door.pojo.Confession)
[2018-09-26 19:34:19] [INFO ] [org.springframework.web.servlet.mvc.method.annotation.RequestMappingHandlerMapping:547]-- Mapped "{[/confession/confessionList/{index}/{size}]}" onto public xin.toheart.door.dto.ResponseDto xin.toheart.door.controller.ConfessionController.confessionList(java.lang.String,java.lang.String)
[2018-09-26 19:34:19] [INFO ] [org.springframework.web.servlet.mvc.method.annotation.RequestMappingHandlerMapping:547]-- Mapped "{[/confession/splendidConfession/inHome]}" onto public xin.toheart.door.dto.ResponseDto xin.toheart.door.controller.ConfessionController.splendidConfession()
[2018-09-26 19:34:19] [INFO ] [org.springframework.web.servlet.mvc.method.annotation.RequestMappingHandlerMapping:547]-- Mapped "{[/confession/getConfession/{id}]}" onto public xin.toheart.door.dto.ResponseDto xin.toheart.door.controller.ConfessionController.getConfessionById(java.lang.String)
[2018-09-26 19:34:19] [INFO ] [org.springframework.web.servlet.mvc.method.annotation.RequestMappingHandlerMapping:547]-- Mapped "{[/game/gameHome]}" onto public java.lang.String xin.toheart.door.controller.GameController.gameHome()
[2018-09-26 19:34:19] [INFO ] [org.springframework.web.servlet.mvc.method.annotation.RequestMappingHandlerMapping:547]-- Mapped "{[/game/2048]}" onto public java.lang.String xin.toheart.door.controller.GameController.game2048()
[2018-09-26 19:34:19] [INFO ] [org.springframework.web.servlet.mvc.method.annotation.RequestMappingHandlerMapping:547]-- Mapped "{[/logout]}" onto public xin.toheart.door.dto.ResponseDto xin.toheart.door.controller.HomeController.logout(javax.servlet.http.HttpSession)
[2018-09-26 19:34:19] [INFO ] [org.springframework.web.servlet.mvc.method.annotation.RequestMappingHandlerMapping:547]-- Mapped "{[/login]}" onto public java.lang.String xin.toheart.door.controller.HomeController.login(javax.servlet.http.HttpServletResponse) throws java.io.IOException
[2018-09-26 19:34:19] [INFO ] [org.springframework.web.servlet.mvc.method.annotation.RequestMappingHandlerMapping:547]-- Mapped "{[/QQLogin]}" onto public java.lang.String xin.toheart.door.controller.HomeController.QQLogin(java.lang.String,javax.servlet.http.HttpSession,javax.servlet.http.HttpServletResponse) throws java.text.ParseException,java.io.IOException
[2018-09-26 19:34:19] [INFO ] [org.springframework.web.servlet.mvc.method.annotation.RequestMappingHandlerMapping:547]-- Mapped "{[/user]}" onto public xin.toheart.door.dto.ResponseDto xin.toheart.door.controller.HomeController.getUser(org.springframework.ui.ModelMap,javax.servlet.http.HttpSession)
[2018-09-26 19:34:19] [INFO ] [org.springframework.web.servlet.mvc.method.annotation.RequestMappingHandlerMapping:547]-- Mapped "{[/pic/upload]}" onto public java.lang.String xin.toheart.door.controller.PicUplodController.upload(org.springframework.web.multipart.MultipartFile)
[2018-09-26 19:34:19] [INFO ] [org.springframework.web.servlet.mvc.method.annotation.RequestMappingHandlerMapping:547]-- Mapped "{[/story/showStory/{id}],methods=[GET]}" onto public xin.toheart.door.dto.ResponseDto xin.toheart.door.controller.StoryController.showStory(int)
[2018-09-26 19:34:19] [INFO ] [org.springframework.web.servlet.mvc.method.annotation.RequestMappingHandlerMapping:547]-- Mapped "{[/story/storyList/{index}/{size}],methods=[GET]}" onto public xin.toheart.door.dto.ResponseDto xin.toheart.door.controller.StoryController.storyList(java.lang.String,java.lang.String)
[2018-09-26 19:34:19] [INFO ] [org.springframework.web.servlet.mvc.method.annotation.RequestMappingHandlerMapping:547]-- Mapped "{[/story/saveStory],methods=[POST]}" onto public xin.toheart.door.dto.ResponseDto xin.toheart.door.controller.StoryController.saveStory(xin.toheart.door.pojo.Story)
[2018-09-26 19:34:19] [INFO ] [org.springframework.web.servlet.mvc.method.annotation.RequestMappingHandlerMapping:547]-- Mapped "{[/story/splendidStory/inHome]}" onto public xin.toheart.door.dto.ResponseDto xin.toheart.door.controller.StoryController.splendidStoryInHome()
[2018-09-26 19:34:19] [INFO ] [org.springframework.web.servlet.mvc.method.annotation.RequestMappingHandlerMapping:547]-- Mapped "{[/error]}" onto public org.springframework.http.ResponseEntity<java.util.Map<java.lang.String, java.lang.Object>> org.springframework.boot.autoconfigure.web.servlet.error.BasicErrorController.error(javax.servlet.http.HttpServletRequest)
[2018-09-26 19:34:19] [INFO ] [org.springframework.web.servlet.mvc.method.annotation.RequestMappingHandlerMapping:547]-- Mapped "{[/error],produces=[text/html]}" onto public org.springframework.web.servlet.ModelAndView org.springframework.boot.autoconfigure.web.servlet.error.BasicErrorController.errorHtml(javax.servlet.http.HttpServletRequest,javax.servlet.http.HttpServletResponse)
[2018-09-26 19:34:19] [INFO ] [org.springframework.web.servlet.handler.SimpleUrlHandlerMapping:373]-- Mapped URL path [/webjars/**] onto handler of type [class org.springframework.web.servlet.resource.ResourceHttpRequestHandler]
[2018-09-26 19:34:19] [INFO ] [org.springframework.web.servlet.handler.SimpleUrlHandlerMapping:373]-- Mapped URL path [/**] onto handler of type [class org.springframework.web.servlet.resource.ResourceHttpRequestHandler]
[2018-09-26 19:34:19] [INFO ] [xin.toheart.door.DoorApplicationTests:59]-- Started DoorApplicationTests in 4.024 seconds (JVM running for 4.857)
[2018-09-26 19:34:20] [INFO ] [org.springframework.web.context.support.GenericWebApplicationContext:993]-- Closing org.springframework.web.context.support.GenericWebApplicationContext@41f69e84: startup date [Wed Sep 26 19:34:16 CST 2018]; root of context hierarchy
[2018-09-26 19:58:55] [INFO ] [xin.toheart.door.DoorApplicationTests:50]-- Starting DoorApplicationTests on PC-2018HWL with PID 10368 (started by Administrator in D:\toheartH\toheart)
[2018-09-26 19:58:55] [INFO ] [xin.toheart.door.DoorApplicationTests:659]-- No active profile set, falling back to default profiles: default
[2018-09-26 19:58:55] [INFO ] [org.springframework.web.context.support.GenericWebApplicationContext:590]-- Refreshing org.springframework.web.context.support.GenericWebApplicationContext@769a1df5: startup date [Wed Sep 26 19:58:55 CST 2018]; root of context hierarchy
[2018-09-26 19:58:58] [INFO ] [org.springframework.web.servlet.handler.SimpleUrlHandlerMapping:373]-- Mapped URL path [/**/favicon.ico] onto handler of type [class org.springframework.web.servlet.resource.ResourceHttpRequestHandler]
[2018-09-26 19:58:58] [INFO ] [org.springframework.web.servlet.mvc.method.annotation.RequestMappingHandlerAdapter:574]-- Looking for @ControllerAdvice: org.springframework.web.context.support.GenericWebApplicationContext@769a1df5: startup date [Wed Sep 26 19:58:55 CST 2018]; root of context hierarchy
[2018-09-26 19:58:58] [INFO ] [org.springframework.web.servlet.mvc.method.annotation.RequestMappingHandlerMapping:547]-- Mapped "{[/common/increaseZan]}" onto public xin.toheart.door.dto.ResponseDto xin.toheart.door.controller.CommonController.increaseZan(int,int,javax.servlet.http.HttpSession)
[2018-09-26 19:58:58] [INFO ] [org.springframework.web.servlet.mvc.method.annotation.RequestMappingHandlerMapping:547]-- Mapped "{[/common/findComment]}" onto public xin.toheart.door.dto.ResponseDto xin.toheart.door.controller.CommonController.findComment(int,int)
[2018-09-26 19:58:58] [INFO ] [org.springframework.web.servlet.mvc.method.annotation.RequestMappingHandlerMapping:547]-- Mapped "{[/common/increaseComment]}" onto public xin.toheart.door.dto.ResponseDto xin.toheart.door.controller.CommonController.increaseComment(int,int,int,java.lang.String,javax.servlet.http.HttpSession)
[2018-09-26 19:58:58] [INFO ] [org.springframework.web.servlet.mvc.method.annotation.RequestMappingHandlerMapping:547]-- Mapped "{[/confession/confessionList/{index}/{size}]}" onto public xin.toheart.door.dto.ResponseDto xin.toheart.door.controller.ConfessionController.confessionList(java.lang.String,java.lang.String)
[2018-09-26 19:58:58] [INFO ] [org.springframework.web.servlet.mvc.method.annotation.RequestMappingHandlerMapping:547]-- Mapped "{[/confession/addConfession]}" onto public xin.toheart.door.dto.ResponseDto xin.toheart.door.controller.ConfessionController.addConfession(xin.toheart.door.pojo.Confession)
[2018-09-26 19:58:58] [INFO ] [org.springframework.web.servlet.mvc.method.annotation.RequestMappingHandlerMapping:547]-- Mapped "{[/confession/splendidConfession/inHome]}" onto public xin.toheart.door.dto.ResponseDto xin.toheart.door.controller.ConfessionController.splendidConfession()
[2018-09-26 19:58:58] [INFO ] [org.springframework.web.servlet.mvc.method.annotation.RequestMappingHandlerMapping:547]-- Mapped "{[/confession/getConfession/{id}]}" onto public xin.toheart.door.dto.ResponseDto xin.toheart.door.controller.ConfessionController.getConfessionById(java.lang.String)
[2018-09-26 19:58:58] [INFO ] [org.springframework.web.servlet.mvc.method.annotation.RequestMappingHandlerMapping:547]-- Mapped "{[/game/2048]}" onto public java.lang.String xin.toheart.door.controller.GameController.game2048()
[2018-09-26 19:58:58] [INFO ] [org.springframework.web.servlet.mvc.method.annotation.RequestMappingHandlerMapping:547]-- Mapped "{[/game/gameHome]}" onto public java.lang.String xin.toheart.door.controller.GameController.gameHome()
[2018-09-26 19:58:58] [INFO ] [org.springframework.web.servlet.mvc.method.annotation.RequestMappingHandlerMapping:547]-- Mapped "{[/logout]}" onto public xin.toheart.door.dto.ResponseDto xin.toheart.door.controller.HomeController.logout(javax.servlet.http.HttpSession)
[2018-09-26 19:58:58] [INFO ] [org.springframework.web.servlet.mvc.method.annotation.RequestMappingHandlerMapping:547]-- Mapped "{[/login]}" onto public java.lang.String xin.toheart.door.controller.HomeController.login(javax.servlet.http.HttpServletResponse) throws java.io.IOException
[2018-09-26 19:58:58] [INFO ] [org.springframework.web.servlet.mvc.method.annotation.RequestMappingHandlerMapping:547]-- Mapped "{[/QQLogin]}" onto public java.lang.String xin.toheart.door.controller.HomeController.QQLogin(java.lang.String,javax.servlet.http.HttpSession,javax.servlet.http.HttpServletResponse) throws java.text.ParseException,java.io.IOException
[2018-09-26 19:58:58] [INFO ] [org.springframework.web.servlet.mvc.method.annotation.RequestMappingHandlerMapping:547]-- Mapped "{[/user]}" onto public xin.toheart.door.dto.ResponseDto xin.toheart.door.controller.HomeController.getUser(org.springframework.ui.ModelMap,javax.servlet.http.HttpSession)
[2018-09-26 19:58:58] [INFO ] [org.springframework.web.servlet.mvc.method.annotation.RequestMappingHandlerMapping:547]-- Mapped "{[/pic/upload]}" onto public java.lang.String xin.toheart.door.controller.PicUplodController.upload(org.springframework.web.multipart.MultipartFile)
[2018-09-26 19:58:58] [INFO ] [org.springframework.web.servlet.mvc.method.annotation.RequestMappingHandlerMapping:547]-- Mapped "{[/story/saveStory],methods=[POST]}" onto public xin.toheart.door.dto.ResponseDto xin.toheart.door.controller.StoryController.saveStory(xin.toheart.door.pojo.Story)
[2018-09-26 19:58:58] [INFO ] [org.springframework.web.servlet.mvc.method.annotation.RequestMappingHandlerMapping:547]-- Mapped "{[/story/showStory/{id}],methods=[GET]}" onto public xin.toheart.door.dto.ResponseDto xin.toheart.door.controller.StoryController.showStory(int)
[2018-09-26 19:58:58] [INFO ] [org.springframework.web.servlet.mvc.method.annotation.RequestMappingHandlerMapping:547]-- Mapped "{[/story/storyList/{index}/{size}],methods=[GET]}" onto public xin.toheart.door.dto.ResponseDto xin.toheart.door.controller.StoryController.storyList(java.lang.String,java.lang.String)
[2018-09-26 19:58:58] [INFO ] [org.springframework.web.servlet.mvc.method.annotation.RequestMappingHandlerMapping:547]-- Mapped "{[/story/splendidStory/inHome]}" onto public xin.toheart.door.dto.ResponseDto xin.toheart.door.controller.StoryController.splendidStoryInHome()
[2018-09-26 19:58:58] [INFO ] [org.springframework.web.servlet.mvc.method.annotation.RequestMappingHandlerMapping:547]-- Mapped "{[/error]}" onto public org.springframework.http.ResponseEntity<java.util.Map<java.lang.String, java.lang.Object>> org.springframework.boot.autoconfigure.web.servlet.error.BasicErrorController.error(javax.servlet.http.HttpServletRequest)
[2018-09-26 19:58:58] [INFO ] [org.springframework.web.servlet.mvc.method.annotation.RequestMappingHandlerMapping:547]-- Mapped "{[/error],produces=[text/html]}" onto public org.springframework.web.servlet.ModelAndView org.springframework.boot.autoconfigure.web.servlet.error.BasicErrorController.errorHtml(javax.servlet.http.HttpServletRequest,javax.servlet.http.HttpServletResponse)
[2018-09-26 19:58:58] [INFO ] [org.springframework.web.servlet.handler.SimpleUrlHandlerMapping:373]-- Mapped URL path [/webjars/**] onto handler of type [class org.springframework.web.servlet.resource.ResourceHttpRequestHandler]
[2018-09-26 19:58:58] [INFO ] [org.springframework.web.servlet.handler.SimpleUrlHandlerMapping:373]-- Mapped URL path [/**] onto handler of type [class org.springframework.web.servlet.resource.ResourceHttpRequestHandler]
[2018-09-26 19:58:59] [INFO ] [xin.toheart.door.DoorApplicationTests:59]-- Started DoorApplicationTests in 3.88 seconds (JVM running for 4.851)
[2018-09-26 19:58:59] [INFO ] [org.springframework.web.context.support.GenericWebApplicationContext:993]-- Closing org.springframework.web.context.support.GenericWebApplicationContext@769a1df5: startup date [Wed Sep 26 19:58:55 CST 2018]; root of context hierarchy
