[2018-09-13 10:03:52] [INFO ] [xin.toheart.door.DoorApplication:50]-- Starting DoorApplication on PC-2018HWL with PID 3152 (D:\toheartH\toheart\target\classes started by Administrator in D:\toheartH\toheart)
[2018-09-13 10:03:52] [INFO ] [xin.toheart.door.DoorApplication:659]-- No active profile set, falling back to default profiles: default
[2018-09-13 10:03:52] [INFO ] [org.springframework.boot.web.servlet.context.AnnotationConfigServletWebServerApplicationContext:590]-- Refreshing org.springframework.boot.web.servlet.context.AnnotationConfigServletWebServerApplicationContext@29626d54: startup date [Thu Sep 13 10:03:52 CST 2018]; root of context hierarchy
[2018-09-13 10:03:54] [INFO ] [org.springframework.boot.web.embedded.tomcat.TomcatWebServer:91]-- Tomcat initialized with port(s): 5201 (http)
[2018-09-13 10:03:54] [INFO ] [org.apache.coyote.http11.Http11NioProtocol:180]-- Initializing ProtocolHandler ["http-nio-5201"]
[2018-09-13 10:03:54] [INFO ] [org.apache.catalina.core.StandardService:180]-- Starting service [Tomcat]
[2018-09-13 10:03:54] [INFO ] [org.apache.catalina.core.StandardEngine:180]-- Starting Servlet Engine: Apache Tomcat/8.5.31
[2018-09-13 10:03:54] [INFO ] [org.apache.catalina.core.AprLifecycleListener:180]-- The APR based Apache Tomcat Native library which allows optimal performance in production environments was not found on the java.library.path: [D:\Program Files\Java\jdk1.8.0_161\bin;C:\Windows\Sun\Java\bin;C:\Windows\system32;C:\Windows;C:\ProgramData\Oracle\Java\javapath;C:\Windows\system32;C:\Windows;C:\Windows\System32\Wbem;C:\Windows\System32\WindowsPowerShell\v1.0\;C:\Program Files (x86)\NVIDIA Corporation\PhysX\Common;D:\Program Files\Java\jdk1.8.0_161\bin;D:\Program Files\Git\cmd;D:\work\apache-maven-3.5.3\bin;D:\Program Files\nodejs\;C:\Program Files (x86)\Windows Kits\8.1\Windows Performance Toolkit\;D:\Program Files\PuTTY\;C:\Users\Administrator\AppData\Local\Microsoft\WindowsApps;C:\Users\Administrator\AppData\Roaming\npm;.]
[2018-09-13 10:03:54] [INFO ] [org.apache.catalina.core.ContainerBase.[Tomcat].[localhost].[/]:180]-- Initializing Spring embedded WebApplicationContext
[2018-09-13 10:03:54] [INFO ] [org.springframework.web.context.ContextLoader:285]-- Root WebApplicationContext: initialization completed in 2015 ms
[2018-09-13 10:03:55] [INFO ] [org.springframework.boot.web.servlet.ServletRegistrationBean:186]-- Servlet dispatcherServlet mapped to [/]
[2018-09-13 10:03:55] [INFO ] [org.springframework.boot.web.servlet.FilterRegistrationBean:245]-- Mapping filter: 'characterEncodingFilter' to: [/*]
[2018-09-13 10:03:55] [INFO ] [org.springframework.boot.web.servlet.FilterRegistrationBean:245]-- Mapping filter: 'hiddenHttpMethodFilter' to: [/*]
[2018-09-13 10:03:55] [INFO ] [org.springframework.boot.web.servlet.FilterRegistrationBean:245]-- Mapping filter: 'httpPutFormContentFilter' to: [/*]
[2018-09-13 10:03:55] [INFO ] [org.springframework.boot.web.servlet.FilterRegistrationBean:245]-- Mapping filter: 'requestContextFilter' to: [/*]
[2018-09-13 10:03:55] [INFO ] [org.springframework.boot.web.servlet.FilterRegistrationBean:258]-- Mapping filter: 'loginAuthFilter' to urls: [/*]
[2018-09-13 10:03:55] [INFO ] [org.springframework.web.servlet.handler.SimpleUrlHandlerMapping:373]-- Mapped URL path [/**/favicon.ico] onto handler of type [class org.springframework.web.servlet.resource.ResourceHttpRequestHandler]
[2018-09-13 10:03:56] [INFO ] [org.springframework.web.servlet.mvc.method.annotation.RequestMappingHandlerAdapter:574]-- Looking for @ControllerAdvice: org.springframework.boot.web.servlet.context.AnnotationConfigServletWebServerApplicationContext@29626d54: startup date [Thu Sep 13 10:03:52 CST 2018]; root of context hierarchy
[2018-09-13 10:03:56] [INFO ] [org.springframework.web.servlet.mvc.method.annotation.RequestMappingHandlerMapping:547]-- Mapped "{[/common/increaseZan]}" onto public xin.toheart.door.dto.ResponseDto xin.toheart.door.controller.CommonController.increaseZan(int,int,javax.servlet.http.HttpSession)
[2018-09-13 10:03:56] [INFO ] [org.springframework.web.servlet.mvc.method.annotation.RequestMappingHandlerMapping:547]-- Mapped "{[/confession/splendidConfession/inHome]}" onto public xin.toheart.door.dto.ResponseDto xin.toheart.door.controller.ConfessionController.splendidConfession()
[2018-09-13 10:03:56] [INFO ] [org.springframework.web.servlet.mvc.method.annotation.RequestMappingHandlerMapping:547]-- Mapped "{[/confession/confessionList/{index}/{size}]}" onto public xin.toheart.door.dto.ResponseDto xin.toheart.door.controller.ConfessionController.confessionList(java.lang.String,java.lang.String)
[2018-09-13 10:03:56] [INFO ] [org.springframework.web.servlet.mvc.method.annotation.RequestMappingHandlerMapping:547]-- Mapped "{[/confession/addConfession]}" onto public java.lang.String xin.toheart.door.controller.ConfessionController.addConfession(xin.toheart.door.pojo.Confession)
[2018-09-13 10:03:56] [INFO ] [org.springframework.web.servlet.mvc.method.annotation.RequestMappingHandlerMapping:547]-- Mapped "{[/game/gameHome]}" onto public java.lang.String xin.toheart.door.controller.GameController.gameHome()
[2018-09-13 10:03:56] [INFO ] [org.springframework.web.servlet.mvc.method.annotation.RequestMappingHandlerMapping:547]-- Mapped "{[/game/2048]}" onto public java.lang.String xin.toheart.door.controller.GameController.game2048()
[2018-09-13 10:03:56] [INFO ] [org.springframework.web.servlet.mvc.method.annotation.RequestMappingHandlerMapping:547]-- Mapped "{[/QQLogin]}" onto public java.lang.String xin.toheart.door.controller.HomeController.QQLogin(java.lang.String,javax.servlet.http.HttpSession) throws java.text.ParseException
[2018-09-13 10:03:56] [INFO ] [org.springframework.web.servlet.mvc.method.annotation.RequestMappingHandlerMapping:547]-- Mapped "{[/login]}" onto public java.lang.String xin.toheart.door.controller.HomeController.login()
[2018-09-13 10:03:56] [INFO ] [org.springframework.web.servlet.mvc.method.annotation.RequestMappingHandlerMapping:547]-- Mapped "{[/logout]}" onto public java.lang.String xin.toheart.door.controller.HomeController.logout(javax.servlet.http.HttpSession)
[2018-09-13 10:03:56] [INFO ] [org.springframework.web.servlet.mvc.method.annotation.RequestMappingHandlerMapping:547]-- Mapped "{[/pic/upload]}" onto public java.lang.String xin.toheart.door.controller.PicUplodController.upload(org.springframework.web.multipart.MultipartFile)
[2018-09-13 10:03:56] [INFO ] [org.springframework.web.servlet.mvc.method.annotation.RequestMappingHandlerMapping:547]-- Mapped "{[/story/splendidStory/inHome]}" onto public xin.toheart.door.dto.ResponseDto xin.toheart.door.controller.StoryController.splendidStoryInHome()
[2018-09-13 10:03:56] [INFO ] [org.springframework.web.servlet.mvc.method.annotation.RequestMappingHandlerMapping:547]-- Mapped "{[/story/storyList/{index}/{size}],methods=[GET]}" onto public xin.toheart.door.dto.ResponseDto xin.toheart.door.controller.StoryController.storyList(java.lang.String,java.lang.String)
[2018-09-13 10:03:56] [INFO ] [org.springframework.web.servlet.mvc.method.annotation.RequestMappingHandlerMapping:547]-- Mapped "{[/story/saveStory],methods=[POST]}" onto public xin.toheart.door.dto.ResponseDto xin.toheart.door.controller.StoryController.saveStory(xin.toheart.door.pojo.Story)
[2018-09-13 10:03:56] [INFO ] [org.springframework.web.servlet.mvc.method.annotation.RequestMappingHandlerMapping:547]-- Mapped "{[/story/showStory/{id}],methods=[GET]}" onto public xin.toheart.door.dto.ResponseDto xin.toheart.door.controller.StoryController.showStory(int)
[2018-09-13 10:03:56] [INFO ] [org.springframework.web.servlet.mvc.method.annotation.RequestMappingHandlerMapping:547]-- Mapped "{[/error]}" onto public org.springframework.http.ResponseEntity<java.util.Map<java.lang.String, java.lang.Object>> org.springframework.boot.autoconfigure.web.servlet.error.BasicErrorController.error(javax.servlet.http.HttpServletRequest)
[2018-09-13 10:03:56] [INFO ] [org.springframework.web.servlet.mvc.method.annotation.RequestMappingHandlerMapping:547]-- Mapped "{[/error],produces=[text/html]}" onto public org.springframework.web.servlet.ModelAndView org.springframework.boot.autoconfigure.web.servlet.error.BasicErrorController.errorHtml(javax.servlet.http.HttpServletRequest,javax.servlet.http.HttpServletResponse)
[2018-09-13 10:03:56] [INFO ] [org.springframework.web.servlet.handler.SimpleUrlHandlerMapping:373]-- Mapped URL path [/webjars/**] onto handler of type [class org.springframework.web.servlet.resource.ResourceHttpRequestHandler]
[2018-09-13 10:03:56] [INFO ] [org.springframework.web.servlet.handler.SimpleUrlHandlerMapping:373]-- Mapped URL path [/**] onto handler of type [class org.springframework.web.servlet.resource.ResourceHttpRequestHandler]
[2018-09-13 10:03:56] [INFO ] [org.springframework.jmx.export.annotation.AnnotationMBeanExporter:433]-- Registering beans for JMX exposure on startup
[2018-09-13 10:03:56] [INFO ] [org.springframework.jmx.export.annotation.AnnotationMBeanExporter:895]-- Bean with name 'dataSource' has been autodetected for JMX exposure
[2018-09-13 10:03:56] [INFO ] [org.springframework.jmx.export.annotation.AnnotationMBeanExporter:668]-- Located MBean 'dataSource': registering with JMX server as MBean [com.zaxxer.hikari:name=dataSource,type=HikariDataSource]
[2018-09-13 10:03:56] [INFO ] [org.apache.coyote.http11.Http11NioProtocol:180]-- Starting ProtocolHandler ["http-nio-5201"]
[2018-09-13 10:03:56] [INFO ] [org.apache.tomcat.util.net.NioSelectorPool:180]-- Using a shared selector for servlet write/read
[2018-09-13 10:03:56] [INFO ] [org.springframework.boot.web.embedded.tomcat.TomcatWebServer:206]-- Tomcat started on port(s): 5201 (http) with context path ''
[2018-09-13 10:03:56] [INFO ] [xin.toheart.door.DoorApplication:59]-- Started DoorApplication in 4.605 seconds (JVM running for 5.512)
[2018-09-13 10:05:41] [INFO ] [org.apache.catalina.core.ContainerBase.[Tomcat].[localhost].[/]:180]-- Initializing Spring FrameworkServlet 'dispatcherServlet'
[2018-09-13 10:05:41] [INFO ] [org.springframework.web.servlet.DispatcherServlet:494]-- FrameworkServlet 'dispatcherServlet': initialization started
[2018-09-13 10:05:41] [INFO ] [org.springframework.web.servlet.DispatcherServlet:509]-- FrameworkServlet 'dispatcherServlet': initialization completed in 49 ms
[2018-09-13 10:05:41] [INFO ] [xin.toheart.door.config.AuthorityHandlerInterceptor:21]-- HandleInterceptor1 ...... preHandle
[2018-09-13 10:05:41] [INFO ] [xin.toheart.door.config.AuthorityHandlerInterceptor:21]-- HandleInterceptor1 ...... preHandle
[2018-09-13 10:05:41] [INFO ] [xin.toheart.door.config.AuthorityHandlerInterceptor:21]-- HandleInterceptor1 ...... preHandle
[2018-09-13 10:05:41] [INFO ] [xin.toheart.door.config.AuthorityHandlerInterceptor:21]-- HandleInterceptor1 ...... preHandle
[2018-09-13 10:05:41] [INFO ] [xin.toheart.door.config.AuthorityHandlerInterceptor:33]-- 
-------------------------------------
Controller: xin.toheart.door.controller.ConfessionController$$EnhancerBySpringCGLIB$$1a89da6a
Method    : splendidConfession
Params    : 
URI       : /confession/splendidConfession/inHome
-------------------------------------

[2018-09-13 10:05:41] [INFO ] [xin.toheart.door.config.AuthorityHandlerInterceptor:33]-- 
-------------------------------------
Controller: xin.toheart.door.controller.StoryController$$EnhancerBySpringCGLIB$$c3039b10
Method    : storyList
Params    : 
URI       : /story/storyList/1/5
-------------------------------------

[2018-09-13 10:05:41] [INFO ] [xin.toheart.door.config.AuthorityHandlerInterceptor:33]-- 
-------------------------------------
Controller: xin.toheart.door.controller.StoryController$$EnhancerBySpringCGLIB$$c3039b10
Method    : splendidStoryInHome
Params    : 
URI       : /story/splendidStory/inHome
-------------------------------------

[2018-09-13 10:05:41] [INFO ] [xin.toheart.door.config.AuthorityHandlerInterceptor:33]-- 
-------------------------------------
Controller: xin.toheart.door.controller.ConfessionController$$EnhancerBySpringCGLIB$$1a89da6a
Method    : confessionList
Params    : 
URI       : /confession/confessionList/1/5
-------------------------------------

[2018-09-13 10:05:41] [INFO ] [com.zaxxer.hikari.HikariDataSource:110]-- HikariPool-1 - Starting...
[2018-09-13 10:05:41] [INFO ] [com.zaxxer.hikari.HikariDataSource:123]-- HikariPool-1 - Start completed.
[2018-09-13 10:05:41] [INFO ] [xin.toheart.door.aspect.TimeCostAspect:60]-- [time cost] 366 ms [path is xin.toheart.door.controller.StoryController.splendidStoryInHome]
[2018-09-13 10:05:41] [INFO ] [xin.toheart.door.aspect.TimeCostAspect:60]-- [time cost] 378 ms [path is xin.toheart.door.controller.ConfessionController.splendidConfession]
[2018-09-13 10:05:41] [INFO ] [xin.toheart.door.aspect.TimeCostAspect:60]-- [time cost] 384 ms [path is xin.toheart.door.controller.ConfessionController.confessionList]
[2018-09-13 10:05:41] [INFO ] [xin.toheart.door.aspect.TimeCostAspect:60]-- [time cost] 384 ms [path is xin.toheart.door.controller.StoryController.storyList]
[2018-09-13 10:05:41] [INFO ] [xin.toheart.door.config.AuthorityHandlerInterceptor:45]-- 
========处理请求后，渲染页面前======
[2018-09-13 10:05:41] [INFO ] [xin.toheart.door.config.AuthorityHandlerInterceptor:45]-- 
========处理请求后，渲染页面前======
[2018-09-13 10:05:41] [INFO ] [xin.toheart.door.config.AuthorityHandlerInterceptor:55]-- 
========视图渲染结束了，请求处理完毕====
[2018-09-13 10:05:41] [INFO ] [xin.toheart.door.config.AuthorityHandlerInterceptor:55]-- 
========视图渲染结束了，请求处理完毕====
[2018-09-13 10:05:41] [INFO ] [xin.toheart.door.config.AuthorityHandlerInterceptor:45]-- 
========处理请求后，渲染页面前======
[2018-09-13 10:05:41] [INFO ] [xin.toheart.door.config.AuthorityHandlerInterceptor:55]-- 
========视图渲染结束了，请求处理完毕====
[2018-09-13 10:05:41] [INFO ] [xin.toheart.door.config.AuthorityHandlerInterceptor:45]-- 
========处理请求后，渲染页面前======
[2018-09-13 10:05:41] [INFO ] [xin.toheart.door.config.AuthorityHandlerInterceptor:55]-- 
========视图渲染结束了，请求处理完毕====
[2018-09-13 10:05:52] [INFO ] [xin.toheart.door.config.AuthorityHandlerInterceptor:21]-- HandleInterceptor1 ...... preHandle
[2018-09-13 10:05:52] [INFO ] [xin.toheart.door.config.AuthorityHandlerInterceptor:33]-- 
-------------------------------------
Controller: xin.toheart.door.controller.StoryController$$EnhancerBySpringCGLIB$$c3039b10
Method    : splendidStoryInHome
Params    : 
URI       : /story/splendidStory/inHome
-------------------------------------

[2018-09-13 10:05:52] [INFO ] [xin.toheart.door.config.AuthorityHandlerInterceptor:21]-- HandleInterceptor1 ...... preHandle
[2018-09-13 10:05:52] [INFO ] [xin.toheart.door.config.AuthorityHandlerInterceptor:33]-- 
-------------------------------------
Controller: xin.toheart.door.controller.StoryController$$EnhancerBySpringCGLIB$$c3039b10
Method    : storyList
Params    : 
URI       : /story/storyList/1/5
-------------------------------------

[2018-09-13 10:05:52] [INFO ] [xin.toheart.door.aspect.TimeCostAspect:60]-- [time cost] 28 ms [path is xin.toheart.door.controller.StoryController.splendidStoryInHome]
[2018-09-13 10:05:52] [INFO ] [xin.toheart.door.config.AuthorityHandlerInterceptor:45]-- 
========处理请求后，渲染页面前======
[2018-09-13 10:05:52] [INFO ] [xin.toheart.door.config.AuthorityHandlerInterceptor:55]-- 
========视图渲染结束了，请求处理完毕====
[2018-09-13 10:05:52] [INFO ] [xin.toheart.door.aspect.TimeCostAspect:60]-- [time cost] 43 ms [path is xin.toheart.door.controller.StoryController.storyList]
[2018-09-13 10:05:52] [INFO ] [xin.toheart.door.config.AuthorityHandlerInterceptor:45]-- 
========处理请求后，渲染页面前======
[2018-09-13 10:05:52] [INFO ] [xin.toheart.door.config.AuthorityHandlerInterceptor:55]-- 
========视图渲染结束了，请求处理完毕====
[2018-09-13 10:19:10] [INFO ] [xin.toheart.door.config.AuthorityHandlerInterceptor:21]-- HandleInterceptor1 ...... preHandle
[2018-09-13 10:19:10] [INFO ] [xin.toheart.door.config.AuthorityHandlerInterceptor:33]-- 
-------------------------------------
Controller: xin.toheart.door.controller.StoryController$$EnhancerBySpringCGLIB$$c3039b10
Method    : storyList
Params    : 
URI       : /story/storyList/1/5
-------------------------------------

[2018-09-13 10:19:10] [INFO ] [xin.toheart.door.config.AuthorityHandlerInterceptor:21]-- HandleInterceptor1 ...... preHandle
[2018-09-13 10:19:10] [INFO ] [xin.toheart.door.config.AuthorityHandlerInterceptor:21]-- HandleInterceptor1 ...... preHandle
[2018-09-13 10:19:10] [INFO ] [xin.toheart.door.config.AuthorityHandlerInterceptor:33]-- 
-------------------------------------
Controller: xin.toheart.door.controller.ConfessionController$$EnhancerBySpringCGLIB$$1a89da6a
Method    : splendidConfession
Params    : 
URI       : /confession/splendidConfession/inHome
-------------------------------------

[2018-09-13 10:19:10] [INFO ] [xin.toheart.door.config.AuthorityHandlerInterceptor:33]-- 
-------------------------------------
Controller: xin.toheart.door.controller.StoryController$$EnhancerBySpringCGLIB$$c3039b10
Method    : splendidStoryInHome
Params    : 
URI       : /story/splendidStory/inHome
-------------------------------------

[2018-09-13 10:19:10] [INFO ] [xin.toheart.door.config.AuthorityHandlerInterceptor:21]-- HandleInterceptor1 ...... preHandle
[2018-09-13 10:19:10] [INFO ] [xin.toheart.door.config.AuthorityHandlerInterceptor:33]-- 
-------------------------------------
Controller: xin.toheart.door.controller.ConfessionController$$EnhancerBySpringCGLIB$$1a89da6a
Method    : confessionList
Params    : 
URI       : /confession/confessionList/1/5
-------------------------------------

[2018-09-13 10:19:20] [INFO ] [xin.toheart.door.aspect.TimeCostAspect:60]-- [time cost] 10056 ms [path is xin.toheart.door.controller.ConfessionController.confessionList]
[2018-09-13 10:19:20] [INFO ] [xin.toheart.door.config.AuthorityHandlerInterceptor:45]-- 
========处理请求后，渲染页面前======
[2018-09-13 10:19:20] [INFO ] [xin.toheart.door.config.AuthorityHandlerInterceptor:55]-- 
========视图渲染结束了，请求处理完毕====
[2018-09-13 10:19:20] [INFO ] [xin.toheart.door.aspect.TimeCostAspect:60]-- [time cost] 10080 ms [path is xin.toheart.door.controller.StoryController.storyList]
[2018-09-13 10:19:20] [INFO ] [xin.toheart.door.config.AuthorityHandlerInterceptor:45]-- 
========处理请求后，渲染页面前======
[2018-09-13 10:19:20] [INFO ] [xin.toheart.door.config.AuthorityHandlerInterceptor:55]-- 
========视图渲染结束了，请求处理完毕====
[2018-09-13 10:19:25] [INFO ] [xin.toheart.door.aspect.TimeCostAspect:60]-- [time cost] 15112 ms [path is xin.toheart.door.controller.ConfessionController.splendidConfession]
[2018-09-13 10:19:25] [INFO ] [xin.toheart.door.config.AuthorityHandlerInterceptor:45]-- 
========处理请求后，渲染页面前======
[2018-09-13 10:19:25] [INFO ] [xin.toheart.door.config.AuthorityHandlerInterceptor:55]-- 
========视图渲染结束了，请求处理完毕====
[2018-09-13 10:19:26] [INFO ] [xin.toheart.door.aspect.TimeCostAspect:60]-- [time cost] 15145 ms [path is xin.toheart.door.controller.StoryController.splendidStoryInHome]
[2018-09-13 10:19:26] [INFO ] [xin.toheart.door.config.AuthorityHandlerInterceptor:55]-- 
========视图渲染结束了，请求处理完毕====
[2018-09-13 10:35:59] [INFO ] [xin.toheart.door.config.AuthorityHandlerInterceptor:21]-- HandleInterceptor1 ...... preHandle
[2018-09-13 10:35:59] [INFO ] [xin.toheart.door.config.AuthorityHandlerInterceptor:33]-- 
-------------------------------------
Controller: xin.toheart.door.controller.ConfessionController$$EnhancerBySpringCGLIB$$1a89da6a
Method    : confessionList
Params    : 
URI       : /confession/confessionList/1/5
-------------------------------------

[2018-09-13 10:36:04] [INFO ] [xin.toheart.door.config.AuthorityHandlerInterceptor:21]-- HandleInterceptor1 ...... preHandle
[2018-09-13 10:36:04] [INFO ] [xin.toheart.door.config.AuthorityHandlerInterceptor:33]-- 
-------------------------------------
Controller: xin.toheart.door.controller.ConfessionController$$EnhancerBySpringCGLIB$$1a89da6a
Method    : confessionList
Params    : 
URI       : /confession/confessionList/1/5
-------------------------------------

[2018-09-13 10:36:25] [INFO ] [xin.toheart.door.aspect.TimeCostAspect:60]-- [time cost] 20082 ms [path is xin.toheart.door.controller.ConfessionController.confessionList]
[2018-09-13 10:36:25] [INFO ] [xin.toheart.door.config.AuthorityHandlerInterceptor:45]-- 
========处理请求后，渲染页面前======
[2018-09-13 10:36:25] [INFO ] [xin.toheart.door.config.AuthorityHandlerInterceptor:55]-- 
========视图渲染结束了，请求处理完毕====
[2018-09-13 10:36:29] [INFO ] [xin.toheart.door.aspect.TimeCostAspect:60]-- [time cost] 30034 ms [path is xin.toheart.door.controller.ConfessionController.confessionList]
[2018-09-13 10:36:29] [INFO ] [xin.toheart.door.config.AuthorityHandlerInterceptor:45]-- 
========处理请求后，渲染页面前======
[2018-09-13 10:36:29] [INFO ] [xin.toheart.door.config.AuthorityHandlerInterceptor:55]-- 
========视图渲染结束了，请求处理完毕====
[2018-09-13 10:36:44] [INFO ] [xin.toheart.door.config.AuthorityHandlerInterceptor:21]-- HandleInterceptor1 ...... preHandle
[2018-09-13 10:36:44] [INFO ] [xin.toheart.door.config.AuthorityHandlerInterceptor:33]-- 
-------------------------------------
Controller: xin.toheart.door.controller.ConfessionController$$EnhancerBySpringCGLIB$$1a89da6a
Method    : confessionList
Params    : 
URI       : /confession/confessionList/1/5
-------------------------------------

[2018-09-13 10:36:44] [INFO ] [xin.toheart.door.aspect.TimeCostAspect:60]-- [time cost] 34 ms [path is xin.toheart.door.controller.ConfessionController.confessionList]
[2018-09-13 10:36:44] [INFO ] [xin.toheart.door.config.AuthorityHandlerInterceptor:45]-- 
========处理请求后，渲染页面前======
[2018-09-13 10:36:44] [INFO ] [xin.toheart.door.config.AuthorityHandlerInterceptor:55]-- 
========视图渲染结束了，请求处理完毕====
[2018-09-13 10:37:19] [INFO ] [xin.toheart.door.config.AuthorityHandlerInterceptor:21]-- HandleInterceptor1 ...... preHandle
[2018-09-13 10:37:19] [INFO ] [xin.toheart.door.config.AuthorityHandlerInterceptor:33]-- 
-------------------------------------
Controller: xin.toheart.door.controller.ConfessionController$$EnhancerBySpringCGLIB$$1a89da6a
Method    : confessionList
Params    : 
URI       : /confession/confessionList/1/5
-------------------------------------

[2018-09-13 10:37:19] [INFO ] [xin.toheart.door.aspect.TimeCostAspect:60]-- [time cost] 28 ms [path is xin.toheart.door.controller.ConfessionController.confessionList]
[2018-09-13 10:37:19] [INFO ] [xin.toheart.door.config.AuthorityHandlerInterceptor:45]-- 
========处理请求后，渲染页面前======
[2018-09-13 10:37:19] [INFO ] [xin.toheart.door.config.AuthorityHandlerInterceptor:55]-- 
========视图渲染结束了，请求处理完毕====
[2018-09-13 10:38:03] [INFO ] [xin.toheart.door.config.AuthorityHandlerInterceptor:21]-- HandleInterceptor1 ...... preHandle
[2018-09-13 10:38:03] [INFO ] [xin.toheart.door.config.AuthorityHandlerInterceptor:33]-- 
-------------------------------------
Controller: xin.toheart.door.controller.ConfessionController$$EnhancerBySpringCGLIB$$1a89da6a
Method    : confessionList
Params    : 
URI       : /confession/confessionList/1/5
-------------------------------------

[2018-09-13 10:38:03] [INFO ] [xin.toheart.door.aspect.TimeCostAspect:60]-- [time cost] 29 ms [path is xin.toheart.door.controller.ConfessionController.confessionList]
[2018-09-13 10:38:03] [INFO ] [xin.toheart.door.config.AuthorityHandlerInterceptor:45]-- 
========处理请求后，渲染页面前======
[2018-09-13 10:38:03] [INFO ] [xin.toheart.door.config.AuthorityHandlerInterceptor:55]-- 
========视图渲染结束了，请求处理完毕====
[2018-09-13 10:41:57] [INFO ] [xin.toheart.door.config.AuthorityHandlerInterceptor:21]-- HandleInterceptor1 ...... preHandle
[2018-09-13 10:41:57] [INFO ] [xin.toheart.door.config.AuthorityHandlerInterceptor:33]-- 
-------------------------------------
Controller: xin.toheart.door.controller.ConfessionController$$EnhancerBySpringCGLIB$$1a89da6a
Method    : confessionList
Params    : 
URI       : /confession/confessionList/1/5
-------------------------------------

[2018-09-13 10:41:57] [INFO ] [xin.toheart.door.aspect.TimeCostAspect:60]-- [time cost] 43 ms [path is xin.toheart.door.controller.ConfessionController.confessionList]
[2018-09-13 10:41:57] [INFO ] [xin.toheart.door.config.AuthorityHandlerInterceptor:45]-- 
========处理请求后，渲染页面前======
[2018-09-13 10:41:57] [INFO ] [xin.toheart.door.config.AuthorityHandlerInterceptor:55]-- 
========视图渲染结束了，请求处理完毕====
