[2018-09-18 10:00:13] [WARN ] [org.springframework.boot.web.servlet.context.AnnotationConfigServletWebServerApplicationContext:558]-- Exception encountered during context initialization - cancelling refresh attempt: org.springframework.beans.factory.UnsatisfiedDependencyException: Error creating bean with name 'commonController': Unsatisfied dependency expressed through field 'commonService'; nested exception is org.springframework.beans.factory.UnsatisfiedDependencyException: Error creating bean with name 'commonServiceImpl': Unsatisfied dependency expressed through field 'commonMapper'; nested exception is org.springframework.beans.factory.UnsatisfiedDependencyException: Error creating bean with name 'commonMapper' defined in file [D:\toheartH\toheart\target\classes\xin\toheart\door\mapper\CommonMapper.class]: Unsatisfied dependency expressed through bean property 'sqlSessionFactory'; nested exception is org.springframework.beans.factory.BeanCreationException: Error creating bean with name 'sqlSessionFactory' defined in class path resource [org/mybatis/spring/boot/autoconfigure/MybatisAutoConfiguration.class]: Bean instantiation via factory method failed; nested exception is org.springframework.beans.BeanInstantiationException: Failed to instantiate [org.apache.ibatis.session.SqlSessionFactory]: Factory method 'sqlSessionFactory' threw exception; nested exception is org.springframework.core.NestedIOException: Failed to parse mapping resource: 'file [D:\toheartH\toheart\target\classes\mapper\CommonMapper.xml]'; nested exception is org.apache.ibatis.builder.BuilderException: Error parsing Mapper XML. Cause: org.apache.ibatis.builder.BuilderException: Error resolving class. Cause: org.apache.ibatis.type.TypeException: Could not resolve type alias 'CommnetVO'.  Cause: java.lang.ClassNotFoundException: Cannot find class: CommnetVO
[2018-09-18 10:01:23] [WARN ] [org.springframework.boot.web.servlet.context.AnnotationConfigServletWebServerApplicationContext:558]-- Exception encountered during context initialization - cancelling refresh attempt: org.springframework.beans.factory.UnsatisfiedDependencyException: Error creating bean with name 'commonController': Unsatisfied dependency expressed through field 'commonService'; nested exception is org.springframework.beans.factory.UnsatisfiedDependencyException: Error creating bean with name 'commonServiceImpl': Unsatisfied dependency expressed through field 'commonMapper'; nested exception is org.springframework.beans.factory.UnsatisfiedDependencyException: Error creating bean with name 'commonMapper' defined in file [D:\toheartH\toheart\target\classes\xin\toheart\door\mapper\CommonMapper.class]: Unsatisfied dependency expressed through bean property 'sqlSessionFactory'; nested exception is org.springframework.beans.factory.BeanCreationException: Error creating bean with name 'sqlSessionFactory' defined in class path resource [org/mybatis/spring/boot/autoconfigure/MybatisAutoConfiguration.class]: Bean instantiation via factory method failed; nested exception is org.springframework.beans.BeanInstantiationException: Failed to instantiate [org.apache.ibatis.session.SqlSessionFactory]: Factory method 'sqlSessionFactory' threw exception; nested exception is org.springframework.core.NestedIOException: Failed to parse mapping resource: 'file [D:\toheartH\toheart\target\classes\mapper\CommonMapper.xml]'; nested exception is org.apache.ibatis.builder.BuilderException: Error parsing Mapper XML. Cause: org.apache.ibatis.builder.BuilderException: Error resolving class. Cause: org.apache.ibatis.type.TypeException: Could not resolve type alias 'CommnetVO'.  Cause: java.lang.ClassNotFoundException: Cannot find class: CommnetVO
[2018-09-18 10:01:46] [WARN ] [org.springframework.boot.autoconfigure.thymeleaf.ThymeleafAutoConfiguration$DefaultTemplateResolverConfiguration:104]-- Cannot find template location: classpath:/templates/ (please add some templates or check your Thymeleaf configuration)
[2018-09-18 10:03:20] [WARN ] [org.springframework.boot.autoconfigure.thymeleaf.ThymeleafAutoConfiguration$DefaultTemplateResolverConfiguration:104]-- Cannot find template location: classpath:/templates/ (please add some templates or check your Thymeleaf configuration)
[2018-09-18 10:04:36] [WARN ] [org.springframework.boot.autoconfigure.thymeleaf.ThymeleafAutoConfiguration$DefaultTemplateResolverConfiguration:104]-- Cannot find template location: classpath:/templates/ (please add some templates or check your Thymeleaf configuration)
[2018-09-18 10:06:30] [WARN ] [org.springframework.boot.autoconfigure.thymeleaf.ThymeleafAutoConfiguration$DefaultTemplateResolverConfiguration:104]-- Cannot find template location: classpath:/templates/ (please add some templates or check your Thymeleaf configuration)
[2018-09-18 10:17:26] [WARN ] [org.springframework.boot.autoconfigure.thymeleaf.ThymeleafAutoConfiguration$DefaultTemplateResolverConfiguration:104]-- Cannot find template location: classpath:/templates/ (please add some templates or check your Thymeleaf configuration)
[2018-09-18 10:19:51] [WARN ] [org.springframework.boot.autoconfigure.thymeleaf.ThymeleafAutoConfiguration$DefaultTemplateResolverConfiguration:104]-- Cannot find template location: classpath:/templates/ (please add some templates or check your Thymeleaf configuration)
[2018-09-18 10:21:15] [WARN ] [org.springframework.boot.autoconfigure.thymeleaf.ThymeleafAutoConfiguration$DefaultTemplateResolverConfiguration:104]-- Cannot find template location: classpath:/templates/ (please add some templates or check your Thymeleaf configuration)
[2018-09-18 10:22:33] [WARN ] [org.springframework.boot.autoconfigure.thymeleaf.ThymeleafAutoConfiguration$DefaultTemplateResolverConfiguration:104]-- Cannot find template location: classpath:/templates/ (please add some templates or check your Thymeleaf configuration)
[2018-09-18 10:23:31] [WARN ] [org.springframework.boot.autoconfigure.thymeleaf.ThymeleafAutoConfiguration$DefaultTemplateResolverConfiguration:104]-- Cannot find template location: classpath:/templates/ (please add some templates or check your Thymeleaf configuration)
[2018-09-18 10:24:53] [WARN ] [com.zaxxer.hikari.pool.HikariPool:758]-- HikariPool-1 - Thread starvation or clock leap detected (housekeeper delta=45s833ms179µs381ns).
[2018-09-18 10:25:07] [WARN ] [org.springframework.boot.autoconfigure.thymeleaf.ThymeleafAutoConfiguration$DefaultTemplateResolverConfiguration:104]-- Cannot find template location: classpath:/templates/ (please add some templates or check your Thymeleaf configuration)
[2018-09-18 10:26:20] [WARN ] [org.springframework.boot.autoconfigure.thymeleaf.ThymeleafAutoConfiguration$DefaultTemplateResolverConfiguration:104]-- Cannot find template location: classpath:/templates/ (please add some templates or check your Thymeleaf configuration)
[2018-09-18 10:30:33] [WARN ] [org.springframework.boot.autoconfigure.thymeleaf.ThymeleafAutoConfiguration$DefaultTemplateResolverConfiguration:104]-- Cannot find template location: classpath:/templates/ (please add some templates or check your Thymeleaf configuration)
[2018-09-18 10:33:27] [WARN ] [org.springframework.boot.autoconfigure.thymeleaf.ThymeleafAutoConfiguration$DefaultTemplateResolverConfiguration:104]-- Cannot find template location: classpath:/templates/ (please add some templates or check your Thymeleaf configuration)
[2018-09-18 10:35:32] [WARN ] [org.springframework.boot.autoconfigure.thymeleaf.ThymeleafAutoConfiguration$DefaultTemplateResolverConfiguration:104]-- Cannot find template location: classpath:/templates/ (please add some templates or check your Thymeleaf configuration)
[2018-09-18 10:38:22] [WARN ] [org.springframework.boot.autoconfigure.thymeleaf.ThymeleafAutoConfiguration$DefaultTemplateResolverConfiguration:104]-- Cannot find template location: classpath:/templates/ (please add some templates or check your Thymeleaf configuration)
[2018-09-18 10:38:58] [WARN ] [org.springframework.boot.autoconfigure.thymeleaf.ThymeleafAutoConfiguration$DefaultTemplateResolverConfiguration:104]-- Cannot find template location: classpath:/templates/ (please add some templates or check your Thymeleaf configuration)
[2018-09-18 10:39:31] [WARN ] [org.springframework.boot.autoconfigure.thymeleaf.ThymeleafAutoConfiguration$DefaultTemplateResolverConfiguration:104]-- Cannot find template location: classpath:/templates/ (please add some templates or check your Thymeleaf configuration)
[2018-09-18 10:40:46] [WARN ] [org.springframework.boot.autoconfigure.thymeleaf.ThymeleafAutoConfiguration$DefaultTemplateResolverConfiguration:104]-- Cannot find template location: classpath:/templates/ (please add some templates or check your Thymeleaf configuration)
[2018-09-18 10:41:13] [WARN ] [org.springframework.boot.autoconfigure.thymeleaf.ThymeleafAutoConfiguration$DefaultTemplateResolverConfiguration:104]-- Cannot find template location: classpath:/templates/ (please add some templates or check your Thymeleaf configuration)
[2018-09-18 10:47:59] [WARN ] [org.springframework.boot.autoconfigure.thymeleaf.ThymeleafAutoConfiguration$DefaultTemplateResolverConfiguration:104]-- Cannot find template location: classpath:/templates/ (please add some templates or check your Thymeleaf configuration)
[2018-09-18 10:49:17] [WARN ] [org.springframework.boot.autoconfigure.thymeleaf.ThymeleafAutoConfiguration$DefaultTemplateResolverConfiguration:104]-- Cannot find template location: classpath:/templates/ (please add some templates or check your Thymeleaf configuration)
[2018-09-18 10:50:24] [WARN ] [org.springframework.boot.autoconfigure.thymeleaf.ThymeleafAutoConfiguration$DefaultTemplateResolverConfiguration:104]-- Cannot find template location: classpath:/templates/ (please add some templates or check your Thymeleaf configuration)
[2018-09-18 10:53:57] [WARN ] [org.springframework.boot.autoconfigure.thymeleaf.ThymeleafAutoConfiguration$DefaultTemplateResolverConfiguration:104]-- Cannot find template location: classpath:/templates/ (please add some templates or check your Thymeleaf configuration)
[2018-09-18 11:05:24] [WARN ] [org.springframework.boot.autoconfigure.thymeleaf.ThymeleafAutoConfiguration$DefaultTemplateResolverConfiguration:104]-- Cannot find template location: classpath:/templates/ (please add some templates or check your Thymeleaf configuration)
[2018-09-18 11:07:57] [WARN ] [org.springframework.boot.autoconfigure.thymeleaf.ThymeleafAutoConfiguration$DefaultTemplateResolverConfiguration:104]-- Cannot find template location: classpath:/templates/ (please add some templates or check your Thymeleaf configuration)
[2018-09-18 11:08:44] [WARN ] [org.springframework.boot.autoconfigure.thymeleaf.ThymeleafAutoConfiguration$DefaultTemplateResolverConfiguration:104]-- Cannot find template location: classpath:/templates/ (please add some templates or check your Thymeleaf configuration)
[2018-09-18 11:10:27] [WARN ] [org.springframework.boot.autoconfigure.thymeleaf.ThymeleafAutoConfiguration$DefaultTemplateResolverConfiguration:104]-- Cannot find template location: classpath:/templates/ (please add some templates or check your Thymeleaf configuration)
[2018-09-18 11:12:05] [WARN ] [org.springframework.boot.autoconfigure.thymeleaf.ThymeleafAutoConfiguration$DefaultTemplateResolverConfiguration:104]-- Cannot find template location: classpath:/templates/ (please add some templates or check your Thymeleaf configuration)
[2018-09-18 11:13:17] [WARN ] [org.springframework.boot.autoconfigure.thymeleaf.ThymeleafAutoConfiguration$DefaultTemplateResolverConfiguration:104]-- Cannot find template location: classpath:/templates/ (please add some templates or check your Thymeleaf configuration)
[2018-09-18 11:14:57] [WARN ] [org.springframework.boot.autoconfigure.thymeleaf.ThymeleafAutoConfiguration$DefaultTemplateResolverConfiguration:104]-- Cannot find template location: classpath:/templates/ (please add some templates or check your Thymeleaf configuration)
[2018-09-18 11:15:17] [WARN ] [org.springframework.boot.autoconfigure.thymeleaf.ThymeleafAutoConfiguration$DefaultTemplateResolverConfiguration:104]-- Cannot find template location: classpath:/templates/ (please add some templates or check your Thymeleaf configuration)
[2018-09-18 11:15:34] [WARN ] [org.springframework.boot.autoconfigure.thymeleaf.ThymeleafAutoConfiguration$DefaultTemplateResolverConfiguration:104]-- Cannot find template location: classpath:/templates/ (please add some templates or check your Thymeleaf configuration)
[2018-09-18 11:16:10] [WARN ] [org.springframework.boot.autoconfigure.thymeleaf.ThymeleafAutoConfiguration$DefaultTemplateResolverConfiguration:104]-- Cannot find template location: classpath:/templates/ (please add some templates or check your Thymeleaf configuration)
[2018-09-18 11:21:31] [WARN ] [org.springframework.boot.autoconfigure.thymeleaf.ThymeleafAutoConfiguration$DefaultTemplateResolverConfiguration:104]-- Cannot find template location: classpath:/templates/ (please add some templates or check your Thymeleaf configuration)
[2018-09-18 11:21:59] [WARN ] [org.springframework.boot.autoconfigure.thymeleaf.ThymeleafAutoConfiguration$DefaultTemplateResolverConfiguration:104]-- Cannot find template location: classpath:/templates/ (please add some templates or check your Thymeleaf configuration)
[2018-09-18 11:24:22] [WARN ] [org.springframework.boot.autoconfigure.thymeleaf.ThymeleafAutoConfiguration$DefaultTemplateResolverConfiguration:104]-- Cannot find template location: classpath:/templates/ (please add some templates or check your Thymeleaf configuration)
[2018-09-18 11:25:06] [WARN ] [org.springframework.boot.autoconfigure.thymeleaf.ThymeleafAutoConfiguration$DefaultTemplateResolverConfiguration:104]-- Cannot find template location: classpath:/templates/ (please add some templates or check your Thymeleaf configuration)
[2018-09-18 11:25:31] [WARN ] [org.springframework.boot.autoconfigure.thymeleaf.ThymeleafAutoConfiguration$DefaultTemplateResolverConfiguration:104]-- Cannot find template location: classpath:/templates/ (please add some templates or check your Thymeleaf configuration)
[2018-09-18 11:28:06] [WARN ] [org.springframework.boot.web.servlet.context.AnnotationConfigServletWebServerApplicationContext:558]-- Exception encountered during context initialization - cancelling refresh attempt: org.springframework.beans.factory.UnsatisfiedDependencyException: Error creating bean with name 'commonController': Unsatisfied dependency expressed through field 'commonService'; nested exception is org.springframework.beans.factory.UnsatisfiedDependencyException: Error creating bean with name 'commonServiceImpl': Unsatisfied dependency expressed through field 'commonMapper'; nested exception is org.springframework.beans.factory.UnsatisfiedDependencyException: Error creating bean with name 'commonMapper' defined in file [D:\toheartH\toheart\target\classes\xin\toheart\door\mapper\CommonMapper.class]: Unsatisfied dependency expressed through bean property 'sqlSessionFactory'; nested exception is org.springframework.beans.factory.BeanCreationException: Error creating bean with name 'sqlSessionFactory' defined in class path resource [org/mybatis/spring/boot/autoconfigure/MybatisAutoConfiguration.class]: Bean instantiation via factory method failed; nested exception is org.springframework.beans.BeanInstantiationException: Failed to instantiate [org.apache.ibatis.session.SqlSessionFactory]: Factory method 'sqlSessionFactory' threw exception; nested exception is org.springframework.core.NestedIOException: Failed to parse mapping resource: 'file [D:\toheartH\toheart\target\classes\mapper\CommonMapper.xml]'; nested exception is org.apache.ibatis.builder.BuilderException: Error parsing Mapper XML. Cause: java.lang.IllegalArgumentException: Mapped Statements collection already contains value for xin.toheart.door.mapper.CommonMapper.getCommentList
[2018-09-18 11:29:27] [WARN ] [org.springframework.boot.autoconfigure.thymeleaf.ThymeleafAutoConfiguration$DefaultTemplateResolverConfiguration:104]-- Cannot find template location: classpath:/templates/ (please add some templates or check your Thymeleaf configuration)
[2018-09-18 11:30:49] [WARN ] [org.springframework.boot.autoconfigure.thymeleaf.ThymeleafAutoConfiguration$DefaultTemplateResolverConfiguration:104]-- Cannot find template location: classpath:/templates/ (please add some templates or check your Thymeleaf configuration)
[2018-09-18 11:36:15] [WARN ] [org.springframework.boot.autoconfigure.thymeleaf.ThymeleafAutoConfiguration$DefaultTemplateResolverConfiguration:104]-- Cannot find template location: classpath:/templates/ (please add some templates or check your Thymeleaf configuration)
[2018-09-18 11:39:07] [WARN ] [org.springframework.boot.autoconfigure.thymeleaf.ThymeleafAutoConfiguration$DefaultTemplateResolverConfiguration:104]-- Cannot find template location: classpath:/templates/ (please add some templates or check your Thymeleaf configuration)
[2018-09-18 17:18:41] [WARN ] [org.springframework.boot.autoconfigure.thymeleaf.ThymeleafAutoConfiguration$DefaultTemplateResolverConfiguration:104]-- Cannot find template location: classpath:/templates/ (please add some templates or check your Thymeleaf configuration)
[2018-09-18 17:22:54] [WARN ] [org.springframework.boot.autoconfigure.thymeleaf.ThymeleafAutoConfiguration$DefaultTemplateResolverConfiguration:104]-- Cannot find template location: classpath:/templates/ (please add some templates or check your Thymeleaf configuration)
[2018-09-18 17:27:00] [WARN ] [org.springframework.boot.autoconfigure.thymeleaf.ThymeleafAutoConfiguration$DefaultTemplateResolverConfiguration:104]-- Cannot find template location: classpath:/templates/ (please add some templates or check your Thymeleaf configuration)
[2018-09-18 17:30:53] [WARN ] [org.springframework.boot.autoconfigure.thymeleaf.ThymeleafAutoConfiguration$DefaultTemplateResolverConfiguration:104]-- Cannot find template location: classpath:/templates/ (please add some templates or check your Thymeleaf configuration)
[2018-09-18 17:33:59] [WARN ] [org.springframework.boot.autoconfigure.thymeleaf.ThymeleafAutoConfiguration$DefaultTemplateResolverConfiguration:104]-- Cannot find template location: classpath:/templates/ (please add some templates or check your Thymeleaf configuration)
[2018-09-18 17:49:08] [WARN ] [com.zaxxer.hikari.pool.PoolBase:173]-- HikariPool-1 - Failed to validate connection com.mysql.jdbc.JDBC4Connection@58f689c (No operations allowed after connection closed.)
[2018-09-18 17:49:09] [WARN ] [com.zaxxer.hikari.pool.PoolBase:173]-- HikariPool-1 - Failed to validate connection com.mysql.jdbc.JDBC4Connection@26010fe5 (No operations allowed after connection closed.)
[2018-09-18 17:49:13] [WARN ] [com.zaxxer.hikari.pool.PoolBase:173]-- HikariPool-1 - Failed to validate connection com.mysql.jdbc.JDBC4Connection@51a90f48 (No operations allowed after connection closed.)
[2018-09-18 17:49:14] [WARN ] [com.zaxxer.hikari.pool.PoolBase:173]-- HikariPool-1 - Failed to validate connection com.mysql.jdbc.JDBC4Connection@3393dee9 (No operations allowed after connection closed.)
[2018-09-18 17:49:18] [WARN ] [com.zaxxer.hikari.pool.PoolBase:173]-- HikariPool-1 - Failed to validate connection com.mysql.jdbc.JDBC4Connection@2f1c4669 (No operations allowed after connection closed.)
[2018-09-18 17:49:19] [WARN ] [com.zaxxer.hikari.pool.PoolBase:173]-- HikariPool-1 - Failed to validate connection com.mysql.jdbc.JDBC4Connection@4db8d929 (No operations allowed after connection closed.)
[2018-09-18 17:49:23] [WARN ] [com.zaxxer.hikari.pool.PoolBase:173]-- HikariPool-1 - Failed to validate connection com.mysql.jdbc.JDBC4Connection@3a009b6c (No operations allowed after connection closed.)
[2018-09-18 17:49:23] [WARN ] [com.zaxxer.hikari.pool.PoolBase:173]-- HikariPool-1 - Failed to validate connection com.mysql.jdbc.JDBC4Connection@14a5789e (No operations allowed after connection closed.)
[2018-09-18 17:49:24] [WARN ] [com.zaxxer.hikari.pool.PoolBase:173]-- HikariPool-1 - Failed to validate connection com.mysql.jdbc.JDBC4Connection@6b898e9 (No operations allowed after connection closed.)
[2018-09-18 17:49:28] [WARN ] [com.zaxxer.hikari.pool.PoolBase:173]-- HikariPool-1 - Failed to validate connection com.mysql.jdbc.JDBC4Connection@526a504 (No operations allowed after connection closed.)
[2018-09-18 17:55:12] [WARN ] [org.springframework.boot.autoconfigure.thymeleaf.ThymeleafAutoConfiguration$DefaultTemplateResolverConfiguration:104]-- Cannot find template location: classpath:/templates/ (please add some templates or check your Thymeleaf configuration)
[2018-09-18 18:06:20] [WARN ] [com.zaxxer.hikari.pool.PoolBase:173]-- HikariPool-1 - Failed to validate connection com.mysql.jdbc.JDBC4Connection@6d9f09cc (No operations allowed after connection closed.)
[2018-09-18 18:06:20] [WARN ] [com.zaxxer.hikari.pool.PoolBase:173]-- HikariPool-1 - Failed to validate connection com.mysql.jdbc.JDBC4Connection@3e62a84 (No operations allowed after connection closed.)
[2018-09-18 18:06:25] [WARN ] [com.zaxxer.hikari.pool.PoolBase:173]-- HikariPool-1 - Failed to validate connection com.mysql.jdbc.JDBC4Connection@3b7793e8 (No operations allowed after connection closed.)
[2018-09-18 18:06:25] [WARN ] [com.zaxxer.hikari.pool.PoolBase:173]-- HikariPool-1 - Failed to validate connection com.mysql.jdbc.JDBC4Connection@42db20bf (No operations allowed after connection closed.)
[2018-09-18 18:06:30] [WARN ] [com.zaxxer.hikari.pool.PoolBase:173]-- HikariPool-1 - Failed to validate connection com.mysql.jdbc.JDBC4Connection@6a7d76b6 (No operations allowed after connection closed.)
[2018-09-18 18:06:30] [WARN ] [com.zaxxer.hikari.pool.PoolBase:173]-- HikariPool-1 - Failed to validate connection com.mysql.jdbc.JDBC4Connection@415366f1 (No operations allowed after connection closed.)
[2018-09-18 18:06:35] [WARN ] [com.zaxxer.hikari.pool.PoolBase:173]-- HikariPool-1 - Failed to validate connection com.mysql.jdbc.JDBC4Connection@73d3c655 (No operations allowed after connection closed.)
[2018-09-18 18:06:35] [WARN ] [com.zaxxer.hikari.pool.PoolBase:173]-- HikariPool-1 - Failed to validate connection com.mysql.jdbc.JDBC4Connection@779d7db0 (No operations allowed after connection closed.)
[2018-09-18 18:06:40] [WARN ] [com.zaxxer.hikari.pool.PoolBase:173]-- HikariPool-1 - Failed to validate connection com.mysql.jdbc.JDBC4Connection@1546d193 (No operations allowed after connection closed.)
[2018-09-18 18:06:40] [WARN ] [com.zaxxer.hikari.pool.PoolBase:173]-- HikariPool-1 - Failed to validate connection com.mysql.jdbc.JDBC4Connection@40f80544 (No operations allowed after connection closed.)
[2018-09-18 18:31:11] [WARN ] [com.zaxxer.hikari.pool.PoolBase:173]-- HikariPool-1 - Failed to validate connection com.mysql.jdbc.JDBC4Connection@1f42f8d1 (No operations allowed after connection closed.)
[2018-09-18 18:31:11] [WARN ] [com.zaxxer.hikari.pool.PoolBase:173]-- HikariPool-1 - Failed to validate connection com.mysql.jdbc.JDBC4Connection@2d4d3d1 (No operations allowed after connection closed.)
[2018-09-18 18:31:11] [WARN ] [com.zaxxer.hikari.pool.PoolBase:173]-- HikariPool-1 - Failed to validate connection com.mysql.jdbc.JDBC4Connection@2d203fdf (No operations allowed after connection closed.)
[2018-09-18 18:31:11] [WARN ] [com.zaxxer.hikari.pool.PoolBase:173]-- HikariPool-1 - Failed to validate connection com.mysql.jdbc.JDBC4Connection@392c3205 (No operations allowed after connection closed.)
[2018-09-18 18:31:16] [WARN ] [com.zaxxer.hikari.pool.PoolBase:173]-- HikariPool-1 - Failed to validate connection com.mysql.jdbc.JDBC4Connection@e8fa320 (No operations allowed after connection closed.)
[2018-09-18 18:31:16] [WARN ] [com.zaxxer.hikari.pool.PoolBase:173]-- HikariPool-1 - Failed to validate connection com.mysql.jdbc.JDBC4Connection@15ba93a1 (No operations allowed after connection closed.)
[2018-09-18 18:31:16] [WARN ] [com.zaxxer.hikari.pool.PoolBase:173]-- HikariPool-1 - Failed to validate connection com.mysql.jdbc.JDBC4Connection@1c9a37f5 (No operations allowed after connection closed.)
[2018-09-18 18:31:16] [WARN ] [com.zaxxer.hikari.pool.PoolBase:173]-- HikariPool-1 - Failed to validate connection com.mysql.jdbc.JDBC4Connection@59009985 (No operations allowed after connection closed.)
[2018-09-18 18:31:21] [WARN ] [com.zaxxer.hikari.pool.PoolBase:173]-- HikariPool-1 - Failed to validate connection com.mysql.jdbc.JDBC4Connection@6b5693a8 (No operations allowed after connection closed.)
[2018-09-18 18:31:21] [WARN ] [com.zaxxer.hikari.pool.PoolBase:173]-- HikariPool-1 - Failed to validate connection com.mysql.jdbc.JDBC4Connection@50b80f72 (No operations allowed after connection closed.)
[2018-09-18 18:43:21] [WARN ] [com.zaxxer.hikari.pool.PoolBase:173]-- HikariPool-1 - Failed to validate connection com.mysql.jdbc.JDBC4Connection@38f5065b (No operations allowed after connection closed.)
[2018-09-18 18:43:23] [WARN ] [com.zaxxer.hikari.pool.PoolBase:173]-- HikariPool-1 - Failed to validate connection com.mysql.jdbc.JDBC4Connection@769dec83 (No operations allowed after connection closed.)
[2018-09-18 18:43:26] [WARN ] [com.zaxxer.hikari.pool.PoolBase:173]-- HikariPool-1 - Failed to validate connection com.mysql.jdbc.JDBC4Connection@6c775857 (No operations allowed after connection closed.)
[2018-09-18 18:43:28] [WARN ] [com.zaxxer.hikari.pool.PoolBase:173]-- HikariPool-1 - Failed to validate connection com.mysql.jdbc.JDBC4Connection@f98c453 (No operations allowed after connection closed.)
[2018-09-18 18:43:28] [WARN ] [com.zaxxer.hikari.pool.PoolBase:173]-- HikariPool-1 - Failed to validate connection com.mysql.jdbc.JDBC4Connection@a260a76 (No operations allowed after connection closed.)
[2018-09-18 18:43:31] [WARN ] [com.zaxxer.hikari.pool.PoolBase:173]-- HikariPool-1 - Failed to validate connection com.mysql.jdbc.JDBC4Connection@22d09d38 (No operations allowed after connection closed.)
[2018-09-18 18:43:33] [WARN ] [com.zaxxer.hikari.pool.PoolBase:173]-- HikariPool-1 - Failed to validate connection com.mysql.jdbc.JDBC4Connection@32d40d27 (No operations allowed after connection closed.)
[2018-09-18 18:43:33] [WARN ] [com.zaxxer.hikari.pool.PoolBase:173]-- HikariPool-1 - Failed to validate connection com.mysql.jdbc.JDBC4Connection@e1fbd71 (No operations allowed after connection closed.)
[2018-09-18 18:43:36] [WARN ] [com.zaxxer.hikari.pool.PoolBase:173]-- HikariPool-1 - Failed to validate connection com.mysql.jdbc.JDBC4Connection@320780e7 (No operations allowed after connection closed.)
[2018-09-18 18:43:38] [WARN ] [com.zaxxer.hikari.pool.PoolBase:173]-- HikariPool-1 - Failed to validate connection com.mysql.jdbc.JDBC4Connection@113a6acc (No operations allowed after connection closed.)
