[2018-07-16 21:49:09] [WARN ] [org.thymeleaf.templatemode.TemplateMode:150]-- [THYMELEAF][main] Template Mode 'LEGACYHTML5' is deprecated. Using Template Mode 'HTML' instead.
[2018-07-16 21:51:32] [WARN ] [org.thymeleaf.templatemode.TemplateMode:150]-- [THYMELEAF][main] Template Mode 'LEGACYHTML5' is deprecated. Using Template Mode 'HTML' instead.
[2018-07-16 22:15:04] [WARN ] [org.thymeleaf.templatemode.TemplateMode:150]-- [THYMELEAF][main] Template Mode 'LEGACYHTML5' is deprecated. Using Template Mode 'HTML' instead.
[2018-07-16 22:15:56] [WARN ] [xin.toheart.door.controller.ConfessionController:30]-- warn
[2018-07-16 22:16:33] [WARN ] [xin.toheart.door.controller.ConfessionController:30]-- warn
[2018-07-16 22:16:34] [WARN ] [xin.toheart.door.controller.ConfessionController:30]-- warn
[2018-07-16 22:16:34] [WARN ] [xin.toheart.door.controller.ConfessionController:30]-- warn
[2018-07-16 22:18:39] [WARN ] [org.thymeleaf.templatemode.TemplateMode:150]-- [THYMELEAF][main] Template Mode 'LEGACYHTML5' is deprecated. Using Template Mode 'HTML' instead.
[2018-07-16 22:18:42] [WARN ] [xin.toheart.door.controller.ConfessionController:30]-- warn
[2018-07-16 23:43:21] [WARN ] [org.thymeleaf.templatemode.TemplateMode:150]-- [THYMELEAF][main] Template Mode 'LEGACYHTML5' is deprecated. Using Template Mode 'HTML' instead.
[2018-07-16 23:39:39] [WARN ] [org.thymeleaf.templatemode.TemplateMode:150]-- [THYMELEAF][main] Template Mode 'LEGACYHTML5' is deprecated. Using Template Mode 'HTML' instead.
aaaaa[2018-07-17 21:59:30] [WARN ] [org.thymeleaf.templatemode.TemplateMode:150]-- [THYMELEAF][main] Template Mode 'LEGACYHTML5' is deprecated. Using Template Mode 'HTML' instead.
[2018-07-17 22:02:24] [WARN ] [org.thymeleaf.templatemode.TemplateMode:150]-- [THYMELEAF][main] Template Mode 'LEGACYHTML5' is deprecated. Using Template Mode 'HTML' instead.
[2018-07-17 22:03:50] [WARN ] [org.thymeleaf.templatemode.TemplateMode:150]-- [THYMELEAF][main] Template Mode 'LEGACYHTML5' is deprecated. Using Template Mode 'HTML' instead.
[2018-07-17 22:10:21] [WARN ] [org.thymeleaf.templatemode.TemplateMode:150]-- [THYMELEAF][main] Template Mode 'LEGACYHTML5' is deprecated. Using Template Mode 'HTML' instead.
[2018-07-17 22:12:22] [WARN ] [org.thymeleaf.templatemode.TemplateMode:150]-- [THYMELEAF][main] Template Mode 'LEGACYHTML5' is deprecated. Using Template Mode 'HTML' instead.
[2018-07-17 22:13:12] [WARN ] [org.thymeleaf.templatemode.TemplateMode:150]-- [THYMELEAF][main] Template Mode 'LEGACYHTML5' is deprecated. Using Template Mode 'HTML' instead.
[2018-07-17 22:14:33] [WARN ] [org.thymeleaf.templatemode.TemplateMode:150]-- [THYMELEAF][main] Template Mode 'LEGACYHTML5' is deprecated. Using Template Mode 'HTML' instead.
[2018-07-17 22:15:27] [WARN ] [org.thymeleaf.templatemode.TemplateMode:150]-- [THYMELEAF][main] Template Mode 'LEGACYHTML5' is deprecated. Using Template Mode 'HTML' instead.
[2018-07-17 22:16:06] [WARN ] [org.thymeleaf.templatemode.TemplateMode:150]-- [THYMELEAF][main] Template Mode 'LEGACYHTML5' is deprecated. Using Template Mode 'HTML' instead.
[2018-07-17 22:24:18] [WARN ] [org.thymeleaf.templatemode.TemplateMode:150]-- [THYMELEAF][main] Template Mode 'LEGACYHTML5' is deprecated. Using Template Mode 'HTML' instead.
[2018-07-17 22:26:20] [WARN ] [org.thymeleaf.templatemode.TemplateMode:150]-- [THYMELEAF][main] Template Mode 'LEGACYHTML5' is deprecated. Using Template Mode 'HTML' instead.
[2018-07-17 22:26:56] [WARN ] [org.springframework.boot.web.servlet.context.AnnotationConfigServletWebServerApplicationContext:558]-- Exception encountered during context initialization - cancelling refresh attempt: org.springframework.beans.factory.UnsatisfiedDependencyException: Error creating bean with name 'homeController': Unsatisfied dependency expressed through field 'sessionProvider'; nested exception is org.springframework.boot.context.properties.ConfigurationPropertiesBindException: Error creating bean with name 'httpSessionProvider': Could not bind properties to 'HttpSessionProvider' : prefix=Http, ignoreInvalidFields=false, ignoreUnknownFields=true; nested exception is org.springframework.boot.context.properties.source.InvalidConfigurationPropertyNameException: Configuration property name 'Http' is not valid
[2018-07-17 22:30:24] [WARN ] [org.thymeleaf.templatemode.TemplateMode:150]-- [THYMELEAF][main] Template Mode 'LEGACYHTML5' is deprecated. Using Template Mode 'HTML' instead.
[2018-07-17 22:30:41] [WARN ] [org.springframework.web.servlet.PageNotFound:1205]-- No mapping found for HTTP request with URI [/favicon.ico] in DispatcherServlet with name 'dispatcherServlet'
[2018-07-17 22:31:38] [WARN ] [org.thymeleaf.templatemode.TemplateMode:150]-- [THYMELEAF][main] Template Mode 'LEGACYHTML5' is deprecated. Using Template Mode 'HTML' instead.
[2018-07-17 22:33:19] [WARN ] [org.springframework.boot.web.servlet.context.AnnotationConfigServletWebServerApplicationContext:558]-- Exception encountered during context initialization - cancelling refresh attempt: org.springframework.beans.factory.UnsatisfiedDependencyException: Error creating bean with name 'setAttribute' defined in class path resource [xin/toheart/door/web/session/HttpSessionProvider.class]: Unsatisfied dependency expressed through method 'setAttribute' parameter 1; nested exception is org.springframework.beans.factory.BeanCreationException: Error creating bean with name 'getSessionId' defined in class path resource [xin/toheart/door/web/session/HttpSessionProvider.class]: Bean instantiation via factory method failed; nested exception is org.springframework.beans.BeanInstantiationException: Failed to instantiate [java.lang.String]: Factory method 'getSessionId' threw exception; nested exception is java.lang.IllegalStateException: No thread-bound request found: Are you referring to request attributes outside of an actual web request, or processing a request outside of the originally receiving thread? If you are actually operating within a web request and still receive this message, your code is probably running outside of DispatcherServlet/DispatcherPortlet: In this case, use RequestContextListener or RequestContextFilter to expose the current request.
[2018-07-17 22:37:57] [WARN ] [org.springframework.boot.web.servlet.context.AnnotationConfigServletWebServerApplicationContext:558]-- Exception encountered during context initialization - cancelling refresh attempt: org.springframework.beans.factory.UnsatisfiedDependencyException: Error creating bean with name 'homeController': Unsatisfied dependency expressed through field 'sessionProvider'; nested exception is org.springframework.beans.factory.NoUniqueBeanDefinitionException: No qualifying bean of type 'xin.toheart.door.web.session.SessionProvider' available: expected single matching bean but found 2: httpSessionProvider,SessionProvider
[2018-07-17 22:38:55] [WARN ] [org.springframework.boot.web.servlet.context.AnnotationConfigServletWebServerApplicationContext:558]-- Exception encountered during context initialization - cancelling refresh attempt: org.springframework.beans.factory.UnsatisfiedDependencyException: Error creating bean with name 'homeController': Unsatisfied dependency expressed through field 'sessionProvider'; nested exception is org.springframework.beans.factory.NoUniqueBeanDefinitionException: No qualifying bean of type 'xin.toheart.door.web.session.SessionProvider' available: expected single matching bean but found 2: httpSessionProvider,SessionProvider
[2018-07-17 22:39:09] [WARN ] [org.thymeleaf.templatemode.TemplateMode:150]-- [THYMELEAF][main] Template Mode 'LEGACYHTML5' is deprecated. Using Template Mode 'HTML' instead.
[2018-07-17 22:50:27] [WARN ] [org.thymeleaf.templatemode.TemplateMode:150]-- [THYMELEAF][main] Template Mode 'LEGACYHTML5' is deprecated. Using Template Mode 'HTML' instead.
